#
# There is insufficient memory for the Java Runtime Environment to continue.
# Native memory allocation (mmap) failed to map 34603008 bytes for Failed to commit area from 0x000000008da00000 to 0x000000008fb00000 of length 34603008.
# Possible reasons:
#   The system is out of physical RAM or swap space
#   The process is running with CompressedOops enabled, and the Java Heap may be blocking the growth of the native heap
# Possible solutions:
#   Reduce memory load on the system
#   Increase physical memory or swap space
#   Check if swap backing store is full
#   Decrease Java heap size (-Xmx/-Xms)
#   Decrease number of Java threads
#   Decrease Java thread stack sizes (-Xss)
#   Set larger code cache with -XX:ReservedCodeCacheSize=
#   JVM is running with Unscaled Compressed Oops mode in which the Java heap is
#     placed in the first 4GB address space. The Java Heap base address is the
#     maximum limit for the native heap growth. Please use -XX:HeapBaseMinAddress
#     to set the Java Heap base and to place the Java Heap above 4GB virtual address.
# This output file may be truncated or incomplete.
#
#  Out of Memory Error (./src/hotspot/os/windows/os_windows.cpp:3619), pid=4768, tid=2760
#
# JRE version: OpenJDK Runtime Environment (11.0.13) (build 11.0.13+0-b1751.21-8125866)
# Java VM: OpenJDK 64-Bit Server VM (11.0.13+0-b1751.21-8125866, mixed mode, tiered, compressed oops, g1 gc, windows-amd64)
# No core dump will be written. Minidumps are not enabled by default on client versions of Windows
#

---------------  S U M M A R Y ------------

Command Line: org.jetbrains.kotlin.cli.jvm.K2JVMCompiler @C:\Users\MINH PHAT\Downloads\Timetable-master\app\build\20221010_14854025071759490704.compiler.options

Host: Intel(R) Core(TM) i5-8265U CPU @ 1.60GHz, 8 cores, 7G,  Windows 10 , 64 bit Build 19041 (10.0.19041.1889)
Time: Mon Oct 10 15:38:21 2022 SE Asia Standard Time elapsed time: 14.091399 seconds (0d 0h 0m 14s)

---------------  T H R E A D  ---------------

Current thread (0x00000143df732800):  VMThread "VM Thread" [stack: 0x0000003a8bd00000,0x0000003a8be00000] [id=2760]

Stack: [0x0000003a8bd00000,0x0000003a8be00000]
[error occurred during error reporting (printing stack bounds), id 0xc0000005, EXCEPTION_ACCESS_VIOLATION (0xc0000005) at pc=0x00000143c87f112d]

Native frames: (J=compiled Java code, j=interpreted, Vv=VM code, C=native code)
V  [jvm.dll+0x6100fa]
V  [jvm.dll+0x747090]
V  [jvm.dll+0x7486ad]
V  [jvm.dll+0x748ce5]
V  [jvm.dll+0x748c9b]
V  [jvm.dll+0x60f224]
V  [jvm.dll+0x60f9b8]
C  [ntdll.dll+0xa235f]
C  [ntdll.dll+0x514a4]
C  [ntdll.dll+0xa0e8e]
C  0x00000143c87f112d

VM_Operation (0x0000003a8b7ff680): G1CollectForAllocation, mode: safepoint, requested by thread 0x00000143c34fa000


---------------  P R O C E S S  ---------------

Threads class SMR info:
_java_thread_list=0x00000143e12c09e0, length=11, elements={
0x00000143df758800, 0x00000143df766000, 0x00000143e00e8800, 0x00000143e00ea800,
0x00000143e00ec000, 0x00000143e00f1800, 0x00000143df771000, 0x00000143df77d000,
0x00000143e0244800, 0x00000143e0298000, 0x00000143c34fa000
}

Java Threads: ( => current thread )
  0x00000143df758800 JavaThread "Reference Handler" daemon [_thread_blocked, id=3272, stack(0x0000003a8be00000,0x0000003a8bf00000)]
  0x00000143df766000 JavaThread "Finalizer" daemon [_thread_blocked, id=8960, stack(0x0000003a8bf00000,0x0000003a8c000000)]
  0x00000143e00e8800 JavaThread "Signal Dispatcher" daemon [_thread_blocked, id=12088, stack(0x0000003a8c000000,0x0000003a8c100000)]
  0x00000143e00ea800 JavaThread "Attach Listener" daemon [_thread_blocked, id=5652, stack(0x0000003a8c100000,0x0000003a8c200000)]
  0x00000143e00ec000 JavaThread "Service Thread" daemon [_thread_blocked, id=6228, stack(0x0000003a8c200000,0x0000003a8c300000)]
  0x00000143e00f1800 JavaThread "C2 CompilerThread0" daemon [_thread_blocked, id=8012, stack(0x0000003a8c300000,0x0000003a8c400000)]
  0x00000143df771000 JavaThread "C1 CompilerThread0" daemon [_thread_blocked, id=2136, stack(0x0000003a8c400000,0x0000003a8c500000)]
  0x00000143df77d000 JavaThread "Sweeper thread" daemon [_thread_blocked, id=11724, stack(0x0000003a8c500000,0x0000003a8c600000)]
  0x00000143e0244800 JavaThread "Common-Cleaner" daemon [_thread_blocked, id=5660, stack(0x0000003a8c700000,0x0000003a8c800000)]
  0x00000143e0298000 JavaThread "C2 CompilerThread1" daemon [_thread_in_native, id=13224, stack(0x0000003a8c800000,0x0000003a8c900000)]
  0x00000143c34fa000 JavaThread "Unknown thread" [_thread_blocked, id=10028, stack(0x0000003a8b700000,0x0000003a8b800000)]

Other Threads:
=>0x00000143df732800 VMThread "VM Thread" [stack: 0x0000003a8bd00000,0x0000003a8be00000] [id=2760]
  0x00000143e023a000 WatcherThread [stack: 0x0000003a8c600000,0x0000003a8c700000] [id=12124]
  0x00000143c3513800 GCTaskThread "GC Thread#0" [stack: 0x0000003a8b800000,0x0000003a8b900000] [id=3288]
  0x00000143e08b7800 GCTaskThread "GC Thread#1" [stack: 0x0000003a8c900000,0x0000003a8ca00000] [id=5384]
  0x00000143e08b8800 GCTaskThread "GC Thread#2" [stack: 0x0000003a8ca00000,0x0000003a8cb00000] [id=2840]
  0x00000143c3542800 ConcurrentGCThread "G1 Main Marker" [stack: 0x0000003a8b900000,0x0000003a8ba00000] [id=11452]
  0x00000143c3544800 ConcurrentGCThread "G1 Conc#0" [stack: 0x0000003a8ba00000,0x0000003a8bb00000] [id=9552]
  0x00000143e14c0800 ConcurrentGCThread "G1 Conc#1" [stack: 0x0000003a8cb00000,0x0000003a8cc00000] [id=7428]
  0x00000143df5a0800 ConcurrentGCThread "G1 Refine#0" [stack: 0x0000003a8bb00000,0x0000003a8bc00000] [id=8264]
  0x00000143e57f6800 ConcurrentGCThread "G1 Refine#1" [stack: 0x0000003a8cc00000,0x0000003a8cd00000] [id=12016]
  0x00000143df5a1800 ConcurrentGCThread "G1 Young RemSet Sampling" [stack: 0x0000003a8bc00000,0x0000003a8bd00000] [id=1340]

Threads with active compile tasks:
C2 CompilerThread0  14098 9605       4       org.jetbrains.kotlin.resolve.calls.callUtil.CallUtilKt::getResolvedCall (37 bytes)
C1 CompilerThread0  14098 9659       3       org.jetbrains.kotlin.codegen.state.KotlinTypeMapper::mapSignature (387 bytes)
C2 CompilerThread1  14098 9553       4       org.jetbrains.kotlin.metadata.ProtoBuf$Type::writeTo (354 bytes)

VM state:at safepoint (normal execution)

VM Mutex/Monitor currently owned by a thread:  ([mutex/lock_event])
[0x00000143c34f6480] Threads_lock - owner thread: 0x00000143df732800
[0x00000143c34f6d80] Heap_lock - owner thread: 0x00000143c34fa000

Heap address: 0x0000000083800000, size: 1992 MB, Compressed Oops mode: 32-bit
Narrow klass base: 0x0000000000000000, Narrow klass shift: 3
Compressed class space size: 1073741824 Address: 0x0000000100000000

Heap:
 garbage-first heap   total 199680K, used 54143K [0x0000000083800000, 0x0000000100000000)
  region size 1024K, 3 young (3072K), 3 survivors (3072K)
 Metaspace       used 72505K, capacity 73326K, committed 73472K, reserved 1114112K
  class space    used 8124K, capacity 8447K, committed 8448K, reserved 1048576K
Heap Regions: E=young(eden), S=young(survivor), O=old, HS=humongous(starts), HC=humongous(continues), CS=collection set, F=free, A=archive, TAMS=top-at-mark-start (previous, next)
|   0|0x0000000083800000, 0x0000000083900000, 0x0000000083900000|100%|HS|  |TAMS 0x0000000083900000, 0x0000000083800000| Complete 
|   1|0x0000000083900000, 0x0000000083a00000, 0x0000000083a00000|100%|HC|  |TAMS 0x0000000083a00000, 0x0000000083900000| Complete 
|   2|0x0000000083a00000, 0x0000000083b00000, 0x0000000083b00000|100%|HC|  |TAMS 0x0000000083b00000, 0x0000000083a00000| Complete 
|   3|0x0000000083b00000, 0x0000000083c00000, 0x0000000083c00000|100%|HS|  |TAMS 0x0000000083c00000, 0x0000000083b00000| Complete 
|   4|0x0000000083c00000, 0x0000000083d00000, 0x0000000083d00000|100%|HC|  |TAMS 0x0000000083d00000, 0x0000000083c00000| Complete 
|   5|0x0000000083d00000, 0x0000000083e00000, 0x0000000083e00000|100%|HC|  |TAMS 0x0000000083e00000, 0x0000000083d00000| Complete 
|   6|0x0000000083e00000, 0x0000000083f00000, 0x0000000083f00000|100%|HS|  |TAMS 0x0000000083f00000, 0x0000000083e00000| Complete 
|   7|0x0000000083f00000, 0x0000000084000000, 0x0000000084000000|100%|HC|  |TAMS 0x0000000084000000, 0x0000000083f00000| Complete 
|   8|0x0000000084000000, 0x0000000084100000, 0x0000000084100000|100%|HC|  |TAMS 0x0000000084100000, 0x0000000084000000| Complete 
|   9|0x0000000084100000, 0x0000000084200000, 0x0000000084200000|100%| O|  |TAMS 0x0000000084200000, 0x0000000084100000| Untracked 
|  10|0x0000000084200000, 0x0000000084300000, 0x0000000084300000|100%| O|  |TAMS 0x0000000084300000, 0x0000000084200000| Untracked 
|  11|0x0000000084300000, 0x0000000084400000, 0x0000000084400000|100%| O|  |TAMS 0x0000000084400000, 0x0000000084300000| Untracked 
|  12|0x0000000084400000, 0x0000000084500000, 0x0000000084500000|100%| O|  |TAMS 0x0000000084500000, 0x0000000084400000| Untracked 
|  13|0x0000000084500000, 0x0000000084500000, 0x0000000084600000|  0%| F|  |TAMS 0x0000000084500000, 0x0000000084500000| Untracked 
|  14|0x0000000084600000, 0x0000000084600000, 0x0000000084700000|  0%| F|  |TAMS 0x0000000084600000, 0x0000000084600000| Untracked 
|  15|0x0000000084700000, 0x0000000084800000, 0x0000000084800000|100%| O|  |TAMS 0x0000000084800000, 0x0000000084700000| Untracked 
|  16|0x0000000084800000, 0x0000000084900000, 0x0000000084900000|100%| O|  |TAMS 0x0000000084900000, 0x0000000084800000| Untracked 
|  17|0x0000000084900000, 0x0000000084a00000, 0x0000000084a00000|100%| O|  |TAMS 0x0000000084a00000, 0x0000000084900000| Untracked 
|  18|0x0000000084a00000, 0x0000000084b00000, 0x0000000084b00000|100%| O|  |TAMS 0x0000000084b00000, 0x0000000084a00000| Untracked 
|  19|0x0000000084b00000, 0x0000000084c00000, 0x0000000084c00000|100%| O|  |TAMS 0x0000000084c00000, 0x0000000084b00000| Untracked 
|  20|0x0000000084c00000, 0x0000000084d00000, 0x0000000084d00000|100%| O|  |TAMS 0x0000000084d00000, 0x0000000084c00000| Untracked 
|  21|0x0000000084d00000, 0x0000000084e00000, 0x0000000084e00000|100%| O|  |TAMS 0x0000000084e00000, 0x0000000084d00000| Untracked 
|  22|0x0000000084e00000, 0x0000000084f00000, 0x0000000084f00000|100%| O|  |TAMS 0x0000000084f00000, 0x0000000084e00000| Untracked 
|  23|0x0000000084f00000, 0x0000000085000000, 0x0000000085000000|100%| O|  |TAMS 0x0000000085000000, 0x0000000084f00000| Untracked 
|  24|0x0000000085000000, 0x0000000085100000, 0x0000000085100000|100%| O|  |TAMS 0x0000000085100000, 0x0000000085000000| Untracked 
|  25|0x0000000085100000, 0x0000000085200000, 0x0000000085200000|100%| O|  |TAMS 0x0000000085200000, 0x0000000085100000| Untracked 
|  26|0x0000000085200000, 0x0000000085300000, 0x0000000085300000|100%| O|  |TAMS 0x0000000085300000, 0x0000000085200000| Untracked 
|  27|0x0000000085300000, 0x0000000085400000, 0x0000000085400000|100%| O|  |TAMS 0x0000000085400000, 0x0000000085300000| Untracked 
|  28|0x0000000085400000, 0x0000000085500000, 0x0000000085500000|100%| O|  |TAMS 0x0000000085500000, 0x0000000085400000| Untracked 
|  29|0x0000000085500000, 0x0000000085600000, 0x0000000085600000|100%| O|  |TAMS 0x0000000085600000, 0x0000000085500000| Untracked 
|  30|0x0000000085600000, 0x0000000085700000, 0x0000000085700000|100%| O|  |TAMS 0x0000000085700000, 0x0000000085600000| Untracked 
|  31|0x0000000085700000, 0x0000000085800000, 0x0000000085800000|100%| O|  |TAMS 0x0000000085800000, 0x0000000085700000| Untracked 
|  32|0x0000000085800000, 0x0000000085900000, 0x0000000085900000|100%| O|  |TAMS 0x0000000085900000, 0x0000000085800000| Untracked 
|  33|0x0000000085900000, 0x0000000085a00000, 0x0000000085a00000|100%| O|  |TAMS 0x0000000085a00000, 0x0000000085900000| Untracked 
|  34|0x0000000085a00000, 0x0000000085b00000, 0x0000000085b00000|100%| O|  |TAMS 0x0000000085b00000, 0x0000000085a00000| Untracked 
|  35|0x0000000085b00000, 0x0000000085c00000, 0x0000000085c00000|100%| O|  |TAMS 0x0000000085c00000, 0x0000000085b00000| Untracked 
|  36|0x0000000085c00000, 0x0000000085d00000, 0x0000000085d00000|100%| O|  |TAMS 0x0000000085d00000, 0x0000000085c00000| Untracked 
|  37|0x0000000085d00000, 0x0000000085e00000, 0x0000000085e00000|100%| O|  |TAMS 0x0000000085e00000, 0x0000000085d00000| Untracked 
|  38|0x0000000085e00000, 0x0000000085f00000, 0x0000000085f00000|100%| O|  |TAMS 0x0000000085f00000, 0x0000000085e00000| Untracked 
|  39|0x0000000085f00000, 0x0000000086000000, 0x0000000086000000|100%| O|  |TAMS 0x0000000085fcd800, 0x0000000085f00000| Untracked 
|  40|0x0000000086000000, 0x0000000086100000, 0x0000000086100000|100%| O|  |TAMS 0x0000000086000000, 0x0000000086000000| Untracked 
|  41|0x0000000086100000, 0x0000000086200000, 0x0000000086200000|100%| O|  |TAMS 0x0000000086100000, 0x0000000086100000| Untracked 
|  42|0x0000000086200000, 0x0000000086300000, 0x0000000086300000|100%| O|  |TAMS 0x0000000086200000, 0x0000000086200000| Untracked 
|  43|0x0000000086300000, 0x0000000086400000, 0x0000000086400000|100%| O|  |TAMS 0x0000000086300000, 0x0000000086300000| Untracked 
|  44|0x0000000086400000, 0x0000000086500000, 0x0000000086500000|100%| O|  |TAMS 0x0000000086400000, 0x0000000086400000| Untracked 
|  45|0x0000000086500000, 0x0000000086600000, 0x0000000086600000|100%| O|  |TAMS 0x0000000086500000, 0x0000000086500000| Untracked 
|  46|0x0000000086600000, 0x0000000086700000, 0x0000000086700000|100%| O|  |TAMS 0x0000000086600000, 0x0000000086600000| Untracked 
|  47|0x0000000086700000, 0x0000000086800000, 0x0000000086800000|100%| O|  |TAMS 0x0000000086700000, 0x0000000086700000| Untracked 
|  48|0x0000000086800000, 0x0000000086900000, 0x0000000086900000|100%| O|  |TAMS 0x0000000086800000, 0x0000000086800000| Untracked 
|  49|0x0000000086900000, 0x0000000086a00000, 0x0000000086a00000|100%| O|  |TAMS 0x0000000086900000, 0x0000000086900000| Untracked 
|  50|0x0000000086a00000, 0x0000000086b00000, 0x0000000086b00000|100%| O|  |TAMS 0x0000000086a00000, 0x0000000086a00000| Untracked 
|  51|0x0000000086b00000, 0x0000000086bf4600, 0x0000000086c00000| 95%| O|  |TAMS 0x0000000086b00000, 0x0000000086b00000| Untracked 
|  52|0x0000000086c00000, 0x0000000086c00000, 0x0000000086d00000|  0%| F|  |TAMS 0x0000000086c00000, 0x0000000086c00000| Untracked 
|  53|0x0000000086d00000, 0x0000000086d00000, 0x0000000086e00000|  0%| F|  |TAMS 0x0000000086d00000, 0x0000000086d00000| Untracked 
|  54|0x0000000086e00000, 0x0000000086e00000, 0x0000000086f00000|  0%| F|  |TAMS 0x0000000086e00000, 0x0000000086e00000| Untracked 
|  55|0x0000000086f00000, 0x0000000086f00000, 0x0000000087000000|  0%| F|  |TAMS 0x0000000086f00000, 0x0000000086f00000| Untracked 
|  56|0x0000000087000000, 0x0000000087000000, 0x0000000087100000|  0%| F|  |TAMS 0x0000000087000000, 0x0000000087000000| Untracked 
|  57|0x0000000087100000, 0x0000000087100000, 0x0000000087200000|  0%| F|  |TAMS 0x0000000087100000, 0x0000000087100000| Untracked 
|  58|0x0000000087200000, 0x0000000087200000, 0x0000000087300000|  0%| F|  |TAMS 0x0000000087200000, 0x0000000087200000| Untracked 
|  59|0x0000000087300000, 0x0000000087300000, 0x0000000087400000|  0%| F|  |TAMS 0x0000000087300000, 0x0000000087300000| Untracked 
|  60|0x0000000087400000, 0x0000000087400000, 0x0000000087500000|  0%| F|  |TAMS 0x0000000087400000, 0x0000000087400000| Untracked 
|  61|0x0000000087500000, 0x0000000087500000, 0x0000000087600000|  0%| F|  |TAMS 0x0000000087500000, 0x0000000087500000| Untracked 
|  62|0x0000000087600000, 0x0000000087600000, 0x0000000087700000|  0%| F|  |TAMS 0x0000000087600000, 0x0000000087600000| Untracked 
|  63|0x0000000087700000, 0x0000000087700000, 0x0000000087800000|  0%| F|  |TAMS 0x0000000087700000, 0x0000000087700000| Untracked 
|  64|0x0000000087800000, 0x0000000087800000, 0x0000000087900000|  0%| F|  |TAMS 0x0000000087800000, 0x0000000087800000| Untracked 
|  65|0x0000000087900000, 0x0000000087900000, 0x0000000087a00000|  0%| F|  |TAMS 0x0000000087900000, 0x0000000087900000| Untracked 
|  66|0x0000000087a00000, 0x0000000087a00000, 0x0000000087b00000|  0%| F|  |TAMS 0x0000000087a00000, 0x0000000087a00000| Untracked 
|  67|0x0000000087b00000, 0x0000000087b00000, 0x0000000087c00000|  0%| F|  |TAMS 0x0000000087b00000, 0x0000000087b00000| Untracked 
|  68|0x0000000087c00000, 0x0000000087c00000, 0x0000000087d00000|  0%| F|  |TAMS 0x0000000087c00000, 0x0000000087c00000| Untracked 
|  69|0x0000000087d00000, 0x0000000087d00000, 0x0000000087e00000|  0%| F|  |TAMS 0x0000000087d00000, 0x0000000087d00000| Untracked 
|  70|0x0000000087e00000, 0x0000000087e00000, 0x0000000087f00000|  0%| F|  |TAMS 0x0000000087e00000, 0x0000000087e00000| Untracked 
|  71|0x0000000087f00000, 0x0000000087f00000, 0x0000000088000000|  0%| F|  |TAMS 0x0000000087f00000, 0x0000000087f00000| Untracked 
|  72|0x0000000088000000, 0x0000000088000000, 0x0000000088100000|  0%| F|  |TAMS 0x0000000088000000, 0x0000000088000000| Untracked 
|  73|0x0000000088100000, 0x0000000088100000, 0x0000000088200000|  0%| F|  |TAMS 0x0000000088100000, 0x0000000088100000| Untracked 
|  74|0x0000000088200000, 0x0000000088200000, 0x0000000088300000|  0%| F|  |TAMS 0x0000000088200000, 0x0000000088200000| Untracked 
|  75|0x0000000088300000, 0x0000000088300000, 0x0000000088400000|  0%| F|  |TAMS 0x0000000088300000, 0x0000000088300000| Untracked 
|  76|0x0000000088400000, 0x0000000088400000, 0x0000000088500000|  0%| F|  |TAMS 0x0000000088400000, 0x0000000088400000| Untracked 
|  77|0x0000000088500000, 0x0000000088500000, 0x0000000088600000|  0%| F|  |TAMS 0x0000000088500000, 0x0000000088500000| Untracked 
|  78|0x0000000088600000, 0x0000000088600000, 0x0000000088700000|  0%| F|  |TAMS 0x0000000088600000, 0x0000000088600000| Untracked 
|  79|0x0000000088700000, 0x0000000088700000, 0x0000000088800000|  0%| F|  |TAMS 0x0000000088700000, 0x0000000088700000| Untracked 
|  80|0x0000000088800000, 0x0000000088800000, 0x0000000088900000|  0%| F|  |TAMS 0x0000000088800000, 0x0000000088800000| Untracked 
|  81|0x0000000088900000, 0x0000000088900000, 0x0000000088a00000|  0%| F|  |TAMS 0x0000000088900000, 0x0000000088900000| Untracked 
|  82|0x0000000088a00000, 0x0000000088a00000, 0x0000000088b00000|  0%| F|  |TAMS 0x0000000088a00000, 0x0000000088a00000| Untracked 
|  83|0x0000000088b00000, 0x0000000088b00000, 0x0000000088c00000|  0%| F|  |TAMS 0x0000000088b00000, 0x0000000088b00000| Untracked 
|  84|0x0000000088c00000, 0x0000000088c00000, 0x0000000088d00000|  0%| F|  |TAMS 0x0000000088c00000, 0x0000000088c00000| Untracked 
|  85|0x0000000088d00000, 0x0000000088d00000, 0x0000000088e00000|  0%| F|  |TAMS 0x0000000088d00000, 0x0000000088d00000| Untracked 
|  86|0x0000000088e00000, 0x0000000088e00000, 0x0000000088f00000|  0%| F|  |TAMS 0x0000000088e00000, 0x0000000088e00000| Untracked 
|  87|0x0000000088f00000, 0x0000000088f00000, 0x0000000089000000|  0%| F|  |TAMS 0x0000000088f00000, 0x0000000088f00000| Untracked 
|  88|0x0000000089000000, 0x0000000089000000, 0x0000000089100000|  0%| F|  |TAMS 0x0000000089000000, 0x0000000089000000| Untracked 
|  89|0x0000000089100000, 0x0000000089100000, 0x0000000089200000|  0%| F|  |TAMS 0x0000000089100000, 0x0000000089100000| Untracked 
|  90|0x0000000089200000, 0x0000000089200000, 0x0000000089300000|  0%| F|  |TAMS 0x0000000089200000, 0x0000000089200000| Untracked 
|  91|0x0000000089300000, 0x0000000089300000, 0x0000000089400000|  0%| F|  |TAMS 0x0000000089300000, 0x0000000089300000| Untracked 
|  92|0x0000000089400000, 0x0000000089400000, 0x0000000089500000|  0%| F|  |TAMS 0x0000000089400000, 0x0000000089400000| Untracked 
|  93|0x0000000089500000, 0x0000000089500000, 0x0000000089600000|  0%| F|  |TAMS 0x0000000089500000, 0x0000000089500000| Untracked 
|  94|0x0000000089600000, 0x0000000089600000, 0x0000000089700000|  0%| F|  |TAMS 0x0000000089600000, 0x0000000089600000| Untracked 
|  95|0x0000000089700000, 0x0000000089700000, 0x0000000089800000|  0%| F|  |TAMS 0x0000000089700000, 0x0000000089700000| Untracked 
|  96|0x0000000089800000, 0x0000000089800000, 0x0000000089900000|  0%| F|  |TAMS 0x0000000089800000, 0x0000000089800000| Untracked 
|  97|0x0000000089900000, 0x0000000089900000, 0x0000000089a00000|  0%| F|  |TAMS 0x0000000089900000, 0x0000000089900000| Untracked 
|  98|0x0000000089a00000, 0x0000000089a00000, 0x0000000089b00000|  0%| F|  |TAMS 0x0000000089a00000, 0x0000000089a00000| Untracked 
|  99|0x0000000089b00000, 0x0000000089b00000, 0x0000000089c00000|  0%| F|  |TAMS 0x0000000089b00000, 0x0000000089b00000| Untracked 
| 100|0x0000000089c00000, 0x0000000089c00000, 0x0000000089d00000|  0%| F|  |TAMS 0x0000000089c00000, 0x0000000089c00000| Untracked 
| 101|0x0000000089d00000, 0x0000000089d00000, 0x0000000089e00000|  0%| F|  |TAMS 0x0000000089d00000, 0x0000000089d00000| Untracked 
| 102|0x0000000089e00000, 0x0000000089e00000, 0x0000000089f00000|  0%| F|  |TAMS 0x0000000089e00000, 0x0000000089e00000| Untracked 
| 103|0x0000000089f00000, 0x0000000089f00000, 0x000000008a000000|  0%| F|  |TAMS 0x0000000089f00000, 0x0000000089f00000| Untracked 
| 104|0x000000008a000000, 0x000000008a000000, 0x000000008a100000|  0%| F|  |TAMS 0x000000008a000000, 0x000000008a000000| Untracked 
| 105|0x000000008a100000, 0x000000008a100000, 0x000000008a200000|  0%| F|  |TAMS 0x000000008a100000, 0x000000008a100000| Untracked 
| 106|0x000000008a200000, 0x000000008a2eb6e0, 0x000000008a300000| 91%| S|CS|TAMS 0x000000008a200000, 0x000000008a200000| Complete 
| 107|0x000000008a300000, 0x000000008a400000, 0x000000008a400000|100%| S|CS|TAMS 0x000000008a300000, 0x000000008a300000| Complete 
| 108|0x000000008a400000, 0x000000008a500000, 0x000000008a500000|100%| S|CS|TAMS 0x000000008a400000, 0x000000008a400000| Complete 
| 109|0x000000008a500000, 0x000000008a500000, 0x000000008a600000|  0%| F|  |TAMS 0x000000008a500000, 0x000000008a500000| Untracked 
| 110|0x000000008a600000, 0x000000008a600000, 0x000000008a700000|  0%| F|  |TAMS 0x000000008a600000, 0x000000008a600000| Untracked 
| 111|0x000000008a700000, 0x000000008a700000, 0x000000008a800000|  0%| F|  |TAMS 0x000000008a700000, 0x000000008a700000| Untracked 
| 112|0x000000008a800000, 0x000000008a800000, 0x000000008a900000|  0%| F|  |TAMS 0x000000008a800000, 0x000000008a800000| Untracked 
| 113|0x000000008a900000, 0x000000008a900000, 0x000000008aa00000|  0%| F|  |TAMS 0x000000008a900000, 0x000000008a900000| Untracked 
| 114|0x000000008aa00000, 0x000000008aa00000, 0x000000008ab00000|  0%| F|  |TAMS 0x000000008aa00000, 0x000000008aa00000| Untracked 
| 115|0x000000008ab00000, 0x000000008ab00000, 0x000000008ac00000|  0%| F|  |TAMS 0x000000008ab00000, 0x000000008ab00000| Untracked 
| 116|0x000000008ac00000, 0x000000008ac00000, 0x000000008ad00000|  0%| F|  |TAMS 0x000000008ac00000, 0x000000008ac00000| Untracked 
| 117|0x000000008ad00000, 0x000000008ad00000, 0x000000008ae00000|  0%| F|  |TAMS 0x000000008ad00000, 0x000000008ad00000| Untracked 
| 118|0x000000008ae00000, 0x000000008ae00000, 0x000000008af00000|  0%| F|  |TAMS 0x000000008ae00000, 0x000000008ae00000| Untracked 
| 119|0x000000008af00000, 0x000000008af00000, 0x000000008b000000|  0%| F|  |TAMS 0x000000008af00000, 0x000000008af00000| Untracked 
| 120|0x000000008b000000, 0x000000008b000000, 0x000000008b100000|  0%| F|  |TAMS 0x000000008b000000, 0x000000008b000000| Untracked 
| 121|0x000000008b100000, 0x000000008b100000, 0x000000008b200000|  0%| F|  |TAMS 0x000000008b100000, 0x000000008b100000| Untracked 
| 122|0x000000008b200000, 0x000000008b200000, 0x000000008b300000|  0%| F|  |TAMS 0x000000008b200000, 0x000000008b200000| Untracked 
| 123|0x000000008b300000, 0x000000008b300000, 0x000000008b400000|  0%| F|  |TAMS 0x000000008b300000, 0x000000008b300000| Untracked 
| 124|0x000000008b400000, 0x000000008b400000, 0x000000008b500000|  0%| F|  |TAMS 0x000000008b400000, 0x000000008b400000| Untracked 
| 125|0x000000008b500000, 0x000000008b500000, 0x000000008b600000|  0%| F|  |TAMS 0x000000008b500000, 0x000000008b500000| Untracked 
| 126|0x000000008b600000, 0x000000008b600000, 0x000000008b700000|  0%| F|  |TAMS 0x000000008b600000, 0x000000008b600000| Untracked 
| 127|0x000000008b700000, 0x000000008b700000, 0x000000008b800000|  0%| F|  |TAMS 0x000000008b700000, 0x000000008b700000| Untracked 
| 128|0x000000008b800000, 0x000000008b800000, 0x000000008b900000|  0%| F|  |TAMS 0x000000008b800000, 0x000000008b800000| Untracked 
| 129|0x000000008b900000, 0x000000008b900000, 0x000000008ba00000|  0%| F|  |TAMS 0x000000008b900000, 0x000000008b900000| Untracked 
| 130|0x000000008ba00000, 0x000000008ba00000, 0x000000008bb00000|  0%| F|  |TAMS 0x000000008ba00000, 0x000000008ba00000| Untracked 
| 131|0x000000008bb00000, 0x000000008bb00000, 0x000000008bc00000|  0%| F|  |TAMS 0x000000008bb00000, 0x000000008bb00000| Untracked 
| 132|0x000000008bc00000, 0x000000008bc00000, 0x000000008bd00000|  0%| F|  |TAMS 0x000000008bc00000, 0x000000008bc00000| Untracked 
| 133|0x000000008bd00000, 0x000000008bd00000, 0x000000008be00000|  0%| F|  |TAMS 0x000000008bd00000, 0x000000008bd00000| Untracked 
| 134|0x000000008be00000, 0x000000008be00000, 0x000000008bf00000|  0%| F|  |TAMS 0x000000008be00000, 0x000000008be00000| Untracked 
| 135|0x000000008bf00000, 0x000000008bf00000, 0x000000008c000000|  0%| F|  |TAMS 0x000000008bf00000, 0x000000008bf00000| Untracked 
| 136|0x000000008c000000, 0x000000008c000000, 0x000000008c100000|  0%| F|  |TAMS 0x000000008c000000, 0x000000008c000000| Untracked 
| 137|0x000000008c100000, 0x000000008c100000, 0x000000008c200000|  0%| F|  |TAMS 0x000000008c100000, 0x000000008c100000| Untracked 
| 138|0x000000008c200000, 0x000000008c200000, 0x000000008c300000|  0%| F|  |TAMS 0x000000008c200000, 0x000000008c200000| Untracked 
| 139|0x000000008c300000, 0x000000008c300000, 0x000000008c400000|  0%| F|  |TAMS 0x000000008c300000, 0x000000008c300000| Untracked 
| 140|0x000000008c400000, 0x000000008c400000, 0x000000008c500000|  0%| F|  |TAMS 0x000000008c400000, 0x000000008c400000| Untracked 
| 141|0x000000008c500000, 0x000000008c500000, 0x000000008c600000|  0%| F|  |TAMS 0x000000008c500000, 0x000000008c500000| Untracked 
| 142|0x000000008c600000, 0x000000008c600000, 0x000000008c700000|  0%| F|  |TAMS 0x000000008c600000, 0x000000008c600000| Untracked 
| 143|0x000000008c700000, 0x000000008c700000, 0x000000008c800000|  0%| F|  |TAMS 0x000000008c700000, 0x000000008c700000| Untracked 
| 144|0x000000008c800000, 0x000000008c800000, 0x000000008c900000|  0%| F|  |TAMS 0x000000008c800000, 0x000000008c800000| Untracked 
| 145|0x000000008c900000, 0x000000008c900000, 0x000000008ca00000|  0%| F|  |TAMS 0x000000008c900000, 0x000000008c900000| Untracked 
| 146|0x000000008ca00000, 0x000000008ca00000, 0x000000008cb00000|  0%| F|  |TAMS 0x000000008ca00000, 0x000000008ca00000| Untracked 
| 147|0x000000008cb00000, 0x000000008cb00000, 0x000000008cc00000|  0%| F|  |TAMS 0x000000008cb00000, 0x000000008cb00000| Untracked 
| 148|0x000000008cc00000, 0x000000008cc00000, 0x000000008cd00000|  0%| F|  |TAMS 0x000000008cc00000, 0x000000008cc00000| Untracked 
| 149|0x000000008cd00000, 0x000000008cd00000, 0x000000008ce00000|  0%| F|  |TAMS 0x000000008cd00000, 0x000000008cd00000| Untracked 
| 150|0x000000008ce00000, 0x000000008ce00000, 0x000000008cf00000|  0%| F|  |TAMS 0x000000008ce00000, 0x000000008ce00000| Untracked 
| 151|0x000000008cf00000, 0x000000008cf00000, 0x000000008d000000|  0%| F|  |TAMS 0x000000008cf00000, 0x000000008cf00000| Untracked 
| 152|0x000000008d000000, 0x000000008d000000, 0x000000008d100000|  0%| F|  |TAMS 0x000000008d000000, 0x000000008d000000| Untracked 
| 153|0x000000008d100000, 0x000000008d100000, 0x000000008d200000|  0%| F|  |TAMS 0x000000008d100000, 0x000000008d100000| Untracked 
| 154|0x000000008d200000, 0x000000008d200000, 0x000000008d300000|  0%| F|  |TAMS 0x000000008d200000, 0x000000008d200000| Untracked 
| 155|0x000000008d300000, 0x000000008d300000, 0x000000008d400000|  0%| F|  |TAMS 0x000000008d300000, 0x000000008d300000| Untracked 
| 156|0x000000008d400000, 0x000000008d400000, 0x000000008d500000|  0%| F|  |TAMS 0x000000008d400000, 0x000000008d400000| Untracked 
| 157|0x000000008d500000, 0x000000008d500000, 0x000000008d600000|  0%| F|  |TAMS 0x000000008d500000, 0x000000008d500000| Untracked 
| 158|0x000000008d600000, 0x000000008d600000, 0x000000008d700000|  0%| F|  |TAMS 0x000000008d600000, 0x000000008d600000| Untracked 
| 159|0x000000008d700000, 0x000000008d700000, 0x000000008d800000|  0%| F|  |TAMS 0x000000008d700000, 0x000000008d700000| Untracked 
| 160|0x000000008d800000, 0x000000008d800000, 0x000000008d900000|  0%| F|  |TAMS 0x000000008d800000, 0x000000008d800000| Untracked 
| 161|0x000000008d900000, 0x000000008d900000, 0x000000008da00000|  0%| F|  |TAMS 0x000000008d900000, 0x000000008d900000| Untracked 

Card table byte_map: [0x00000143d8660000,0x00000143d8a50000] _byte_map_base: 0x00000143d8244000

Marking Bits (Prev, Next): (CMBitMap*) 0x00000143c3539b80, (CMBitMap*) 0x00000143c3539b48
 Prev Bits: [0x00000143dad60000, 0x00000143dcc80000)
 Next Bits: [0x00000143d8e40000, 0x00000143dad60000)

Polling page: 0x00000143c35e0000

Metaspace:

Usage:
  Non-class:     63.36 MB capacity,    62.87 MB (>99%) used,   373.39 KB ( <1%) free+waste,   124.19 KB ( <1%) overhead. 
      Class:      8.25 MB capacity,     7.93 MB ( 96%) used,   268.75 KB (  3%) free+waste,    53.75 KB ( <1%) overhead. 
       Both:     71.61 MB capacity,    70.81 MB ( 99%) used,   642.14 KB ( <1%) free+waste,   177.94 KB ( <1%) overhead. 

Virtual space:
  Non-class space:       64.00 MB reserved,      63.50 MB (>99%) committed 
      Class space:        1.00 GB reserved,       8.25 MB ( <1%) committed 
             Both:        1.06 GB reserved,      71.75 MB (  7%) committed 

Chunk freelists:
   Non-Class:  17.00 KB
       Class:  1.00 KB
        Both:  18.00 KB

MaxMetaspaceSize: 17179869184.00 GB
CompressedClassSpaceSize: 1.00 GB
Initial GC threshold: 20.80 MB
Current GC threshold: 98.34 MB
CDS: off

CodeHeap 'non-profiled nmethods': size=120000Kb used=4208Kb max_used=4208Kb free=115791Kb
 bounds [0x00000143d02c0000, 0x00000143d06e0000, 0x00000143d77f0000]
CodeHeap 'profiled nmethods': size=120000Kb used=24658Kb max_used=24658Kb free=95341Kb
 bounds [0x00000143c8d90000, 0x00000143ca5b0000, 0x00000143d02c0000]
CodeHeap 'non-nmethods': size=5760Kb used=1308Kb max_used=1346Kb free=4451Kb
 bounds [0x00000143c87f0000, 0x00000143c8a60000, 0x00000143c8d90000]
 total_blobs=10137 nmethods=9536 adapters=512
 compilation: enabled
              stopped_count=0, restarted_count=0
 full_count=0

Compilation events (20 events):
Event: 14.046 Thread 0x00000143df771000 nmethod 9656 0x00000143ca591810 code [0x00000143ca591ac0, 0x00000143ca5927e8]
Event: 14.046 Thread 0x00000143df771000 9657       3       org.jetbrains.kotlin.builtins.KotlinBuiltIns::isNotNullConstructedFromGivenClass (39 bytes)
Event: 14.047 Thread 0x00000143df771000 nmethod 9657 0x00000143ca592b90 code [0x00000143ca592dc0, 0x00000143ca593308]
Event: 14.047 Thread 0x00000143df771000 9646       3       org.jetbrains.kotlin.load.java.SpecialBuiltinMembers::getOverriddenBuiltinThatAffectsJvmName (19 bytes)
Event: 14.047 Thread 0x00000143df771000 nmethod 9646 0x00000143ca593490 code [0x00000143ca593680, 0x00000143ca593a68]
Event: 14.047 Thread 0x00000143df771000 9648       3       org.jetbrains.kotlin.codegen.state.KotlinTypeMapper::mapFunctionName (521 bytes)
Event: 14.056 Thread 0x00000143df771000 nmethod 9648 0x00000143ca593b90 code [0x00000143ca594720, 0x00000143ca59b678]
Event: 14.056 Thread 0x00000143df771000 9651       3       org.jetbrains.kotlin.load.kotlin.KotlinJvmBinaryClassUtilKt::getContainingKotlinJvmBinaryClass (135 bytes)
Event: 14.059 Thread 0x00000143df771000 nmethod 9651 0x00000143ca59d510 code [0x00000143ca59d9c0, 0x00000143ca59fda8]
Event: 14.059 Thread 0x00000143df771000 9654       3       org.jetbrains.kotlin.resolve.InlineClassDescriptorResolver::isSynthesizedBoxOrUnboxMethod (52 bytes)
Event: 14.060 Thread 0x00000143df771000 nmethod 9654 0x00000143ca5a0790 code [0x00000143ca5a0a20, 0x00000143ca5a1428]
Event: 14.060 Thread 0x00000143df771000 9655       3       org.jetbrains.kotlin.codegen.state.InlineClassManglingUtilsKt::collectFunctionSignatureForManglingSuffix (77 bytes)
Event: 14.062 Thread 0x00000143df771000 nmethod 9655 0x00000143ca5a1790 code [0x00000143ca5a1b80, 0x00000143ca5a3168]
Event: 14.062 Thread 0x00000143df771000 9658       3       kotlin.sequences.DropSequence$iterator$1::next (14 bytes)
Event: 14.062 Thread 0x00000143df771000 nmethod 9658 0x00000143ca5a3990 code [0x00000143ca5a3b60, 0x00000143ca5a3d58]
Event: 14.062 Thread 0x00000143df771000 9652       3       org.jetbrains.kotlin.codegen.state.KotlinTypeMapper$mapSignature$1::invoke (9 bytes)
Event: 14.062 Thread 0x00000143df771000 nmethod 9652 0x00000143ca5a3e10 code [0x00000143ca5a3fe0, 0x00000143ca5a4308]
Event: 14.062 Thread 0x00000143df771000 9653       3       org.jetbrains.kotlin.codegen.state.KotlinTypeMapper$mapSignature$1::invoke (7 bytes)
Event: 14.062 Thread 0x00000143df771000 nmethod 9653 0x00000143ca5a4410 code [0x00000143ca5a45c0, 0x00000143ca5a4788]
Event: 14.062 Thread 0x00000143df771000 9659       3       org.jetbrains.kotlin.codegen.state.KotlinTypeMapper::mapSignature (387 bytes)

GC Heap History (19 events):
Event: 0.753 GC heap before
{Heap before GC invocations=0 (full 0):
 garbage-first heap   total 129024K, used 27648K [0x0000000083800000, 0x0000000100000000)
  region size 1024K, 24 young (24576K), 0 survivors (0K)
 Metaspace       used 12423K, capacity 12556K, committed 12800K, reserved 1060864K
  class space    used 1149K, capacity 1183K, committed 1280K, reserved 1048576K
}
Event: 0.757 GC heap after
{Heap after GC invocations=1 (full 0):
 garbage-first heap   total 129024K, used 5890K [0x0000000083800000, 0x0000000100000000)
  region size 1024K, 3 young (3072K), 3 survivors (3072K)
 Metaspace       used 12423K, capacity 12556K, committed 12800K, reserved 1060864K
  class space    used 1149K, capacity 1183K, committed 1280K, reserved 1048576K
}
Event: 1.616 GC heap before
{Heap before GC invocations=1 (full 0):
 garbage-first heap   total 129024K, used 41730K [0x0000000083800000, 0x0000000100000000)
  region size 1024K, 39 young (39936K), 3 survivors (3072K)
 Metaspace       used 21042K, capacity 21227K, committed 21248K, reserved 1069056K
  class space    used 2199K, capacity 2286K, committed 2304K, reserved 1048576K
}
Event: 1.631 GC heap after
{Heap after GC invocations=2 (full 0):
 garbage-first heap   total 129024K, used 9411K [0x0000000083800000, 0x0000000100000000)
  region size 1024K, 7 young (7168K), 7 survivors (7168K)
 Metaspace       used 21042K, capacity 21227K, committed 21248K, reserved 1069056K
  class space    used 2199K, capacity 2286K, committed 2304K, reserved 1048576K
}
Event: 3.154 GC heap before
{Heap before GC invocations=3 (full 0):
 garbage-first heap   total 129024K, used 70851K [0x0000000083800000, 0x0000000100000000)
  region size 1024K, 55 young (56320K), 7 survivors (7168K)
 Metaspace       used 30400K, capacity 30816K, committed 30976K, reserved 1077248K
  class space    used 3568K, capacity 3726K, committed 3840K, reserved 1048576K
}
Event: 3.183 GC heap after
{Heap after GC invocations=4 (full 0):
 garbage-first heap   total 129024K, used 24092K [0x0000000083800000, 0x0000000100000000)
  region size 1024K, 7 young (7168K), 7 survivors (7168K)
 Metaspace       used 30400K, capacity 30816K, committed 30976K, reserved 1077248K
  class space    used 3568K, capacity 3726K, committed 3840K, reserved 1048576K
}
Event: 4.115 GC heap before
{Heap before GC invocations=4 (full 0):
 garbage-first heap   total 129024K, used 48668K [0x0000000083800000, 0x0000000100000000)
  region size 1024K, 32 young (32768K), 7 survivors (7168K)
 Metaspace       used 35348K, capacity 35724K, committed 35840K, reserved 1081344K
  class space    used 4104K, capacity 4250K, committed 4352K, reserved 1048576K
}
Event: 4.146 GC heap after
{Heap after GC invocations=5 (full 0):
 garbage-first heap   total 129024K, used 24576K [0x0000000083800000, 0x0000000100000000)
  region size 1024K, 3 young (3072K), 3 survivors (3072K)
 Metaspace       used 35348K, capacity 35724K, committed 35840K, reserved 1081344K
  class space    used 4104K, capacity 4250K, committed 4352K, reserved 1048576K
}
Event: 6.257 GC heap before
{Heap before GC invocations=6 (full 0):
 garbage-first heap   total 129024K, used 90112K [0x0000000083800000, 0x0000000100000000)
  region size 1024K, 64 young (65536K), 3 survivors (3072K)
 Metaspace       used 47154K, capacity 47735K, committed 48000K, reserved 1091584K
  class space    used 5493K, capacity 5710K, committed 5760K, reserved 1048576K
}
Event: 6.283 GC heap after
{Heap after GC invocations=7 (full 0):
 garbage-first heap   total 129024K, used 34816K [0x0000000083800000, 0x0000000100000000)
  region size 1024K, 8 young (8192K), 8 survivors (8192K)
 Metaspace       used 47154K, capacity 47735K, committed 48000K, reserved 1091584K
  class space    used 5493K, capacity 5710K, committed 5760K, reserved 1048576K
}
Event: 6.296 GC heap before
{Heap before GC invocations=7 (full 0):
 garbage-first heap   total 129024K, used 35840K [0x0000000083800000, 0x0000000100000000)
  region size 1024K, 9 young (9216K), 8 survivors (8192K)
 Metaspace       used 47161K, capacity 47735K, committed 48000K, reserved 1091584K
  class space    used 5493K, capacity 5710K, committed 5760K, reserved 1048576K
}
Event: 6.316 GC heap after
{Heap after GC invocations=8 (full 0):
 garbage-first heap   total 165888K, used 36293K [0x0000000083800000, 0x0000000100000000)
  region size 1024K, 1 young (1024K), 1 survivors (1024K)
 Metaspace       used 47161K, capacity 47735K, committed 48000K, reserved 1091584K
  class space    used 5493K, capacity 5710K, committed 5760K, reserved 1048576K
}
Event: 7.837 GC heap before
{Heap before GC invocations=8 (full 0):
 garbage-first heap   total 165888K, used 85445K [0x0000000083800000, 0x0000000100000000)
  region size 1024K, 49 young (50176K), 1 survivors (1024K)
 Metaspace       used 52983K, capacity 53606K, committed 53760K, reserved 1097728K
  class space    used 6120K, capacity 6358K, committed 6400K, reserved 1048576K
}
Event: 7.856 GC heap after
{Heap after GC invocations=9 (full 0):
 garbage-first heap   total 165888K, used 40843K [0x0000000083800000, 0x0000000100000000)
  region size 1024K, 6 young (6144K), 6 survivors (6144K)
 Metaspace       used 52983K, capacity 53606K, committed 53760K, reserved 1097728K
  class space    used 6120K, capacity 6358K, committed 6400K, reserved 1048576K
}
Event: 9.468 GC heap before
{Heap before GC invocations=9 (full 0):
 garbage-first heap   total 165888K, used 72587K [0x0000000083800000, 0x0000000100000000)
  region size 1024K, 38 young (38912K), 6 survivors (6144K)
 Metaspace       used 59290K, capacity 59986K, committed 60160K, reserved 1101824K
  class space    used 7011K, capacity 7312K, committed 7424K, reserved 1048576K
}
Event: 9.488 GC heap after
{Heap after GC invocations=10 (full 0):
 garbage-first heap   total 165888K, used 44854K [0x0000000083800000, 0x0000000100000000)
  region size 1024K, 4 young (4096K), 4 survivors (4096K)
 Metaspace       used 59290K, capacity 59986K, committed 60160K, reserved 1101824K
  class space    used 7011K, capacity 7312K, committed 7424K, reserved 1048576K
}
Event: 12.373 GC heap before
{Heap before GC invocations=11 (full 0):
 garbage-first heap   total 165888K, used 101174K [0x0000000083800000, 0x0000000100000000)
  region size 1024K, 58 young (59392K), 4 survivors (4096K)
 Metaspace       used 63344K, capacity 64161K, committed 64512K, reserved 1105920K
  class space    used 7265K, capacity 7579K, committed 7680K, reserved 1048576K
}
Event: 12.399 GC heap after
{Heap after GC invocations=12 (full 0):
 garbage-first heap   total 165888K, used 52799K [0x0000000083800000, 0x0000000100000000)
  region size 1024K, 8 young (8192K), 8 survivors (8192K)
 Metaspace       used 63344K, capacity 64161K, committed 64512K, reserved 1105920K
  class space    used 7265K, capacity 7579K, committed 7680K, reserved 1048576K
}
Event: 14.067 GC heap before
{Heap before GC invocations=12 (full 0):
 garbage-first heap   total 165888K, used 106047K [0x0000000083800000, 0x0000000100000000)
  region size 1024K, 61 young (62464K), 8 survivors (8192K)
 Metaspace       used 72505K, capacity 73326K, committed 73472K, reserved 1114112K
  class space    used 8124K, capacity 8447K, committed 8448K, reserved 1048576K
}

Deoptimization events (20 events):
Event: 13.886 Thread 0x00000143c34fa000 Uncommon trap: trap_request=0xffffff4d fr.pc=0x00000143d06c04a4 relative=0x0000000000002b84
Event: 13.886 Thread 0x00000143c34fa000 Uncommon trap: reason=unstable_if action=reinterpret pc=0x00000143d06c04a4 method=org.jetbrains.org.objectweb.asm.tree.analysis.Frame.execute(Lorg/jetbrains/org/objectweb/asm/tree/AbstractInsnNode;Lorg/jetbrains/org/objectweb/asm/tree/analysis/Interpreter
Event: 13.886 Thread 0x00000143c34fa000 DEOPT PACKING pc=0x00000143d06c04a4 sp=0x0000003a8b7fdb80
Event: 13.886 Thread 0x00000143c34fa000 DEOPT UNPACKING pc=0x00000143c883a1af sp=0x0000003a8b7fdb60 mode 2
Event: 13.927 Thread 0x00000143c34fa000 Uncommon trap: trap_request=0xffffffcc fr.pc=0x00000143d06d02cc relative=0x000000000000028c
Event: 13.927 Thread 0x00000143c34fa000 Uncommon trap: reason=intrinsic_or_type_checked_inlining action=make_not_entrant pc=0x00000143d06d02cc method=java.util.ArrayList.toArray([Ljava/lang/Object;)[Ljava/lang/Object; @ 36 c2
Event: 13.927 Thread 0x00000143c34fa000 DEOPT PACKING pc=0x00000143d06d02cc sp=0x0000003a8b7fd6f0
Event: 13.927 Thread 0x00000143c34fa000 DEOPT UNPACKING pc=0x00000143c883a1af sp=0x0000003a8b7fd6a0 mode 2
Event: 13.961 Thread 0x00000143c34fa000 Uncommon trap: trap_request=0xffffffdc fr.pc=0x00000143d06d4204 relative=0x0000000000000244
Event: 13.961 Thread 0x00000143c34fa000 Uncommon trap: reason=class_check action=make_not_entrant pc=0x00000143d06d4204 method=java.util.ArrayList.toArray([Ljava/lang/Object;)[Ljava/lang/Object; @ 21 c2
Event: 13.961 Thread 0x00000143c34fa000 DEOPT PACKING pc=0x00000143d06d4204 sp=0x0000003a8b7fcc70
Event: 13.961 Thread 0x00000143c34fa000 DEOPT UNPACKING pc=0x00000143c883a1af sp=0x0000003a8b7fcc40 mode 2
Event: 13.997 Thread 0x00000143c34fa000 Uncommon trap: trap_request=0xffffffde fr.pc=0x00000143d04bf550 relative=0x0000000000000530
Event: 13.997 Thread 0x00000143c34fa000 Uncommon trap: reason=class_check action=maybe_recompile pc=0x00000143d04bf550 method=java.util.regex.Matcher.search(I)Z @ 121 c2
Event: 13.997 Thread 0x00000143c34fa000 DEOPT PACKING pc=0x00000143d04bf550 sp=0x0000003a8b7fc780
Event: 13.997 Thread 0x00000143c34fa000 DEOPT UNPACKING pc=0x00000143c883a1af sp=0x0000003a8b7fc750 mode 2
Event: 14.049 Thread 0x00000143c34fa000 Uncommon trap: trap_request=0xffffffc6 fr.pc=0x00000143d043b7fc relative=0x000000000000089c
Event: 14.049 Thread 0x00000143c34fa000 Uncommon trap: reason=bimorphic_or_optimized_type_check action=maybe_recompile pc=0x00000143d043b7fc method=org.jetbrains.kotlin.protobuf.CodedOutputStream.refreshBuffer()V @ 28 c2
Event: 14.049 Thread 0x00000143c34fa000 DEOPT PACKING pc=0x00000143d043b7fc sp=0x0000003a8b7fe600
Event: 14.049 Thread 0x00000143c34fa000 DEOPT UNPACKING pc=0x00000143c883a1af sp=0x0000003a8b7fe5f0 mode 2

Classes redefined (0 events):
No events

Internal exceptions (20 events):
Event: 9.347 Thread 0x00000143c34fa000 Exception <a 'java/lang/NoSuchMethodError'{0x000000008bb19378}: 'java.lang.Object java.lang.invoke.DirectMethodHandle$Holder.invokeStatic(java.lang.Object, int, java.lang.Object, java.lang.Object)'> (0x000000008bb19378) thrown at [./src/hotspot/share/interpreter/linkResolver.cpp, line 773]
Event: 9.350 Thread 0x00000143c34fa000 Exception <a 'java/lang/NoSuchMethodError'{0x000000008bb240f0}: 'int java.lang.invoke.DirectMethodHandle$Holder.invokeInterface(java.lang.Object, java.lang.Object)'> (0x000000008bb240f0) thrown at [./src/hotspot/share/interpreter/linkResolver.cpp, line 773]
Event: 9.595 Thread 0x00000143c34fa000 Exception <a 'java/lang/NoSuchMethodError'{0x000000008d8a36a0}: 'java.lang.Object java.lang.invoke.Invokers$Holder.linkToTargetMethod(java.lang.Object, java.lang.Object, java.lang.Object, java.lang.Object, java.lang.Object, java.lang.Object, java.lang.Object)'> (0x000000008d8a36a0) thrown at [./src/hotspot/share/interpreter/linkResolver.cpp, line 773]
Event: 11.725 Thread 0x00000143c34fa000 Implicit null exception at 0x00000143d04d50f4 to 0x00000143d04d56e4
Event: 12.614 Thread 0x00000143c34fa000 Implicit null exception at 0x00000143d031d375 to 0x00000143d031d53c
Event: 12.965 Thread 0x00000143c34fa000 Implicit null exception at 0x00000143d04a37d3 to 0x00000143d04a3a94
Event: 13.253 Thread 0x00000143c34fa000 Exception <a 'java/lang/NoSuchMethodError'{0x000000008bd8fc90}: 'java.lang.Object java.lang.invoke.DirectMethodHandle$Holder.invokeStatic(java.lang.Object, java.lang.Object, java.lang.Object, int, int, java.lang.Object, java.lang.Object, java.lang.Object, java.lang.Object)'> (0x000000008bd8fc90) thrown at [./src/hotspot/share/interpreter/linkResolver.cpp, line 773]
Event: 13.407 Thread 0x00000143c34fa000 Exception <a 'java/lang/NoSuchMethodError'{0x000000008b82cc68}: 'java.lang.Object java.lang.invoke.DirectMethodHandle$Holder.invokeSpecial(java.lang.Object, java.lang.Object, java.lang.Object, java.lang.Object, java.lang.Object, java.lang.Object, java.lang.Object, java.lang.Object, int, java.lang.Object)'> (0x000000008b82cc68) thrown at [./src/hotspot/share/interpreter/linkResolver.cpp, line 773]
Event: 13.409 Thread 0x00000143c34fa000 Exception <a 'java/lang/NoSuchMethodError'{0x000000008b837a80}: 'java.lang.Object java.lang.invoke.DirectMethodHandle$Holder.invokeStatic(java.lang.Object, java.lang.Object, java.lang.Object, java.lang.Object, java.lang.Object, java.lang.Object, java.lang.Object, java.lang.Object, int)'> (0x000000008b837a80) thrown at [./src/hotspot/share/interpreter/linkResolver.cpp, line 773]
Event: 13.409 Thread 0x00000143c34fa000 Exception <a 'java/lang/NoSuchMethodError'{0x000000008b83c280}: 'java.lang.Object java.lang.invoke.DirectMethodHandle$Holder.invokeSpecial(java.lang.Object, java.lang.Object, java.lang.Object, java.lang.Object, java.lang.Object, java.lang.Object, java.lang.Object, java.lang.Object, java.lang.Object, int)'> (0x000000008b83c280) thrown at [./src/hotspot/share/interpreter/linkResolver.cpp, line 773]
Event: 13.630 Thread 0x00000143c34fa000 Exception <a 'java/lang/NoSuchMethodError'{0x000000008b16b508}: 'java.lang.Object java.lang.invoke.DirectMethodHandle$Holder.invokeStatic(java.lang.Object, java.lang.Object, java.lang.Object, java.lang.Object, java.lang.Object, int)'> (0x000000008b16b508) thrown at [./src/hotspot/share/interpreter/linkResolver.cpp, line 773]
Event: 13.631 Thread 0x00000143c34fa000 Exception <a 'java/lang/NoSuchMethodError'{0x000000008b16f288}: 'java.lang.Object java.lang.invoke.DirectMethodHandle$Holder.invokeSpecial(java.lang.Object, java.lang.Object, java.lang.Object, java.lang.Object, java.lang.Object, java.lang.Object, int)'> (0x000000008b16f288) thrown at [./src/hotspot/share/interpreter/linkResolver.cpp, line 773]
Event: 13.860 Thread 0x00000143c34fa000 Exception <a 'java/lang/NoSuchMethodError'{0x000000008a901cc0}: 'java.lang.Object java.lang.invoke.DirectMethodHandle$Holder.invokeSpecial(java.lang.Object, java.lang.Object, java.lang.Object, int, java.lang.Object, java.lang.Object, java.lang.Object)'> (0x000000008a901cc0) thrown at [./src/hotspot/share/interpreter/linkResolver.cpp, line 773]
Event: 13.861 Thread 0x00000143c34fa000 Exception <a 'java/lang/NoSuchMethodError'{0x000000008a90af58}: 'java.lang.Object java.lang.invoke.DirectMethodHandle$Holder.invokeStatic(java.lang.Object, java.lang.Object, java.lang.Object, int, java.lang.Object, java.lang.Object)'> (0x000000008a90af58) thrown at [./src/hotspot/share/interpreter/linkResolver.cpp, line 773]
Event: 13.861 Thread 0x00000143c34fa000 Exception <a 'java/lang/NoSuchMethodError'{0x000000008a90ecc0}: 'java.lang.Object java.lang.invoke.DirectMethodHandle$Holder.invokeSpecial(java.lang.Object, java.lang.Object, java.lang.Object, java.lang.Object, int, java.lang.Object, java.lang.Object)'> (0x000000008a90ecc0) thrown at [./src/hotspot/share/interpreter/linkResolver.cpp, line 773]
Event: 13.862 Thread 0x00000143c34fa000 Exception <a 'java/lang/NoSuchMethodError'{0x000000008a9122d8}: 'java.lang.Object java.lang.invoke.Invokers$Holder.linkToTargetMethod(java.lang.Object, java.lang.Object, int, java.lang.Object, java.lang.Object, java.lang.Object)'> (0x000000008a9122d8) thrown at [./src/hotspot/share/interpreter/linkResolver.cpp, line 773]
Event: 13.975 Thread 0x00000143c34fa000 Exception <a 'java/lang/NoSuchMethodError'{0x000000008a61bb10}: 'java.lang.Object java.lang.invoke.DirectMethodHandle$Holder.invokeSpecial(java.lang.Object, java.lang.Object, java.lang.Object, java.lang.Object, int, java.lang.Object)'> (0x000000008a61bb10) thrown at [./src/hotspot/share/interpreter/linkResolver.cpp, line 773]
Event: 14.052 Thread 0x00000143c34fa000 Exception <a 'java/lang/NoSuchMethodError'{0x000000008a5b1b80}: 'java.lang.Object java.lang.invoke.DirectMethodHandle$Holder.invokeStatic(java.lang.Object, java.lang.Object, int, java.lang.Object)'> (0x000000008a5b1b80) thrown at [./src/hotspot/share/interpreter/linkResolver.cpp, line 773]
Event: 14.053 Thread 0x00000143c34fa000 Exception <a 'java/lang/NoSuchMethodError'{0x000000008a5b5418}: 'java.lang.Object java.lang.invoke.DirectMethodHandle$Holder.invokeSpecial(java.lang.Object, java.lang.Object, java.lang.Object, int, java.lang.Object)'> (0x000000008a5b5418) thrown at [./src/hotspot/share/interpreter/linkResolver.cpp, line 773]
Event: 14.053 Thread 0x00000143c34fa000 Exception <a 'java/lang/NoSuchMethodError'{0x000000008a5b86c0}: 'java.lang.Object java.lang.invoke.Invokers$Holder.linkToTargetMethod(java.lang.Object, int, java.lang.Object, java.lang.Object)'> (0x000000008a5b86c0) thrown at [./src/hotspot/share/interpreter/linkResolver.cpp, line 773]

Events (20 events):
Event: 14.058 loading class org/jetbrains/kotlin/com/intellij/openapi/Disposable done
Event: 14.059 loading class org/jetbrains/kotlin/com/intellij/openapi/Disposable
Event: 14.059 loading class org/jetbrains/kotlin/com/intellij/openapi/Disposable done
Event: 14.059 loading class org/jetbrains/kotlin/com/intellij/util/messages/impl/MessageBusImpl
Event: 14.059 loading class org/jetbrains/kotlin/com/intellij/util/messages/impl/MessageBusImpl done
Event: 14.061 loading class org/jetbrains/kotlin/com/intellij/util/containers/hash/LinkedHashMap$EntrySet
Event: 14.061 loading class org/jetbrains/kotlin/com/intellij/util/containers/hash/LinkedHashMap$EntrySet done
Event: 14.061 loading class org/jetbrains/kotlin/com/intellij/util/containers/hash/LinkedHashMap$EntrySet$1
Event: 14.061 loading class org/jetbrains/kotlin/com/intellij/util/containers/hash/LinkedHashMap$EntrySet$1 done
Event: 14.061 loading class org/jetbrains/kotlin/com/intellij/util/containers/hash/LinkedHashMap$LinkedHashIterator
Event: 14.061 loading class org/jetbrains/kotlin/com/intellij/util/containers/hash/LinkedHashMap$LinkedHashIterator done
Event: 14.063 loading class org/jetbrains/kotlin/cli/common/messages/GroupingMessageCollector$CompilerMessageLocationComparator
Event: 14.063 loading class org/jetbrains/kotlin/cli/common/messages/GroupingMessageCollector$CompilerMessageLocationComparator done
Event: 14.063 loading class org/jetbrains/kotlin/utils/fileUtils/FileUtilsKt
Event: 14.063 loading class org/jetbrains/kotlin/utils/fileUtils/FileUtilsKt done
Event: 14.066 loading class org/jetbrains/kotlin/cli/common/messages/CompilerMessageSeverity$1
Event: 14.066 loading class org/jetbrains/kotlin/cli/common/messages/CompilerMessageSeverity$1 done
Event: 14.067 Thread 0x00000143c34fa000 Thread exited: 0x00000143c34fa000
Event: 14.067 Thread 0x00000143c34fa000 Thread added: 0x00000143c34fa000
Event: 14.067 Executing VM operation: G1CollectForAllocation


Dynamic libraries:
0x00007ff651c00000 - 0x00007ff651c0a000 	C:\Program Files\Android\Android Studio\jre\bin\java.exe
0x00007ffdc06b0000 - 0x00007ffdc08a8000 	C:\WINDOWS\SYSTEM32\ntdll.dll
0x00007ffdc0000000 - 0x00007ffdc00bd000 	C:\WINDOWS\System32\KERNEL32.DLL
0x00007ffdbe130000 - 0x00007ffdbe3fe000 	C:\WINDOWS\System32\KERNELBASE.dll
0x00007ffdbde50000 - 0x00007ffdbdf50000 	C:\WINDOWS\System32\ucrtbase.dll
0x00007ffd87a20000 - 0x00007ffd87a37000 	C:\Program Files\Android\Android Studio\jre\bin\VCRUNTIME140.dll
0x00007ffd87590000 - 0x00007ffd875a9000 	C:\Program Files\Android\Android Studio\jre\bin\jli.dll
0x00007ffdbfe60000 - 0x00007ffdc0000000 	C:\WINDOWS\System32\USER32.dll
0x00007ffdbde20000 - 0x00007ffdbde42000 	C:\WINDOWS\System32\win32u.dll
0x00007ffd93fd0000 - 0x00007ffd9426a000 	C:\WINDOWS\WinSxS\amd64_microsoft.windows.common-controls_6595b64144ccf1df_6.0.19041.1110_none_60b5254171f9507e\COMCTL32.dll
0x00007ffdbf8b0000 - 0x00007ffdbf8da000 	C:\WINDOWS\System32\GDI32.dll
0x00007ffdbe020000 - 0x00007ffdbe12b000 	C:\WINDOWS\System32\gdi32full.dll
0x00007ffdbf030000 - 0x00007ffdbf0ce000 	C:\WINDOWS\System32\msvcrt.dll
0x00007ffdbdf80000 - 0x00007ffdbe01d000 	C:\WINDOWS\System32\msvcp_win.dll
0x00007ffdbf7a0000 - 0x00007ffdbf7d0000 	C:\WINDOWS\System32\IMM32.DLL
0x00007ffd79b00000 - 0x00007ffd79b9d000 	C:\Program Files\Android\Android Studio\jre\bin\msvcp140.dll
0x00007ffd64d20000 - 0x00007ffd65822000 	C:\Program Files\Android\Android Studio\jre\bin\server\jvm.dll
0x00007ffdbfa80000 - 0x00007ffdbfb2e000 	C:\WINDOWS\System32\ADVAPI32.dll
0x00007ffdbf290000 - 0x00007ffdbf32c000 	C:\WINDOWS\System32\sechost.dll
0x00007ffdbf950000 - 0x00007ffdbfa75000 	C:\WINDOWS\System32\RPCRT4.dll
0x00007ffdbfd90000 - 0x00007ffdbfd98000 	C:\WINDOWS\System32\PSAPI.DLL
0x00007ffdbaf10000 - 0x00007ffdbaf19000 	C:\WINDOWS\SYSTEM32\WSOCK32.dll
0x00007ffdb1020000 - 0x00007ffdb1047000 	C:\WINDOWS\SYSTEM32\WINMM.dll
0x00007ffdb0150000 - 0x00007ffdb015a000 	C:\WINDOWS\SYSTEM32\VERSION.dll
0x00007ffdbf8e0000 - 0x00007ffdbf94b000 	C:\WINDOWS\System32\WS2_32.dll
0x00007ffdbc610000 - 0x00007ffdbc622000 	C:\WINDOWS\SYSTEM32\kernel.appcore.dll
0x00007ffdb1de0000 - 0x00007ffdb1df1000 	C:\Program Files\Android\Android Studio\jre\bin\verify.dll
0x00007ffdbb990000 - 0x00007ffdbbb74000 	C:\WINDOWS\SYSTEM32\DBGHELP.DLL
0x00007ffd976f0000 - 0x00007ffd9771c000 	C:\WINDOWS\SYSTEM32\dbgcore.DLL
0x00007ffdbe610000 - 0x00007ffdbe692000 	C:\WINDOWS\System32\bcryptPrimitives.dll
0x00007ffdb0f70000 - 0x00007ffdb0f99000 	C:\Program Files\Android\Android Studio\jre\bin\java.dll
0x00007ffdb1f40000 - 0x00007ffdb1f4b000 	C:\Program Files\Android\Android Studio\jre\bin\jimage.dll
0x00007ffdb0f30000 - 0x00007ffdb0f48000 	C:\Program Files\Android\Android Studio\jre\bin\zip.dll
0x00007ffdbe8e0000 - 0x00007ffdbf023000 	C:\WINDOWS\System32\SHELL32.dll
0x00007ffdbbe60000 - 0x00007ffdbc5f5000 	C:\WINDOWS\SYSTEM32\windows.storage.dll
0x00007ffdc01e0000 - 0x00007ffdc0534000 	C:\WINDOWS\System32\combase.dll
0x00007ffdbd7c0000 - 0x00007ffdbd7f0000 	C:\WINDOWS\SYSTEM32\Wldp.dll
0x00007ffdc0130000 - 0x00007ffdc01dd000 	C:\WINDOWS\System32\SHCORE.dll
0x00007ffdbf7d0000 - 0x00007ffdbf825000 	C:\WINDOWS\System32\shlwapi.dll
0x00007ffdbdd10000 - 0x00007ffdbdd2f000 	C:\WINDOWS\SYSTEM32\profapi.dll
0x00007ffdb0350000 - 0x00007ffdb036a000 	C:\Program Files\Android\Android Studio\jre\bin\net.dll
0x00007ffdb5030000 - 0x00007ffdb513a000 	C:\WINDOWS\SYSTEM32\WINHTTP.dll
0x00007ffdbd520000 - 0x00007ffdbd58a000 	C:\WINDOWS\system32\mswsock.dll
0x00007ffda86f0000 - 0x00007ffda8704000 	C:\Program Files\Android\Android Studio\jre\bin\nio.dll

dbghelp: loaded successfully - version: 4.0.5 - missing functions: none
symbol engine: initialized successfully - sym options: 0x614 - pdb path: .;C:\Program Files\Android\Android Studio\jre\bin;C:\WINDOWS\SYSTEM32;C:\WINDOWS\WinSxS\amd64_microsoft.windows.common-controls_6595b64144ccf1df_6.0.19041.1110_none_60b5254171f9507e;C:\Program Files\Android\Android Studio\jre\bin\server

VM Arguments:
java_command: org.jetbrains.kotlin.cli.jvm.K2JVMCompiler @C:\Users\MINH PHAT\Downloads\Timetable-master\app\build\20221010_14854025071759490704.compiler.options
java_class_path (initial): C:\Users\MINH PHAT\.gradle\caches\modules-2\files-2.1\org.jetbrains.kotlin\kotlin-compiler-embeddable\1.4.32\b4fc9be460ca88eecea2303e142ce2920bd14775\kotlin-compiler-embeddable-1.4.32.jar;C:\Users\MINH PHAT\.gradle\caches\modules-2\files-2.1\org.jetbrains.kotlin\kotlin-reflect\1.4.32\ce852b166d97f0f1991b5130c2bb02e2ef6c554e\kotlin-reflect-1.4.32.jar;C:\Users\MINH PHAT\.gradle\caches\modules-2\files-2.1\org.jetbrains.kotlin\kotlin-stdlib\1.4.32\461367948840adbb0839c51d91ed74ef4a9ccb52\kotlin-stdlib-1.4.32.jar;C:\Users\MINH PHAT\.gradle\caches\modules-2\files-2.1\org.jetbrains.kotlin\kotlin-script-runtime\1.4.32\bac50b0748be017dbc13fc1cb7231b1c9da0e106\kotlin-script-runtime-1.4.32.jar;C:\Users\MINH PHAT\.gradle\caches\modules-2\files-2.1\org.jetbrains.kotlin\kotlin-daemon-embeddable\1.4.32\b40c5de5adea26ebb4e5fc36945c482ac20acee2\kotlin-daemon-embeddable-1.4.32.jar;C:\Users\MINH PHAT\.gradle\caches\modules-2\files-2.1\org.jetbrains.intellij.deps\trove4j\1.0.20181211\216c2e14b070f334479d800987affe4054cd563f\trove4j-1.0.20181211.jar;C:\Users\MINH PHAT\.gradle\caches\modules-2\files-2.1\org.jetbrains.kotlin\kotlin-stdlib-common\1.4.32\ef50bfa2c0491a11dcc35d9822edbfd6170e1ea2\kotlin-stdlib-common-1.4.32.jar;C:\Users\MINH PHAT\.gradle\caches\modules-2\files-2.1\org.jetbrains\annotations\13.0\919f0dfe192fb4e063e7dacadee7f8bb9a2672a9\annotations-13.0.jar
Launcher Type: SUN_STANDARD

[Global flags]
     intx CICompilerCount                          = 4                                         {product} {ergonomic}
     uint ConcGCThreads                            = 2                                         {product} {ergonomic}
     uint G1ConcRefinementThreads                  = 8                                         {product} {ergonomic}
   size_t G1HeapRegionSize                         = 1048576                                   {product} {ergonomic}
    uintx GCDrainStackTargetSize                   = 64                                        {product} {ergonomic}
   size_t InitialHeapSize                          = 132120576                                 {product} {ergonomic}
   size_t MarkStackSize                            = 4194304                                   {product} {ergonomic}
   size_t MaxHeapSize                              = 2088763392                                {product} {ergonomic}
   size_t MaxNewSize                               = 1253048320                                {product} {ergonomic}
   size_t MinHeapDeltaBytes                        = 1048576                                   {product} {ergonomic}
    uintx NonNMethodCodeHeapSize                   = 5836300                                {pd product} {ergonomic}
    uintx NonProfiledCodeHeapSize                  = 122910970                              {pd product} {ergonomic}
    uintx ProfiledCodeHeapSize                     = 122910970                              {pd product} {ergonomic}
    uintx ReservedCodeCacheSize                    = 251658240                              {pd product} {ergonomic}
     bool SegmentedCodeCache                       = true                                      {product} {ergonomic}
     bool UseCompressedClassPointers               = true                                 {lp64_product} {ergonomic}
     bool UseCompressedOops                        = true                                 {lp64_product} {ergonomic}
     bool UseG1GC                                  = true                                      {product} {ergonomic}
     bool UseLargePagesIndividualAllocation        = false                                  {pd product} {ergonomic}

Logging:
Log output configuration:
 #0: stdout all=warning uptime,level,tags
 #1: stderr all=off uptime,level,tags

Environment Variables:
JAVA_HOME=C:\Program Files\Java\jdk-18.0.2.1
PATH=C:\Program Files\Common Files\Oracle\Java\javapath;C:\WINDOWS\system32;C:\WINDOWS;C:\WINDOWS\System32\Wbem;C:\WINDOWS\System32\WindowsPowerShell\v1.0\;C:\WINDOWS\System32\OpenSSH\;C:\Program Files\Git\cmd;C:\xampp\php;C:\composer;C:\Program Files\Microsoft SQL Server\Client SDK\ODBC\170\Tools\Binn\;C:\Program Files (x86)\Microsoft SQL Server\150\Tools\Binn\;C:\Program Files\Microsoft SQL Server\150\Tools\Binn\;C:\Program Files\Microsoft SQL Server\150\DTS\Binn\;C:\Program Files\Azure Data Studio\bin;C:\Program Files (x86)\Microsoft SQL Server\150\DTS\Binn\;D:\nodejs\;C:\Program Files\Microsoft SQL Server\130\Tools\Binn\;C:\Users\MINH PHAT\AppData\Local\Microsoft\WindowsApps;C:\Users\MINH PHAT\AppData\Roaming\Composer\vendor\bin;C:\Users\MINH PHAT\AppData\Local\Programs\Microsoft VS Code\bin;C:\Program Files\Azure Data Studio\bin;C:\Program Files\Azure Data Studio\bin;C:\Program Files\Azure Data Studio\bin;C:\Users\MINH PHAT\AppData\Roaming\npm
USERNAME=MINH PHAT
OS=Windows_NT
PROCESSOR_IDENTIFIER=Intel64 Family 6 Model 142 Stepping 12, GenuineIntel



---------------  S Y S T E M  ---------------

OS: Windows 10 , 64 bit Build 19041 (10.0.19041.1889)
OS uptime: 0 days 16:55 hours
Hyper-V role detected

CPU:total 8 (initial active 8) (4 cores per cpu, 2 threads per core) family 6 model 142 stepping 12 microcode 0xb8, cmov, cx8, fxsr, mmx, sse, sse2, sse3, ssse3, sse4.1, sse4.2, popcnt, avx, avx2, aes, clmul, erms, 3dnowpref, lzcnt, ht, tsc, tscinvbit, bmi1, bmi2, adx, fma

Memory: 4k page, system-wide physical 7967M (429M free)
TotalPageFile size 16159M (AvailPageFile size 7M)
current process WorkingSet (physical memory assigned to process): 361M, peak: 361M
current process commit charge ("private bytes"): 401M, peak: 432M

vm_info: OpenJDK 64-Bit Server VM (11.0.13+0-b1751.21-8125866) for windows-amd64 JRE (11.0.13+0-b1751.21-8125866), built on Feb  2 2022 03:00:22 by "builder" with MS VC++ 14.0 (VS2015)

END.
