#
# There is insufficient memory for the Java Runtime Environment to continue.
# Native memory allocation (malloc) failed to allocate 1965776 bytes for Chunk::new
# Possible reasons:
#   The system is out of physical RAM or swap space
#   The process is running with CompressedOops enabled, and the Java Heap may be blocking the growth of the native heap
# Possible solutions:
#   Reduce memory load on the system
#   Increase physical memory or swap space
#   Check if swap backing store is full
#   Decrease Java heap size (-Xmx/-Xms)
#   Decrease number of Java threads
#   Decrease Java thread stack sizes (-Xss)
#   Set larger code cache with -XX:ReservedCodeCacheSize=
#   JVM is running with Unscaled Compressed Oops mode in which the Java heap is
#     placed in the first 4GB address space. The Java Heap base address is the
#     maximum limit for the native heap growth. Please use -XX:HeapBaseMinAddress
#     to set the Java Heap base and to place the Java Heap above 4GB virtual address.
# This output file may be truncated or incomplete.
#
#  Out of Memory Error (./src/hotspot/share/memory/arena.cpp:197), pid=13588, tid=10088
#
# JRE version: OpenJDK Runtime Environment (11.0.13) (build 11.0.13+0-b1751.21-8125866)
# Java VM: OpenJDK 64-Bit Server VM (11.0.13+0-b1751.21-8125866, mixed mode, tiered, compressed oops, g1 gc, windows-amd64)
# No core dump will be written. Minidumps are not enabled by default on client versions of Windows
#

---------------  S U M M A R Y ------------

Command Line: org.jetbrains.kotlin.cli.jvm.K2JVMCompiler @C:\Users\MINH PHAT\Desktop\LTMobile\AppQuanLiDiem\app\build\20221105_2870795096401481041.compiler.options

Host: Intel(R) Core(TM) i5-8265U CPU @ 1.60GHz, 8 cores, 7G,  Windows 10 , 64 bit Build 19041 (10.0.19041.1889)
Time: Sat Nov  5 20:59:17 2022 SE Asia Standard Time elapsed time: 6.825939 seconds (0d 0h 0m 6s)

---------------  T H R E A D  ---------------

Current thread (0x000002726d070800):  JavaThread "C2 CompilerThread0" daemon [_thread_in_native, id=10088, stack(0x000000b68b400000,0x000000b68b500000)]


Current CompileTask:
C2:   6826 2997       4       java.lang.ClassLoader::loadClass (7 bytes)

Stack: [0x000000b68b400000,0x000000b68b500000]
Native frames: (J=compiled Java code, j=interpreted, Vv=VM code, C=native code)
V  [jvm.dll+0x6100fa]
V  [jvm.dll+0x747090]
V  [jvm.dll+0x7486ad]
V  [jvm.dll+0x748d83]
V  [jvm.dll+0x24ab48]
V  [jvm.dll+0xc04dc]
V  [jvm.dll+0xc0a0c]
V  [jvm.dll+0x35eb9d]
V  [jvm.dll+0x32b833]
V  [jvm.dll+0x32ad2a]
V  [jvm.dll+0x2032b2]
V  [jvm.dll+0x202437]
V  [jvm.dll+0x188e01]
V  [jvm.dll+0x21106b]
V  [jvm.dll+0x20f8c1]
V  [jvm.dll+0x70de0f]
V  [jvm.dll+0x706a75]
V  [jvm.dll+0x60ed66]
C  [ucrtbase.dll+0x21bb2]
C  [KERNEL32.DLL+0x17034]
C  [ntdll.dll+0x526a1]


---------------  P R O C E S S  ---------------

Threads class SMR info:
_java_thread_list=0x000002726eb48770, length=11, elements={
0x000002725247a800, 0x000002726c734800, 0x000002726c736000, 0x000002726c759000,
0x000002726c75b000, 0x000002726c75c800, 0x000002726d070800, 0x000002726d073000,
0x000002726d074000, 0x000002726d210000, 0x000002726eb4b000
}

Java Threads: ( => current thread )
  0x000002725247a800 JavaThread "main" [_thread_in_Java, id=2576, stack(0x000000b68a800000,0x000000b68a900000)]
  0x000002726c734800 JavaThread "Reference Handler" daemon [_thread_blocked, id=16284, stack(0x000000b68af00000,0x000000b68b000000)]
  0x000002726c736000 JavaThread "Finalizer" daemon [_thread_blocked, id=10840, stack(0x000000b68b000000,0x000000b68b100000)]
  0x000002726c759000 JavaThread "Signal Dispatcher" daemon [_thread_blocked, id=8172, stack(0x000000b68b100000,0x000000b68b200000)]
  0x000002726c75b000 JavaThread "Attach Listener" daemon [_thread_blocked, id=11032, stack(0x000000b68b200000,0x000000b68b300000)]
  0x000002726c75c800 JavaThread "Service Thread" daemon [_thread_blocked, id=5792, stack(0x000000b68b300000,0x000000b68b400000)]
=>0x000002726d070800 JavaThread "C2 CompilerThread0" daemon [_thread_in_native, id=10088, stack(0x000000b68b400000,0x000000b68b500000)]
  0x000002726d073000 JavaThread "C1 CompilerThread0" daemon [_thread_in_native, id=8624, stack(0x000000b68b500000,0x000000b68b600000)]
  0x000002726d074000 JavaThread "Sweeper thread" daemon [_thread_blocked, id=4452, stack(0x000000b68b600000,0x000000b68b700000)]
  0x000002726d210000 JavaThread "Common-Cleaner" daemon [_thread_blocked, id=9500, stack(0x000000b68b800000,0x000000b68b900000)]
  0x000002726eb4b000 JavaThread "C2 CompilerThread1" daemon [_thread_in_native, id=13320, stack(0x000000b68bc00000,0x000000b68bd00000)]

Other Threads:
  0x000002726c731000 VMThread "VM Thread" [stack: 0x000000b68ae00000,0x000000b68af00000] [id=14168]
  0x000002726d212000 WatcherThread [stack: 0x000000b68b700000,0x000000b68b800000] [id=15924]
  0x0000027252492800 GCTaskThread "GC Thread#0" [stack: 0x000000b68a900000,0x000000b68aa00000] [id=8556]
  0x000002726d840000 GCTaskThread "GC Thread#1" [stack: 0x000000b68b900000,0x000000b68ba00000] [id=13836]
  0x000002726d840800 GCTaskThread "GC Thread#2" [stack: 0x000000b68ba00000,0x000000b68bb00000] [id=15900]
  0x00000272524c1800 ConcurrentGCThread "G1 Main Marker" [stack: 0x000000b68aa00000,0x000000b68ab00000] [id=14012]
  0x00000272524c3000 ConcurrentGCThread "G1 Conc#0" [stack: 0x000000b68ab00000,0x000000b68ac00000] [id=7176]
  0x000002726e547800 ConcurrentGCThread "G1 Conc#1" [stack: 0x000000b68bb00000,0x000000b68bc00000] [id=9608]
  0x000002726c580800 ConcurrentGCThread "G1 Refine#0" [stack: 0x000000b68ac00000,0x000000b68ad00000] [id=3836]
  0x000002726c581800 ConcurrentGCThread "G1 Young RemSet Sampling" [stack: 0x000000b68ad00000,0x000000b68ae00000] [id=15628]

Threads with active compile tasks:
C2 CompilerThread0   6840 2997       4       java.lang.ClassLoader::loadClass (7 bytes)
C1 CompilerThread0   6840 3208       3       org.jetbrains.kotlin.utils.SmartList::add (149 bytes)
C2 CompilerThread1   6840 3132       4       sun.nio.fs.WindowsPathParser::normalize (233 bytes)

VM state:not at safepoint (normal execution)

VM Mutex/Monitor currently owned by a thread: None

Heap address: 0x0000000083800000, size: 1992 MB, Compressed Oops mode: 32-bit
Narrow klass base: 0x0000000000000000, Narrow klass shift: 3
Compressed class space size: 1073741824 Address: 0x0000000100000000

Heap:
 garbage-first heap   total 129024K, used 69880K [0x0000000083800000, 0x0000000100000000)
  region size 1024K, 46 young (47104K), 3 survivors (3072K)
 Metaspace       used 44800K, capacity 45357K, committed 45392K, reserved 1089536K
  class space    used 5272K, capacity 5477K, committed 5504K, reserved 1048576K
Heap Regions: E=young(eden), S=young(survivor), O=old, HS=humongous(starts), HC=humongous(continues), CS=collection set, F=free, A=archive, TAMS=top-at-mark-start (previous, next)
|   0|0x0000000083800000, 0x0000000083900000, 0x0000000083900000|100%|HS|  |TAMS 0x0000000083900000, 0x0000000083800000| Complete 
|   1|0x0000000083900000, 0x0000000083a00000, 0x0000000083a00000|100%|HC|  |TAMS 0x0000000083a00000, 0x0000000083900000| Complete 
|   2|0x0000000083a00000, 0x0000000083b00000, 0x0000000083b00000|100%|HC|  |TAMS 0x0000000083b00000, 0x0000000083a00000| Complete 
|   3|0x0000000083b00000, 0x0000000083c00000, 0x0000000083c00000|100%|HS|  |TAMS 0x0000000083c00000, 0x0000000083b00000| Complete 
|   4|0x0000000083c00000, 0x0000000083d00000, 0x0000000083d00000|100%|HC|  |TAMS 0x0000000083d00000, 0x0000000083c00000| Complete 
|   5|0x0000000083d00000, 0x0000000083e00000, 0x0000000083e00000|100%|HC|  |TAMS 0x0000000083e00000, 0x0000000083d00000| Complete 
|   6|0x0000000083e00000, 0x0000000083f00000, 0x0000000083f00000|100%|HS|  |TAMS 0x0000000083f00000, 0x0000000083e00000| Complete 
|   7|0x0000000083f00000, 0x0000000084000000, 0x0000000084000000|100%|HC|  |TAMS 0x0000000084000000, 0x0000000083f00000| Complete 
|   8|0x0000000084000000, 0x0000000084100000, 0x0000000084100000|100%|HC|  |TAMS 0x0000000084100000, 0x0000000084000000| Complete 
|   9|0x0000000084100000, 0x0000000084200000, 0x0000000084200000|100%| O|  |TAMS 0x0000000084200000, 0x0000000084100000| Untracked 
|  10|0x0000000084200000, 0x0000000084300000, 0x0000000084300000|100%| O|  |TAMS 0x0000000084300000, 0x0000000084200000| Untracked 
|  11|0x0000000084300000, 0x0000000084400000, 0x0000000084400000|100%| O|  |TAMS 0x0000000084400000, 0x0000000084300000| Untracked 
|  12|0x0000000084400000, 0x0000000084500000, 0x0000000084500000|100%| O|  |TAMS 0x0000000084500000, 0x0000000084400000| Untracked 
|  13|0x0000000084500000, 0x0000000084600000, 0x0000000084600000|100%|HS|  |TAMS 0x0000000084500000, 0x0000000084500000| Complete 
|  14|0x0000000084600000, 0x0000000084700000, 0x0000000084700000|100%|HC|  |TAMS 0x0000000084600000, 0x0000000084600000| Complete 
|  15|0x0000000084700000, 0x0000000084800000, 0x0000000084800000|100%| O|  |TAMS 0x0000000084800000, 0x0000000084700000| Untracked 
|  16|0x0000000084800000, 0x0000000084900000, 0x0000000084900000|100%| O|  |TAMS 0x0000000084900000, 0x0000000084800000| Untracked 
|  17|0x0000000084900000, 0x0000000084a00000, 0x0000000084a00000|100%| O|  |TAMS 0x0000000084a00000, 0x0000000084900000| Untracked 
|  18|0x0000000084a00000, 0x0000000084b00000, 0x0000000084b00000|100%| O|  |TAMS 0x0000000084b00000, 0x0000000084a00000| Untracked 
|  19|0x0000000084b00000, 0x0000000084c00000, 0x0000000084c00000|100%| O|  |TAMS 0x0000000084c00000, 0x0000000084b00000| Untracked 
|  20|0x0000000084c00000, 0x0000000084d00000, 0x0000000084d00000|100%| O|  |TAMS 0x0000000084d00000, 0x0000000084c00000| Untracked 
|  21|0x0000000084d00000, 0x0000000084e00000, 0x0000000084e00000|100%| O|  |TAMS 0x0000000084e00000, 0x0000000084d00000| Untracked 
|  22|0x0000000084e00000, 0x0000000084f00000, 0x0000000084f00000|100%| O|  |TAMS 0x0000000084f00000, 0x0000000084e00000| Untracked 
|  23|0x0000000084f00000, 0x0000000084f81800, 0x0000000085000000| 50%| O|  |TAMS 0x0000000084f81800, 0x0000000084f00000| Untracked 
|  24|0x0000000085000000, 0x0000000085000000, 0x0000000085100000|  0%| F|  |TAMS 0x0000000085000000, 0x0000000085000000| Untracked 
|  25|0x0000000085100000, 0x0000000085100000, 0x0000000085200000|  0%| F|  |TAMS 0x0000000085100000, 0x0000000085100000| Untracked 
|  26|0x0000000085200000, 0x0000000085200000, 0x0000000085300000|  0%| F|  |TAMS 0x0000000085200000, 0x0000000085200000| Untracked 
|  27|0x0000000085300000, 0x0000000085300000, 0x0000000085400000|  0%| F|  |TAMS 0x0000000085300000, 0x0000000085300000| Untracked 
|  28|0x0000000085400000, 0x0000000085400000, 0x0000000085500000|  0%| F|  |TAMS 0x0000000085400000, 0x0000000085400000| Untracked 
|  29|0x0000000085500000, 0x0000000085500000, 0x0000000085600000|  0%| F|  |TAMS 0x0000000085500000, 0x0000000085500000| Untracked 
|  30|0x0000000085600000, 0x0000000085600000, 0x0000000085700000|  0%| F|  |TAMS 0x0000000085600000, 0x0000000085600000| Untracked 
|  31|0x0000000085700000, 0x0000000085700000, 0x0000000085800000|  0%| F|  |TAMS 0x0000000085700000, 0x0000000085700000| Untracked 
|  32|0x0000000085800000, 0x0000000085800000, 0x0000000085900000|  0%| F|  |TAMS 0x0000000085800000, 0x0000000085800000| Untracked 
|  33|0x0000000085900000, 0x0000000085900000, 0x0000000085a00000|  0%| F|  |TAMS 0x0000000085900000, 0x0000000085900000| Untracked 
|  34|0x0000000085a00000, 0x0000000085a00000, 0x0000000085b00000|  0%| F|  |TAMS 0x0000000085a00000, 0x0000000085a00000| Untracked 
|  35|0x0000000085b00000, 0x0000000085b00000, 0x0000000085c00000|  0%| F|  |TAMS 0x0000000085b00000, 0x0000000085b00000| Untracked 
|  36|0x0000000085c00000, 0x0000000085c00000, 0x0000000085d00000|  0%| F|  |TAMS 0x0000000085c00000, 0x0000000085c00000| Untracked 
|  37|0x0000000085d00000, 0x0000000085d00000, 0x0000000085e00000|  0%| F|  |TAMS 0x0000000085d00000, 0x0000000085d00000| Untracked 
|  38|0x0000000085e00000, 0x0000000085e00000, 0x0000000085f00000|  0%| F|  |TAMS 0x0000000085e00000, 0x0000000085e00000| Untracked 
|  39|0x0000000085f00000, 0x0000000085f00000, 0x0000000086000000|  0%| F|  |TAMS 0x0000000085f00000, 0x0000000085f00000| Untracked 
|  40|0x0000000086000000, 0x0000000086000000, 0x0000000086100000|  0%| F|  |TAMS 0x0000000086000000, 0x0000000086000000| Untracked 
|  41|0x0000000086100000, 0x0000000086100000, 0x0000000086200000|  0%| F|  |TAMS 0x0000000086100000, 0x0000000086100000| Untracked 
|  42|0x0000000086200000, 0x0000000086200000, 0x0000000086300000|  0%| F|  |TAMS 0x0000000086200000, 0x0000000086200000| Untracked 
|  43|0x0000000086300000, 0x0000000086300000, 0x0000000086400000|  0%| F|  |TAMS 0x0000000086300000, 0x0000000086300000| Untracked 
|  44|0x0000000086400000, 0x0000000086400000, 0x0000000086500000|  0%| F|  |TAMS 0x0000000086400000, 0x0000000086400000| Untracked 
|  45|0x0000000086500000, 0x0000000086500000, 0x0000000086600000|  0%| F|  |TAMS 0x0000000086500000, 0x0000000086500000| Untracked 
|  46|0x0000000086600000, 0x0000000086600000, 0x0000000086700000|  0%| F|  |TAMS 0x0000000086600000, 0x0000000086600000| Untracked 
|  47|0x0000000086700000, 0x0000000086700000, 0x0000000086800000|  0%| F|  |TAMS 0x0000000086700000, 0x0000000086700000| Untracked 
|  48|0x0000000086800000, 0x0000000086800000, 0x0000000086900000|  0%| F|  |TAMS 0x0000000086800000, 0x0000000086800000| Untracked 
|  49|0x0000000086900000, 0x0000000086900000, 0x0000000086a00000|  0%| F|  |TAMS 0x0000000086900000, 0x0000000086900000| Untracked 
|  50|0x0000000086a00000, 0x0000000086a00000, 0x0000000086b00000|  0%| F|  |TAMS 0x0000000086a00000, 0x0000000086a00000| Untracked 
|  51|0x0000000086b00000, 0x0000000086b00000, 0x0000000086c00000|  0%| F|  |TAMS 0x0000000086b00000, 0x0000000086b00000| Untracked 
|  52|0x0000000086c00000, 0x0000000086c00000, 0x0000000086d00000|  0%| F|  |TAMS 0x0000000086c00000, 0x0000000086c00000| Untracked 
|  53|0x0000000086d00000, 0x0000000086d00000, 0x0000000086e00000|  0%| F|  |TAMS 0x0000000086d00000, 0x0000000086d00000| Untracked 
|  54|0x0000000086e00000, 0x0000000086e00000, 0x0000000086f00000|  0%| F|  |TAMS 0x0000000086e00000, 0x0000000086e00000| Untracked 
|  55|0x0000000086f00000, 0x0000000086f00000, 0x0000000087000000|  0%| F|  |TAMS 0x0000000086f00000, 0x0000000086f00000| Untracked 
|  56|0x0000000087000000, 0x0000000087000000, 0x0000000087100000|  0%| F|  |TAMS 0x0000000087000000, 0x0000000087000000| Untracked 
|  57|0x0000000087100000, 0x0000000087100000, 0x0000000087200000|  0%| F|  |TAMS 0x0000000087100000, 0x0000000087100000| Untracked 
|  58|0x0000000087200000, 0x0000000087200000, 0x0000000087300000|  0%| F|  |TAMS 0x0000000087200000, 0x0000000087200000| Untracked 
|  59|0x0000000087300000, 0x0000000087300000, 0x0000000087400000|  0%| F|  |TAMS 0x0000000087300000, 0x0000000087300000| Untracked 
|  60|0x0000000087400000, 0x0000000087400000, 0x0000000087500000|  0%| F|  |TAMS 0x0000000087400000, 0x0000000087400000| Untracked 
|  61|0x0000000087500000, 0x0000000087500000, 0x0000000087600000|  0%| F|  |TAMS 0x0000000087500000, 0x0000000087500000| Untracked 
|  62|0x0000000087600000, 0x0000000087600000, 0x0000000087700000|  0%| F|  |TAMS 0x0000000087600000, 0x0000000087600000| Untracked 
|  63|0x0000000087700000, 0x0000000087700000, 0x0000000087800000|  0%| F|  |TAMS 0x0000000087700000, 0x0000000087700000| Untracked 
|  64|0x0000000087800000, 0x0000000087800000, 0x0000000087900000|  0%| F|  |TAMS 0x0000000087800000, 0x0000000087800000| Untracked 
|  65|0x0000000087900000, 0x0000000087900000, 0x0000000087a00000|  0%| F|  |TAMS 0x0000000087900000, 0x0000000087900000| Untracked 
|  66|0x0000000087a00000, 0x0000000087a00000, 0x0000000087b00000|  0%| F|  |TAMS 0x0000000087a00000, 0x0000000087a00000| Untracked 
|  67|0x0000000087b00000, 0x0000000087b00000, 0x0000000087c00000|  0%| F|  |TAMS 0x0000000087b00000, 0x0000000087b00000| Untracked 
|  68|0x0000000087c00000, 0x0000000087c00000, 0x0000000087d00000|  0%| F|  |TAMS 0x0000000087c00000, 0x0000000087c00000| Untracked 
|  69|0x0000000087d00000, 0x0000000087d00000, 0x0000000087e00000|  0%| F|  |TAMS 0x0000000087d00000, 0x0000000087d00000| Untracked 
|  70|0x0000000087e00000, 0x0000000087e00000, 0x0000000087f00000|  0%| F|  |TAMS 0x0000000087e00000, 0x0000000087e00000| Untracked 
|  71|0x0000000087f00000, 0x0000000087f00000, 0x0000000088000000|  0%| F|  |TAMS 0x0000000087f00000, 0x0000000087f00000| Untracked 
|  72|0x0000000088000000, 0x0000000088000000, 0x0000000088100000|  0%| F|  |TAMS 0x0000000088000000, 0x0000000088000000| Untracked 
|  73|0x0000000088100000, 0x0000000088100000, 0x0000000088200000|  0%| F|  |TAMS 0x0000000088100000, 0x0000000088100000| Untracked 
|  74|0x0000000088200000, 0x0000000088200000, 0x0000000088300000|  0%| F|  |TAMS 0x0000000088200000, 0x0000000088200000| Untracked 
|  75|0x0000000088300000, 0x0000000088300000, 0x0000000088400000|  0%| F|  |TAMS 0x0000000088300000, 0x0000000088300000| Untracked 
|  76|0x0000000088400000, 0x0000000088400000, 0x0000000088500000|  0%| F|  |TAMS 0x0000000088400000, 0x0000000088400000| Untracked 
|  77|0x0000000088500000, 0x0000000088500000, 0x0000000088600000|  0%| F|  |TAMS 0x0000000088500000, 0x0000000088500000| Untracked 
|  78|0x0000000088600000, 0x0000000088600000, 0x0000000088700000|  0%| F|  |TAMS 0x0000000088600000, 0x0000000088600000| Untracked 
|  79|0x0000000088700000, 0x0000000088700000, 0x0000000088800000|  0%| F|  |TAMS 0x0000000088700000, 0x0000000088700000| Untracked 
|  80|0x0000000088800000, 0x0000000088880800, 0x0000000088900000| 50%| E|  |TAMS 0x0000000088800000, 0x0000000088800000| Complete 
|  81|0x0000000088900000, 0x0000000088a00000, 0x0000000088a00000|100%| E|CS|TAMS 0x0000000088900000, 0x0000000088900000| Complete 
|  82|0x0000000088a00000, 0x0000000088b00000, 0x0000000088b00000|100%| E|CS|TAMS 0x0000000088a00000, 0x0000000088a00000| Complete 
|  83|0x0000000088b00000, 0x0000000088c00000, 0x0000000088c00000|100%| E|CS|TAMS 0x0000000088b00000, 0x0000000088b00000| Complete 
|  84|0x0000000088c00000, 0x0000000088d00000, 0x0000000088d00000|100%| E|CS|TAMS 0x0000000088c00000, 0x0000000088c00000| Complete 
|  85|0x0000000088d00000, 0x0000000088e00000, 0x0000000088e00000|100%| E|CS|TAMS 0x0000000088d00000, 0x0000000088d00000| Complete 
|  86|0x0000000088e00000, 0x0000000088f00000, 0x0000000088f00000|100%| E|CS|TAMS 0x0000000088e00000, 0x0000000088e00000| Complete 
|  87|0x0000000088f00000, 0x0000000089000000, 0x0000000089000000|100%| E|CS|TAMS 0x0000000088f00000, 0x0000000088f00000| Complete 
|  88|0x0000000089000000, 0x0000000089100000, 0x0000000089100000|100%| E|CS|TAMS 0x0000000089000000, 0x0000000089000000| Complete 
|  89|0x0000000089100000, 0x0000000089200000, 0x0000000089200000|100%| E|CS|TAMS 0x0000000089100000, 0x0000000089100000| Complete 
|  90|0x0000000089200000, 0x0000000089300000, 0x0000000089300000|100%| E|CS|TAMS 0x0000000089200000, 0x0000000089200000| Complete 
|  91|0x0000000089300000, 0x0000000089400000, 0x0000000089400000|100%| E|CS|TAMS 0x0000000089300000, 0x0000000089300000| Complete 
|  92|0x0000000089400000, 0x0000000089500000, 0x0000000089500000|100%| E|CS|TAMS 0x0000000089400000, 0x0000000089400000| Complete 
|  93|0x0000000089500000, 0x0000000089600000, 0x0000000089600000|100%| E|CS|TAMS 0x0000000089500000, 0x0000000089500000| Complete 
|  94|0x0000000089600000, 0x0000000089700000, 0x0000000089700000|100%| E|CS|TAMS 0x0000000089600000, 0x0000000089600000| Complete 
|  95|0x0000000089700000, 0x0000000089800000, 0x0000000089800000|100%| E|CS|TAMS 0x0000000089700000, 0x0000000089700000| Complete 
|  96|0x0000000089800000, 0x0000000089900000, 0x0000000089900000|100%| E|CS|TAMS 0x0000000089800000, 0x0000000089800000| Complete 
|  97|0x0000000089900000, 0x00000000899bcbf0, 0x0000000089a00000| 73%| S|CS|TAMS 0x0000000089900000, 0x0000000089900000| Complete 
|  98|0x0000000089a00000, 0x0000000089b00000, 0x0000000089b00000|100%| S|CS|TAMS 0x0000000089a00000, 0x0000000089a00000| Complete 
|  99|0x0000000089b00000, 0x0000000089c00000, 0x0000000089c00000|100%| S|CS|TAMS 0x0000000089b00000, 0x0000000089b00000| Complete 
| 100|0x0000000089c00000, 0x0000000089d00000, 0x0000000089d00000|100%| E|CS|TAMS 0x0000000089c00000, 0x0000000089c00000| Complete 
| 101|0x0000000089d00000, 0x0000000089e00000, 0x0000000089e00000|100%| E|CS|TAMS 0x0000000089d00000, 0x0000000089d00000| Complete 
| 102|0x0000000089e00000, 0x0000000089f00000, 0x0000000089f00000|100%| E|CS|TAMS 0x0000000089e00000, 0x0000000089e00000| Complete 
| 103|0x0000000089f00000, 0x000000008a000000, 0x000000008a000000|100%| E|CS|TAMS 0x0000000089f00000, 0x0000000089f00000| Complete 
| 104|0x000000008a000000, 0x000000008a100000, 0x000000008a100000|100%| E|CS|TAMS 0x000000008a000000, 0x000000008a000000| Complete 
| 105|0x000000008a100000, 0x000000008a200000, 0x000000008a200000|100%| E|CS|TAMS 0x000000008a100000, 0x000000008a100000| Complete 
| 106|0x000000008a200000, 0x000000008a300000, 0x000000008a300000|100%| E|CS|TAMS 0x000000008a200000, 0x000000008a200000| Complete 
| 107|0x000000008a300000, 0x000000008a400000, 0x000000008a400000|100%| E|CS|TAMS 0x000000008a300000, 0x000000008a300000| Complete 
| 108|0x000000008a400000, 0x000000008a500000, 0x000000008a500000|100%| E|CS|TAMS 0x000000008a400000, 0x000000008a400000| Complete 
| 109|0x000000008a500000, 0x000000008a600000, 0x000000008a600000|100%| E|CS|TAMS 0x000000008a500000, 0x000000008a500000| Complete 
| 110|0x000000008a600000, 0x000000008a700000, 0x000000008a700000|100%| E|CS|TAMS 0x000000008a600000, 0x000000008a600000| Complete 
| 111|0x000000008a700000, 0x000000008a800000, 0x000000008a800000|100%| E|CS|TAMS 0x000000008a700000, 0x000000008a700000| Complete 
| 112|0x000000008a800000, 0x000000008a900000, 0x000000008a900000|100%| E|CS|TAMS 0x000000008a800000, 0x000000008a800000| Complete 
| 113|0x000000008a900000, 0x000000008aa00000, 0x000000008aa00000|100%| E|CS|TAMS 0x000000008a900000, 0x000000008a900000| Complete 
| 114|0x000000008aa00000, 0x000000008ab00000, 0x000000008ab00000|100%| E|CS|TAMS 0x000000008aa00000, 0x000000008aa00000| Complete 
| 115|0x000000008ab00000, 0x000000008ac00000, 0x000000008ac00000|100%| E|CS|TAMS 0x000000008ab00000, 0x000000008ab00000| Complete 
| 116|0x000000008ac00000, 0x000000008ad00000, 0x000000008ad00000|100%| E|CS|TAMS 0x000000008ac00000, 0x000000008ac00000| Complete 
| 117|0x000000008ad00000, 0x000000008ae00000, 0x000000008ae00000|100%| E|CS|TAMS 0x000000008ad00000, 0x000000008ad00000| Complete 
| 118|0x000000008ae00000, 0x000000008af00000, 0x000000008af00000|100%| E|CS|TAMS 0x000000008ae00000, 0x000000008ae00000| Complete 
| 119|0x000000008af00000, 0x000000008b000000, 0x000000008b000000|100%| E|CS|TAMS 0x000000008af00000, 0x000000008af00000| Complete 
| 120|0x000000008b000000, 0x000000008b100000, 0x000000008b100000|100%| E|CS|TAMS 0x000000008b000000, 0x000000008b000000| Complete 
| 121|0x000000008b100000, 0x000000008b200000, 0x000000008b200000|100%| E|CS|TAMS 0x000000008b100000, 0x000000008b100000| Complete 
| 122|0x000000008b200000, 0x000000008b300000, 0x000000008b300000|100%| E|CS|TAMS 0x000000008b200000, 0x000000008b200000| Complete 
| 123|0x000000008b300000, 0x000000008b400000, 0x000000008b400000|100%| E|CS|TAMS 0x000000008b300000, 0x000000008b300000| Complete 
| 124|0x000000008b400000, 0x000000008b500000, 0x000000008b500000|100%| E|CS|TAMS 0x000000008b400000, 0x000000008b400000| Complete 
| 125|0x000000008b500000, 0x000000008b600000, 0x000000008b600000|100%| E|CS|TAMS 0x000000008b500000, 0x000000008b500000| Complete 

Card table byte_map: [0x00000272656d0000,0x0000027265ac0000] _byte_map_base: 0x00000272652b4000

Marking Bits (Prev, Next): (CMBitMap*) 0x00000272524b9148, (CMBitMap*) 0x00000272524b9180
 Prev Bits: [0x0000027265eb0000, 0x0000027267dd0000)
 Next Bits: [0x0000027267dd0000, 0x0000027269cf0000)

Polling page: 0x0000027250460000

Metaspace:

Usage:
  Non-class:     38.95 MB capacity,    38.60 MB (>99%) used,   286.21 KB ( <1%) free+waste,    63.69 KB ( <1%) overhead. 
      Class:      5.35 MB capacity,     5.15 MB ( 96%) used,   177.57 KB (  3%) free+waste,    27.00 KB ( <1%) overhead. 
       Both:     44.29 MB capacity,    43.75 MB ( 99%) used,   463.78 KB (  1%) free+waste,    90.69 KB ( <1%) overhead. 

Virtual space:
  Non-class space:       40.00 MB reserved,      38.95 MB ( 97%) committed 
      Class space:        1.00 GB reserved,       5.38 MB ( <1%) committed 
             Both:        1.04 GB reserved,      44.33 MB (  4%) committed 

Chunk freelists:
   Non-Class:  8.00 KB
       Class:  27.00 KB
        Both:  35.00 KB

MaxMetaspaceSize: 17179869184.00 GB
CompressedClassSpaceSize: 1.00 GB
Initial GC threshold: 20.80 MB
Current GC threshold: 59.09 MB
CDS: off

CodeHeap 'non-profiled nmethods': size=120000Kb used=1344Kb max_used=1344Kb free=118656Kb
 bounds [0x000002725da70000, 0x000002725dce0000, 0x0000027264fa0000]
CodeHeap 'profiled nmethods': size=120000Kb used=6681Kb max_used=6681Kb free=113318Kb
 bounds [0x0000027256540000, 0x0000027256bd0000, 0x000002725da70000]
CodeHeap 'non-nmethods': size=5760Kb used=1250Kb max_used=1291Kb free=4509Kb
 bounds [0x0000027255fa0000, 0x0000027256210000, 0x0000027256540000]
 total_blobs=3733 nmethods=3202 adapters=443
 compilation: enabled
              stopped_count=0, restarted_count=0
 full_count=0

Compilation events (20 events):
Event: 6.799 Thread 0x000002726d073000 3182       3       org.jetbrains.kotlin.protobuf.CodedInputStream::readMessage (68 bytes)
Event: 6.800 Thread 0x000002726d073000 nmethod 3182 0x0000027256bb7310 code [0x0000027256bb7520, 0x0000027256bb7938]
Event: 6.800 Thread 0x000002726d073000 3183       3       org.jetbrains.kotlin.protobuf.ByteString::concat (74 bytes)
Event: 6.801 Thread 0x000002726d073000 nmethod 3183 0x0000027256bb7b10 code [0x0000027256bb7de0, 0x0000027256bb8988]
Event: 6.801 Thread 0x000002726d073000 3176       1       org.jetbrains.kotlin.metadata.ProtoBuf$TypeParameter::getUpperBoundIdList (5 bytes)
Event: 6.801 Thread 0x000002726d073000 nmethod 3176 0x000002725dbbe810 code [0x000002725dbbe9c0, 0x000002725dbbea78]
Event: 6.801 Thread 0x000002726d073000 3171       3       org.jetbrains.kotlin.metadata.ProtoBuf$Type$Argument::initFields (20 bytes)
Event: 6.801 Thread 0x000002726d073000 nmethod 3171 0x0000027256bb8e10 code [0x0000027256bb8fe0, 0x0000027256bb9218]
Event: 6.801 Thread 0x000002726d073000 3172       3       org.jetbrains.kotlin.metadata.ProtoBuf$Type$Argument$1::parsePartialFrom (7 bytes)
Event: 6.802 Thread 0x000002726d073000 nmethod 3172 0x0000027256bb9310 code [0x0000027256bb94e0, 0x0000027256bb9748]
Event: 6.811 Thread 0x000002726d073000 3189       3       jdk.internal.org.objectweb.asm.AnnotationVisitor::<init> (35 bytes)
Event: 6.811 Thread 0x000002726d073000 nmethod 3189 0x0000027256bb9890 code [0x0000027256bb9a60, 0x0000027256bb9d48]
Event: 6.814 Thread 0x000002726d073000 3191       3       java.lang.invoke.MethodType::changeReturnType (20 bytes)
Event: 6.814 Thread 0x000002726d073000 nmethod 3191 0x0000027256bb9e90 code [0x0000027256bba040, 0x0000027256bba1e8]
Event: 6.817 Thread 0x000002726d073000 3192       3       org.jetbrains.kotlin.cli.jvm.index.JvmDependenciesIndexImpl::doTravelPath (194 bytes)
Event: 6.818 Thread 0x000002726d073000 nmethod 3192 0x0000027256bba290 code [0x0000027256bba5a0, 0x0000027256bbb8e8]
Event: 6.818 Thread 0x000002726d073000 3193       1       org.jetbrains.kotlin.cli.jvm.index.JvmDependenciesIndexImpl$TraverseRequest::getAcceptedRootTypes (5 bytes)
Event: 6.818 Thread 0x000002726d073000 nmethod 3193 0x000002725dbbee10 code [0x000002725dbbefc0, 0x000002725dbbf078]
Event: 6.818 Thread 0x000002726d073000 3194       3       java.util.RegularEnumSet::contains (57 bytes)
Event: 6.819 Thread 0x000002726d073000 nmethod 3194 0x0000027256bbbf90 code [0x0000027256bbc160, 0x0000027256bbc528]

GC Heap History (8 events):
Event: 1.016 GC heap before
{Heap before GC invocations=0 (full 0):
 garbage-first heap   total 129024K, used 27648K [0x0000000083800000, 0x0000000100000000)
  region size 1024K, 24 young (24576K), 0 survivors (0K)
 Metaspace       used 12316K, capacity 12469K, committed 12800K, reserved 1060864K
  class space    used 1140K, capacity 1174K, committed 1280K, reserved 1048576K
}
Event: 1.021 GC heap after
{Heap after GC invocations=1 (full 0):
 garbage-first heap   total 129024K, used 5649K [0x0000000083800000, 0x0000000100000000)
  region size 1024K, 3 young (3072K), 3 survivors (3072K)
 Metaspace       used 12316K, capacity 12469K, committed 12800K, reserved 1060864K
  class space    used 1140K, capacity 1174K, committed 1280K, reserved 1048576K
}
Event: 2.405 GC heap before
{Heap before GC invocations=1 (full 0):
 garbage-first heap   total 129024K, used 41489K [0x0000000083800000, 0x0000000100000000)
  region size 1024K, 39 young (39936K), 3 survivors (3072K)
 Metaspace       used 21044K, capacity 21230K, committed 21248K, reserved 1069056K
  class space    used 2209K, capacity 2286K, committed 2304K, reserved 1048576K
}
Event: 2.422 GC heap after
{Heap after GC invocations=2 (full 0):
 garbage-first heap   total 129024K, used 9541K [0x0000000083800000, 0x0000000100000000)
  region size 1024K, 7 young (7168K), 7 survivors (7168K)
 Metaspace       used 21044K, capacity 21230K, committed 21248K, reserved 1069056K
  class space    used 2209K, capacity 2286K, committed 2304K, reserved 1048576K
}
Event: 4.773 GC heap before
{Heap before GC invocations=3 (full 0):
 garbage-first heap   total 129024K, used 70981K [0x0000000083800000, 0x0000000100000000)
  region size 1024K, 55 young (56320K), 7 survivors (7168K)
 Metaspace       used 30385K, capacity 30790K, committed 30844K, reserved 1077248K
  class space    used 3550K, capacity 3695K, committed 3712K, reserved 1048576K
}
Event: 4.798 GC heap after
{Heap after GC invocations=4 (full 0):
 garbage-first heap   total 129024K, used 24467K [0x0000000083800000, 0x0000000100000000)
  region size 1024K, 7 young (7168K), 7 survivors (7168K)
 Metaspace       used 30385K, capacity 30790K, committed 30844K, reserved 1077248K
  class space    used 3550K, capacity 3695K, committed 3712K, reserved 1048576K
}
Event: 5.609 GC heap before
{Heap before GC invocations=4 (full 0):
 garbage-first heap   total 129024K, used 50067K [0x0000000083800000, 0x0000000100000000)
  region size 1024K, 33 young (33792K), 7 survivors (7168K)
 Metaspace       used 35534K, capacity 35953K, committed 36048K, reserved 1081344K
  class space    used 4134K, capacity 4284K, committed 4352K, reserved 1048576K
}
Event: 5.632 GC heap after
{Heap after GC invocations=5 (full 0):
 garbage-first heap   total 129024K, used 24824K [0x0000000083800000, 0x0000000100000000)
  region size 1024K, 3 young (3072K), 3 survivors (3072K)
 Metaspace       used 35534K, capacity 35953K, committed 36048K, reserved 1081344K
  class space    used 4134K, capacity 4284K, committed 4352K, reserved 1048576K
}

Deoptimization events (20 events):
Event: 6.671 Thread 0x000002725247a800 DEOPT PACKING pc=0x000002725db725d4 sp=0x000000b68a8fb610
Event: 6.671 Thread 0x000002725247a800 DEOPT UNPACKING pc=0x0000027255fea1af sp=0x000000b68a8fb5a8 mode 2
Event: 6.671 Thread 0x000002725247a800 Uncommon trap: trap_request=0xffffffc6 fr.pc=0x000002725db725d4 relative=0x0000000000000094
Event: 6.671 Thread 0x000002725247a800 Uncommon trap: reason=bimorphic_or_optimized_type_check action=maybe_recompile pc=0x000002725db725d4 method=java.util.AbstractList$Itr.hasNext()Z @ 8 c2
Event: 6.671 Thread 0x000002725247a800 DEOPT PACKING pc=0x000002725db725d4 sp=0x000000b68a8fb610
Event: 6.671 Thread 0x000002725247a800 DEOPT UNPACKING pc=0x0000027255fea1af sp=0x000000b68a8fb5a8 mode 2
Event: 6.694 Thread 0x000002725247a800 Uncommon trap: trap_request=0xffffffc6 fr.pc=0x000002725db37d68 relative=0x0000000000001548
Event: 6.694 Thread 0x000002725247a800 Uncommon trap: reason=bimorphic_or_optimized_type_check action=maybe_recompile pc=0x000002725db37d68 method=java.util.zip.ZipFile.getZipEntry(Ljava/lang/String;[BILjava/util/function/Function;)Ljava/util/zip/ZipEntry; @ 108 c2
Event: 6.694 Thread 0x000002725247a800 DEOPT PACKING pc=0x000002725db37d68 sp=0x000000b68a8fac30
Event: 6.694 Thread 0x000002725247a800 DEOPT UNPACKING pc=0x0000027255fea1af sp=0x000000b68a8fabe8 mode 2
Event: 6.697 Thread 0x000002725247a800 Uncommon trap: trap_request=0xffffffc6 fr.pc=0x000002725db37d68 relative=0x0000000000001548
Event: 6.697 Thread 0x000002725247a800 Uncommon trap: reason=bimorphic_or_optimized_type_check action=maybe_recompile pc=0x000002725db37d68 method=java.util.zip.ZipFile.getZipEntry(Ljava/lang/String;[BILjava/util/function/Function;)Ljava/util/zip/ZipEntry; @ 108 c2
Event: 6.697 Thread 0x000002725247a800 DEOPT PACKING pc=0x000002725db37d68 sp=0x000000b68a8fa0e0
Event: 6.697 Thread 0x000002725247a800 DEOPT UNPACKING pc=0x0000027255fea1af sp=0x000000b68a8fa098 mode 2
Event: 6.712 Thread 0x000002725247a800 Uncommon trap: trap_request=0xffffff4d fr.pc=0x000002725dbb784c relative=0x000000000000066c
Event: 6.713 Thread 0x000002725247a800 Uncommon trap: reason=unstable_if action=reinterpret pc=0x000002725dbb784c method=org.jetbrains.org.objectweb.asm.ClassReader.readUtf(II[C)Ljava/lang/String; @ 41 c2
Event: 6.713 Thread 0x000002725247a800 DEOPT PACKING pc=0x000002725dbb784c sp=0x000000b68a8f9c00
Event: 6.713 Thread 0x000002725247a800 DEOPT UNPACKING pc=0x0000027255fea1af sp=0x000000b68a8f9ba8 mode 2
Event: 6.724 Thread 0x000002725247a800 DEOPT PACKING pc=0x0000027256933b74 sp=0x000000b68a8f9ac0
Event: 6.724 Thread 0x000002725247a800 DEOPT UNPACKING pc=0x0000027255fea95e sp=0x000000b68a8f9060 mode 0

Classes redefined (0 events):
No events

Internal exceptions (20 events):
Event: 2.282 Thread 0x000002725247a800 Exception <a 'java/lang/NoSuchMethodError'{0x0000000089312610}: 'long java.lang.invoke.DirectMethodHandle$Holder.invokeStaticInit(java.lang.Object)'> (0x0000000089312610) thrown at [./src/hotspot/share/interpreter/linkResolver.cpp, line 773]
Event: 2.365 Thread 0x000002725247a800 Exception <a 'java/lang/NoSuchMethodError'{0x000000008907f038}: 'int java.lang.invoke.DirectMethodHandle$Holder.invokeStaticInit(java.lang.Object, java.lang.Object, java.lang.Object)'> (0x000000008907f038) thrown at [./src/hotspot/share/interpreter/linkResolver.cpp, line 773]
Event: 2.371 Thread 0x000002725247a800 Exception <a 'java/lang/NoSuchMethodError'{0x00000000890add28}: 'int java.lang.invoke.DirectMethodHandle$Holder.invokeStaticInit(java.lang.Object, java.lang.Object)'> (0x00000000890add28) thrown at [./src/hotspot/share/interpreter/linkResolver.cpp, line 773]
Event: 2.697 Thread 0x000002725247a800 Exception <a 'java/lang/NoSuchMethodError'{0x000000008ac062c0}: 'java.lang.Object java.lang.invoke.DirectMethodHandle$Holder.invokeStatic(java.lang.Object, java.lang.Object, java.lang.Object, java.lang.Object, java.lang.Object, java.lang.Object, java.lang.Object, java.lang.Object, java.lang.Object, java.lang.Object, java.lang.Object, java.lang.Object, java.lang.Object, java.lang.Object, java.lang.Object)'> (0x000000008ac062c0) thrown at [./src/hotspot/share/interpreter/linkResolver.cpp, line 773]
Event: 2.699 Thread 0x000002725247a800 Exception <a 'java/lang/NoSuchMethodError'{0x000000008ac142c8}: 'java.lang.Object java.lang.invoke.DirectMethodHandle$Holder.invokeStatic(java.lang.Object, java.lang.Object, java.lang.Object, java.lang.Object, java.lang.Object, java.lang.Object, java.lang.Object, java.lang.Object, java.lang.Object, java.lang.Object, java.lang.Object, java.lang.Object, java.lang.Object, java.lang.Object, java.lang.Object, java.lang.Object)'> (0x000000008ac142c8) thrown at [./src/hotspot/share/interpreter/linkResolver.cpp, l
Event: 2.701 Thread 0x000002725247a800 Exception <a 'java/lang/NoSuchMethodError'{0x000000008ac221e0}: 'java.lang.Object java.lang.invoke.DirectMethodHandle$Holder.invokeSpecial(java.lang.Object, java.lang.Object, int, int, java.lang.Object, java.lang.Object, java.lang.Object)'> (0x000000008ac221e0) thrown at [./src/hotspot/share/interpreter/linkResolver.cpp, line 773]
Event: 2.701 Thread 0x000002725247a800 Exception <a 'java/lang/NoSuchMethodError'{0x000000008ac25a18}: 'java.lang.Object java.lang.invoke.DelegatingMethodHandle$Holder.reinvoke_L(java.lang.Object, int, int, java.lang.Object, java.lang.Object, java.lang.Object)'> (0x000000008ac25a18) thrown at [./src/hotspot/share/interpreter/linkResolver.cpp, line 773]
Event: 2.702 Thread 0x000002725247a800 Exception <a 'java/lang/NoSuchMethodError'{0x000000008ac29da0}: 'java.lang.Object java.lang.invoke.DirectMethodHandle$Holder.invokeStatic(java.lang.Object, java.lang.Object, java.lang.Object, java.lang.Object, int)'> (0x000000008ac29da0) thrown at [./src/hotspot/share/interpreter/linkResolver.cpp, line 773]
Event: 2.754 Thread 0x000002725247a800 Implicit null exception at 0x000002725dafa62c to 0x000002725dafa7da
Event: 2.791 Thread 0x000002725247a800 Exception <a 'java/lang/NoSuchMethodError'{0x000000008a7a71d8}: 'void java.lang.invoke.DirectMethodHandle$Holder.invokeStatic(java.lang.Object, java.lang.Object, java.lang.Object, java.lang.Object)'> (0x000000008a7a71d8) thrown at [./src/hotspot/share/interpreter/linkResolver.cpp, line 773]
Event: 2.830 Thread 0x000002725247a800 Exception <a 'java/lang/NoSuchMethodError'{0x000000008a6f9050}: 'void java.lang.invoke.DirectMethodHandle$Holder.invokeSpecial(java.lang.Object, java.lang.Object)'> (0x000000008a6f9050) thrown at [./src/hotspot/share/interpreter/linkResolver.cpp, line 773]
Event: 2.888 Thread 0x000002725247a800 Exception <a 'java/lang/NoSuchMethodError'{0x000000008a39ebe0}: 'void java.lang.invoke.DirectMethodHandle$Holder.invokeStaticInit(java.lang.Object, java.lang.Object)'> (0x000000008a39ebe0) thrown at [./src/hotspot/share/interpreter/linkResolver.cpp, line 773]
Event: 2.898 Thread 0x000002725247a800 Exception <a 'java/lang/NoSuchMethodError'{0x000000008a3dd680}: 'void java.lang.invoke.DirectMethodHandle$Holder.invokeInterface(java.lang.Object, java.lang.Object)'> (0x000000008a3dd680) thrown at [./src/hotspot/share/interpreter/linkResolver.cpp, line 773]
Event: 3.017 Thread 0x000002725247a800 Exception <a 'java/lang/NoSuchMethodError'{0x0000000089ff9e60}: 'void java.lang.invoke.DirectMethodHandle$Holder.invokeVirtual(java.lang.Object, java.lang.Object)'> (0x0000000089ff9e60) thrown at [./src/hotspot/share/interpreter/linkResolver.cpp, line 773]
Event: 3.034 Thread 0x000002725247a800 Exception <a 'java/lang/NoSuchMethodError'{0x0000000089e711c8}: 'int java.lang.invoke.DirectMethodHandle$Holder.invokeVirtual(java.lang.Object, java.lang.Object)'> (0x0000000089e711c8) thrown at [./src/hotspot/share/interpreter/linkResolver.cpp, line 773]
Event: 5.157 Thread 0x000002725247a800 Exception <a 'java/lang/NoSuchMethodError'{0x000000008aab0270}: 'java.lang.Object java.lang.invoke.DirectMethodHandle$Holder.invokeVirtual(java.lang.Object, java.lang.Object, java.lang.Object)'> (0x000000008aab0270) thrown at [./src/hotspot/share/interpreter/linkResolver.cpp, line 773]
Event: 6.367 Thread 0x000002725247a800 Exception <a 'java/lang/NoSuchMethodError'{0x00000000898700d0}: 'java.lang.Object java.lang.invoke.Invokers$Holder.linkToTargetMethod(java.lang.Object, int, java.lang.Object)'> (0x00000000898700d0) thrown at [./src/hotspot/share/interpreter/linkResolver.cpp, line 773]
Event: 6.424 Thread 0x000002725247a800 Exception <a 'java/lang/NoSuchMethodError'{0x00000000897ee5c0}: 'java.lang.Object java.lang.invoke.DirectMethodHandle$Holder.invokeStatic(java.lang.Object, java.lang.Object, java.lang.Object, int)'> (0x00000000897ee5c0) thrown at [./src/hotspot/share/interpreter/linkResolver.cpp, line 773]
Event: 6.425 Thread 0x000002725247a800 Exception <a 'java/lang/NoSuchMethodError'{0x00000000897f2230}: 'java.lang.Object java.lang.invoke.DirectMethodHandle$Holder.invokeSpecial(java.lang.Object, java.lang.Object, java.lang.Object, java.lang.Object, int)'> (0x00000000897f2230) thrown at [./src/hotspot/share/interpreter/linkResolver.cpp, line 773]
Event: 6.425 Thread 0x000002725247a800 Exception <a 'java/lang/NoSuchMethodError'{0x00000000897f5540}: 'java.lang.Object java.lang.invoke.Invokers$Holder.linkToTargetMethod(java.lang.Object, java.lang.Object, int, java.lang.Object)'> (0x00000000897f5540) thrown at [./src/hotspot/share/interpreter/linkResolver.cpp, line 773]

Events (20 events):
Event: 6.814 loading class org/jetbrains/kotlin/com/intellij/psi/PsiClass
Event: 6.814 loading class org/jetbrains/kotlin/com/intellij/psi/PsiClass done
Event: 6.814 loading class org/jetbrains/kotlin/com/intellij/util/ArrayFactory
Event: 6.814 loading class org/jetbrains/kotlin/com/intellij/util/ArrayFactory done
Event: 6.814 loading class org/jetbrains/kotlin/cli/jvm/compiler/KotlinCliJavaFileManagerImpl$findClasses$1
Event: 6.814 loading class org/jetbrains/kotlin/cli/jvm/compiler/KotlinCliJavaFileManagerImpl$findClasses$1 done
Event: 6.815 loading class org/jetbrains/kotlin/cli/jvm/compiler/KotlinCliJavaFileManagerImplKt$toSafeTopLevelClassId$1
Event: 6.815 loading class org/jetbrains/kotlin/cli/jvm/compiler/KotlinCliJavaFileManagerImplKt$toSafeTopLevelClassId$1 done
Event: 6.815 loading class org/jetbrains/kotlin/cli/jvm/compiler/KotlinCliJavaFileManagerImpl$findClasses$1$1$1
Event: 6.815 loading class org/jetbrains/kotlin/cli/jvm/compiler/KotlinCliJavaFileManagerImpl$findClasses$1$1$1 done
Event: 6.817 loading class org/jetbrains/kotlin/load/java/structure/impl/JavaElementCollectionFromPsiArrayUtil
Event: 6.817 loading class org/jetbrains/kotlin/load/java/structure/impl/JavaElementCollectionFromPsiArrayUtil done
Event: 6.819 loading class org/jetbrains/kotlin/com/intellij/util/IdempotenceChecker
Event: 6.819 loading class org/jetbrains/kotlin/com/intellij/util/IdempotenceChecker done
Event: 6.821 loading class org/jetbrains/kotlin/com/intellij/util/Function
Event: 6.821 loading class org/jetbrains/kotlin/com/intellij/util/Function done
Event: 6.822 loading class org/jetbrains/kotlin/load/java/typeEnhancement/TypeAndDefaultQualifiers
Event: 6.822 loading class org/jetbrains/kotlin/load/java/typeEnhancement/TypeAndDefaultQualifiers done
Event: 6.823 loading class org/jetbrains/kotlin/load/java/typeEnhancement/JavaTypeQualifiers
Event: 6.823 loading class org/jetbrains/kotlin/load/java/typeEnhancement/JavaTypeQualifiers done


Dynamic libraries:
0x00007ff6e02b0000 - 0x00007ff6e02ba000 	C:\Program Files\Android\Android Studio\jre\bin\java.exe
0x00007ffb94e70000 - 0x00007ffb95068000 	C:\WINDOWS\SYSTEM32\ntdll.dll
0x00007ffb93230000 - 0x00007ffb932ed000 	C:\WINDOWS\System32\KERNEL32.DLL
0x00007ffb92670000 - 0x00007ffb92942000 	C:\WINDOWS\System32\KERNELBASE.dll
0x00007ffb92a60000 - 0x00007ffb92b60000 	C:\WINDOWS\System32\ucrtbase.dll
0x00007ffb64b90000 - 0x00007ffb64ba7000 	C:\Program Files\Android\Android Studio\jre\bin\VCRUNTIME140.dll
0x00007ffb65290000 - 0x00007ffb652a9000 	C:\Program Files\Android\Android Studio\jre\bin\jli.dll
0x00007ffb94bc0000 - 0x00007ffb94d5d000 	C:\WINDOWS\System32\USER32.dll
0x00007ffb79f50000 - 0x00007ffb7a1ea000 	C:\WINDOWS\WinSxS\amd64_microsoft.windows.common-controls_6595b64144ccf1df_6.0.19041.1110_none_60b5254171f9507e\COMCTL32.dll
0x00007ffb92610000 - 0x00007ffb92632000 	C:\WINDOWS\System32\win32u.dll
0x00007ffb932f0000 - 0x00007ffb9338e000 	C:\WINDOWS\System32\msvcrt.dll
0x00007ffb94620000 - 0x00007ffb9464b000 	C:\WINDOWS\System32\GDI32.dll
0x00007ffb92d70000 - 0x00007ffb92e7f000 	C:\WINDOWS\System32\gdi32full.dll
0x00007ffb929c0000 - 0x00007ffb92a5d000 	C:\WINDOWS\System32\msvcp_win.dll
0x00007ffb94910000 - 0x00007ffb94940000 	C:\WINDOWS\System32\IMM32.DLL
0x00007ffb48cd0000 - 0x00007ffb48d6d000 	C:\Program Files\Android\Android Studio\jre\bin\msvcp140.dll
0x00007ffb39fc0000 - 0x00007ffb3aac2000 	C:\Program Files\Android\Android Studio\jre\bin\server\jvm.dll
0x00007ffb93a30000 - 0x00007ffb93ade000 	C:\WINDOWS\System32\ADVAPI32.dll
0x00007ffb946b0000 - 0x00007ffb9474c000 	C:\WINDOWS\System32\sechost.dll
0x00007ffb94750000 - 0x00007ffb94875000 	C:\WINDOWS\System32\RPCRT4.dll
0x00007ffb935a0000 - 0x00007ffb935a8000 	C:\WINDOWS\System32\PSAPI.DLL
0x00007ffb86690000 - 0x00007ffb8669a000 	C:\WINDOWS\SYSTEM32\VERSION.dll
0x00007ffb7fe80000 - 0x00007ffb7fea7000 	C:\WINDOWS\SYSTEM32\WINMM.dll
0x00007ffb8dc00000 - 0x00007ffb8dc09000 	C:\WINDOWS\SYSTEM32\WSOCK32.dll
0x00007ffb93ae0000 - 0x00007ffb93b4b000 	C:\WINDOWS\System32\WS2_32.dll
0x00007ffb90d90000 - 0x00007ffb90da2000 	C:\WINDOWS\SYSTEM32\kernel.appcore.dll
0x00007ffb88340000 - 0x00007ffb88351000 	C:\Program Files\Android\Android Studio\jre\bin\verify.dll
0x00007ffb90110000 - 0x00007ffb902f4000 	C:\WINDOWS\SYSTEM32\DBGHELP.DLL
0x00007ffb7eed0000 - 0x00007ffb7eefc000 	C:\WINDOWS\SYSTEM32\dbgcore.DLL
0x00007ffb92580000 - 0x00007ffb92602000 	C:\WINDOWS\System32\bcryptPrimitives.dll
0x00007ffb88200000 - 0x00007ffb88229000 	C:\Program Files\Android\Android Studio\jre\bin\java.dll
0x00007ffb8dbc0000 - 0x00007ffb8dbcb000 	C:\Program Files\Android\Android Studio\jre\bin\jimage.dll
0x00007ffb881d0000 - 0x00007ffb881e8000 	C:\Program Files\Android\Android Studio\jre\bin\zip.dll
0x00007ffb93bb0000 - 0x00007ffb942f3000 	C:\WINDOWS\System32\SHELL32.dll
0x00007ffb905e0000 - 0x00007ffb90d71000 	C:\WINDOWS\SYSTEM32\windows.storage.dll
0x00007ffb92ed0000 - 0x00007ffb93224000 	C:\WINDOWS\System32\combase.dll
0x00007ffb91f70000 - 0x00007ffb91fa0000 	C:\WINDOWS\SYSTEM32\Wldp.dll
0x00007ffb94510000 - 0x00007ffb945bd000 	C:\WINDOWS\System32\SHCORE.dll
0x00007ffb945c0000 - 0x00007ffb94615000 	C:\WINDOWS\System32\shlwapi.dll
0x00007ffb924c0000 - 0x00007ffb924df000 	C:\WINDOWS\SYSTEM32\profapi.dll
0x00007ffb88190000 - 0x00007ffb881aa000 	C:\Program Files\Android\Android Studio\jre\bin\net.dll
0x00007ffb8cce0000 - 0x00007ffb8cded000 	C:\WINDOWS\SYSTEM32\WINHTTP.dll
0x00007ffb91cd0000 - 0x00007ffb91d3a000 	C:\WINDOWS\system32\mswsock.dll
0x00007ffb87dc0000 - 0x00007ffb87dd4000 	C:\Program Files\Android\Android Studio\jre\bin\nio.dll

dbghelp: loaded successfully - version: 4.0.5 - missing functions: none
symbol engine: initialized successfully - sym options: 0x614 - pdb path: .;C:\Program Files\Android\Android Studio\jre\bin;C:\WINDOWS\SYSTEM32;C:\WINDOWS\WinSxS\amd64_microsoft.windows.common-controls_6595b64144ccf1df_6.0.19041.1110_none_60b5254171f9507e;C:\Program Files\Android\Android Studio\jre\bin\server

VM Arguments:
java_command: org.jetbrains.kotlin.cli.jvm.K2JVMCompiler @C:\Users\MINH PHAT\Desktop\LTMobile\AppQuanLiDiem\app\build\20221105_2870795096401481041.compiler.options
java_class_path (initial): C:\Users\MINH PHAT\.gradle\caches\modules-2\files-2.1\org.jetbrains.kotlin\kotlin-compiler-embeddable\1.5.21\40ddbcae9ff100473f95370c2d589ba3fc48eed5\kotlin-compiler-embeddable-1.5.21.jar;C:\Users\MINH PHAT\.gradle\caches\modules-2\files-2.1\org.jetbrains.kotlin\kotlin-reflect\1.5.21\802f1f39735ae1eb2b75714a40fa19bb2e687e96\kotlin-reflect-1.5.21.jar;C:\Users\MINH PHAT\.gradle\caches\modules-2\files-2.1\org.jetbrains.kotlin\kotlin-stdlib\1.5.21\2f537cad7e9eeb9da73738c8812e1e4cf9b62e4e\kotlin-stdlib-1.5.21.jar;C:\Users\MINH PHAT\.gradle\caches\modules-2\files-2.1\org.jetbrains.kotlin\kotlin-script-runtime\1.5.21\96d49e89873fde985750af354b6eabb60cfa999b\kotlin-script-runtime-1.5.21.jar;C:\Users\MINH PHAT\.gradle\caches\modules-2\files-2.1\org.jetbrains.kotlin\kotlin-daemon-embeddable\1.5.21\17255809e66a940dfdf6289bccbdfb5a09f3145\kotlin-daemon-embeddable-1.5.21.jar;C:\Users\MINH PHAT\.gradle\caches\modules-2\files-2.1\org.jetbrains.intellij.deps\trove4j\1.0.20181211\216c2e14b070f334479d800987affe4054cd563f\trove4j-1.0.20181211.jar;C:\Users\MINH PHAT\.gradle\caches\modules-2\files-2.1\org.jetbrains\annotations\13.0\919f0dfe192fb4e063e7dacadee7f8bb9a2672a9\annotations-13.0.jar;C:\Users\MINH PHAT\.gradle\caches\modules-2\files-2.1\org.jetbrains.kotlin\kotlin-stdlib-common\1.5.21\cc8bf3586fd2ebcf234058b9440bb406e62dfacb\kotlin-stdlib-common-1.5.21.jar
Launcher Type: SUN_STANDARD

[Global flags]
     intx CICompilerCount                          = 4                                         {product} {ergonomic}
     uint ConcGCThreads                            = 2                                         {product} {ergonomic}
     uint G1ConcRefinementThreads                  = 8                                         {product} {ergonomic}
   size_t G1HeapRegionSize                         = 1048576                                   {product} {ergonomic}
    uintx GCDrainStackTargetSize                   = 64                                        {product} {ergonomic}
   size_t InitialHeapSize                          = 132120576                                 {product} {ergonomic}
   size_t MarkStackSize                            = 4194304                                   {product} {ergonomic}
   size_t MaxHeapSize                              = 2088763392                                {product} {ergonomic}
   size_t MaxNewSize                               = 1253048320                                {product} {ergonomic}
   size_t MinHeapDeltaBytes                        = 1048576                                   {product} {ergonomic}
    uintx NonNMethodCodeHeapSize                   = 5836300                                {pd product} {ergonomic}
    uintx NonProfiledCodeHeapSize                  = 122910970                              {pd product} {ergonomic}
    uintx ProfiledCodeHeapSize                     = 122910970                              {pd product} {ergonomic}
    uintx ReservedCodeCacheSize                    = 251658240                              {pd product} {ergonomic}
     bool SegmentedCodeCache                       = true                                      {product} {ergonomic}
     bool UseCompressedClassPointers               = true                                 {lp64_product} {ergonomic}
     bool UseCompressedOops                        = true                                 {lp64_product} {ergonomic}
     bool UseG1GC                                  = true                                      {product} {ergonomic}
     bool UseLargePagesIndividualAllocation        = false                                  {pd product} {ergonomic}

Logging:
Log output configuration:
 #0: stdout all=warning uptime,level,tags
 #1: stderr all=off uptime,level,tags

Environment Variables:
JAVA_HOME=C:\Program Files\Java\jdk-18.0.2.1
PATH=C:\Program Files\Common Files\Oracle\Java\javapath;C:\WINDOWS\system32;C:\WINDOWS;C:\WINDOWS\System32\Wbem;C:\WINDOWS\System32\WindowsPowerShell\v1.0\;C:\WINDOWS\System32\OpenSSH\;C:\Program Files\Git\cmd;C:\xampp\php;C:\composer;C:\Program Files\Microsoft SQL Server\Client SDK\ODBC\170\Tools\Binn\;C:\Program Files (x86)\Microsoft SQL Server\150\Tools\Binn\;C:\Program Files\Microsoft SQL Server\150\Tools\Binn\;C:\Program Files\Microsoft SQL Server\150\DTS\Binn\;C:\Program Files\Azure Data Studio\bin;C:\Program Files (x86)\Microsoft SQL Server\150\DTS\Binn\;D:\nodejs\;C:\Program Files\Microsoft SQL Server\130\Tools\Binn\;C:\Users\MINH PHAT\AppData\Local\Microsoft\WindowsApps;C:\Users\MINH PHAT\AppData\Roaming\Composer\vendor\bin;C:\Users\MINH PHAT\AppData\Local\Programs\Microsoft VS Code\bin;C:\Program Files\Azure Data Studio\bin;C:\Program Files\Azure Data Studio\bin;C:\Program Files\Azure Data Studio\bin;C:\Users\MINH PHAT\AppData\Roaming\npm
USERNAME=MINH PHAT
OS=Windows_NT
PROCESSOR_IDENTIFIER=Intel64 Family 6 Model 142 Stepping 12, GenuineIntel



---------------  S Y S T E M  ---------------

OS: Windows 10 , 64 bit Build 19041 (10.0.19041.1889)
OS uptime: 7 days 22:49 hours
Hyper-V role detected

CPU:total 8 (initial active 8) (4 cores per cpu, 2 threads per core) family 6 model 142 stepping 12 microcode 0xb8, cmov, cx8, fxsr, mmx, sse, sse2, sse3, ssse3, sse4.1, sse4.2, popcnt, avx, avx2, aes, clmul, erms, 3dnowpref, lzcnt, ht, tsc, tscinvbit, bmi1, bmi2, adx, fma

Memory: 4k page, system-wide physical 7967M (435M free)
TotalPageFile size 16159M (AvailPageFile size 6M)
current process WorkingSet (physical memory assigned to process): 217M, peak: 217M
current process commit charge ("private bytes"): 299M, peak: 301M

vm_info: OpenJDK 64-Bit Server VM (11.0.13+0-b1751.21-8125866) for windows-amd64 JRE (11.0.13+0-b1751.21-8125866), built on Feb  2 2022 03:00:22 by "builder" with MS VC++ 14.0 (VS2015)

END.
