#
# There is insufficient memory for the Java Runtime Environment to continue.
# Native memory allocation (malloc) failed to allocate 637136 bytes for Chunk::new
# Possible reasons:
#   The system is out of physical RAM or swap space
#   The process is running with CompressedOops enabled, and the Java Heap may be blocking the growth of the native heap
# Possible solutions:
#   Reduce memory load on the system
#   Increase physical memory or swap space
#   Check if swap backing store is full
#   Decrease Java heap size (-Xmx/-Xms)
#   Decrease number of Java threads
#   Decrease Java thread stack sizes (-Xss)
#   Set larger code cache with -XX:ReservedCodeCacheSize=
#   JVM is running with Unscaled Compressed Oops mode in which the Java heap is
#     placed in the first 4GB address space. The Java Heap base address is the
#     maximum limit for the native heap growth. Please use -XX:HeapBaseMinAddress
#     to set the Java Heap base and to place the Java Heap above 4GB virtual address.
# This output file may be truncated or incomplete.
#
#  Out of Memory Error (./src/hotspot/share/memory/arena.cpp:197), pid=10384, tid=9868
#
# JRE version: OpenJDK Runtime Environment (11.0.13) (build 11.0.13+0-b1751.21-8125866)
# Java VM: OpenJDK 64-Bit Server VM (11.0.13+0-b1751.21-8125866, mixed mode, tiered, compressed oops, g1 gc, windows-amd64)
# No core dump will be written. Minidumps are not enabled by default on client versions of Windows
#

---------------  S U M M A R Y ------------

Command Line: org.jetbrains.kotlin.cli.jvm.K2JVMCompiler @C:\Users\MINH PHAT\Desktop\LTMobile\AppQuanLiDiem\app\build\20221105_10852992325154686981.compiler.options

Host: Intel(R) Core(TM) i5-8265U CPU @ 1.60GHz, 8 cores, 7G,  Windows 10 , 64 bit Build 19041 (10.0.19041.1889)
Time: Sat Nov  5 21:00:13 2022 SE Asia Standard Time elapsed time: 2.537598 seconds (0d 0h 0m 2s)

---------------  T H R E A D  ---------------

Current thread (0x0000010eebddf000):  JavaThread "C2 CompilerThread0" daemon [_thread_in_native, id=9868, stack(0x0000000d3ee00000,0x0000000d3ef00000)]


Current CompileTask:
C2:   2537 1934   !   4       jdk.internal.loader.BuiltinClassLoader::loadClassOrNull (143 bytes)

Stack: [0x0000000d3ee00000,0x0000000d3ef00000]
Native frames: (J=compiled Java code, j=interpreted, Vv=VM code, C=native code)
V  [jvm.dll+0x6100fa]
V  [jvm.dll+0x747090]
V  [jvm.dll+0x7486ad]
V  [jvm.dll+0x748d83]
V  [jvm.dll+0x24ab48]
V  [jvm.dll+0xc04dc]
V  [jvm.dll+0xc0a0c]
V  [jvm.dll+0x35eb9d]
V  [jvm.dll+0x19d420]
V  [jvm.dll+0x2033be]
V  [jvm.dll+0x202437]
V  [jvm.dll+0x188e01]
V  [jvm.dll+0x21106b]
V  [jvm.dll+0x20f8c1]
V  [jvm.dll+0x70de0f]
V  [jvm.dll+0x706a75]
V  [jvm.dll+0x60ed66]
C  [ucrtbase.dll+0x21bb2]
C  [KERNEL32.DLL+0x17034]
C  [ntdll.dll+0x526a1]


---------------  P R O C E S S  ---------------

Threads class SMR info:
_java_thread_list=0x0000010eed5fa550, length=11, elements={
0x0000010ed09cb000, 0x0000010eeb45b800, 0x0000010eeb45c800, 0x0000010eebdd7800,
0x0000010eebdda000, 0x0000010eebddb000, 0x0000010eebddf000, 0x0000010eebde2800,
0x0000010eeb472000, 0x0000010eebf3d000, 0x0000010eed767000
}

Java Threads: ( => current thread )
  0x0000010ed09cb000 JavaThread "main" [_thread_in_Java, id=15684, stack(0x0000000d3e200000,0x0000000d3e300000)]
  0x0000010eeb45b800 JavaThread "Reference Handler" daemon [_thread_blocked, id=16840, stack(0x0000000d3e900000,0x0000000d3ea00000)]
  0x0000010eeb45c800 JavaThread "Finalizer" daemon [_thread_blocked, id=9052, stack(0x0000000d3ea00000,0x0000000d3eb00000)]
  0x0000010eebdd7800 JavaThread "Signal Dispatcher" daemon [_thread_blocked, id=17860, stack(0x0000000d3eb00000,0x0000000d3ec00000)]
  0x0000010eebdda000 JavaThread "Attach Listener" daemon [_thread_blocked, id=5268, stack(0x0000000d3ec00000,0x0000000d3ed00000)]
  0x0000010eebddb000 JavaThread "Service Thread" daemon [_thread_blocked, id=13252, stack(0x0000000d3ed00000,0x0000000d3ee00000)]
=>0x0000010eebddf000 JavaThread "C2 CompilerThread0" daemon [_thread_in_native, id=9868, stack(0x0000000d3ee00000,0x0000000d3ef00000)]
  0x0000010eebde2800 JavaThread "C1 CompilerThread0" daemon [_thread_in_native, id=10664, stack(0x0000000d3ef00000,0x0000000d3f000000)]
  0x0000010eeb472000 JavaThread "Sweeper thread" daemon [_thread_blocked, id=884, stack(0x0000000d3f000000,0x0000000d3f100000)]
  0x0000010eebf3d000 JavaThread "Common-Cleaner" daemon [_thread_blocked, id=12328, stack(0x0000000d3f200000,0x0000000d3f300000)]
  0x0000010eed767000 JavaThread "C2 CompilerThread1" daemon [_thread_in_native, id=7692, stack(0x0000000d3f600000,0x0000000d3f700000)]

Other Threads:
  0x0000010eeb458000 VMThread "VM Thread" [stack: 0x0000000d3e800000,0x0000000d3e900000] [id=532]
  0x0000010eebf38800 WatcherThread [stack: 0x0000000d3f100000,0x0000000d3f200000] [id=8900]
  0x0000010ed09e3000 GCTaskThread "GC Thread#0" [stack: 0x0000000d3e300000,0x0000000d3e400000] [id=7684]
  0x0000010eec579000 GCTaskThread "GC Thread#1" [stack: 0x0000000d3f400000,0x0000000d3f500000] [id=13048]
  0x0000010eec572800 GCTaskThread "GC Thread#2" [stack: 0x0000000d3f500000,0x0000000d3f600000] [id=12896]
  0x0000010ed0a12000 ConcurrentGCThread "G1 Main Marker" [stack: 0x0000000d3e400000,0x0000000d3e500000] [id=5620]
  0x0000010ed0a13800 ConcurrentGCThread "G1 Conc#0" [stack: 0x0000000d3e500000,0x0000000d3e600000] [id=7552]
  0x0000010eed314800 ConcurrentGCThread "G1 Conc#1" [stack: 0x0000000d3f300000,0x0000000d3f400000] [id=11408]
  0x0000010eeb2a0800 ConcurrentGCThread "G1 Refine#0" [stack: 0x0000000d3e600000,0x0000000d3e700000] [id=17452]
  0x0000010eeb2a1800 ConcurrentGCThread "G1 Young RemSet Sampling" [stack: 0x0000000d3e700000,0x0000000d3e800000] [id=1792]

Threads with active compile tasks:
C2 CompilerThread0   2555 1934   !   4       jdk.internal.loader.BuiltinClassLoader::loadClassOrNull (143 bytes)
C1 CompilerThread0   2555 2022       3       org.jetbrains.kotlin.com.intellij.openapi.vfs.impl.jar.CoreJarVirtualFile::<init> (55 bytes)
C2 CompilerThread1   2555 2020       4       org.jetbrains.kotlin.com.intellij.util.text.CharArrayUtil::regionMatches (83 bytes)

VM state:not at safepoint (normal execution)

VM Mutex/Monitor currently owned by a thread: None

Heap address: 0x0000000083800000, size: 1992 MB, Compressed Oops mode: 32-bit
Narrow klass base: 0x0000000000000000, Narrow klass shift: 3
Compressed class space size: 1073741824 Address: 0x0000000100000000

Heap:
 garbage-first heap   total 129024K, used 46300K [0x0000000083800000, 0x0000000100000000)
  region size 1024K, 38 young (38912K), 7 survivors (7168K)
 Metaspace       used 29268K, capacity 29728K, committed 30080K, reserved 1075200K
  class space    used 3431K, capacity 3598K, committed 3712K, reserved 1048576K
Heap Regions: E=young(eden), S=young(survivor), O=old, HS=humongous(starts), HC=humongous(continues), CS=collection set, F=free, A=archive, TAMS=top-at-mark-start (previous, next)
|   0|0x0000000083800000, 0x0000000083900000, 0x0000000083900000|100%|HS|  |TAMS 0x0000000083900000, 0x0000000083800000| Complete 
|   1|0x0000000083900000, 0x0000000083a00000, 0x0000000083a00000|100%|HC|  |TAMS 0x0000000083a00000, 0x0000000083900000| Complete 
|   2|0x0000000083a00000, 0x0000000083b00000, 0x0000000083b00000|100%|HC|  |TAMS 0x0000000083b00000, 0x0000000083a00000| Complete 
|   3|0x0000000083b00000, 0x0000000083c00000, 0x0000000083c00000|100%|HS|  |TAMS 0x0000000083b00000, 0x0000000083b00000| Complete 
|   4|0x0000000083c00000, 0x0000000083d00000, 0x0000000083d00000|100%|HC|  |TAMS 0x0000000083c00000, 0x0000000083c00000| Complete 
|   5|0x0000000083d00000, 0x0000000083e00000, 0x0000000083e00000|100%|HC|  |TAMS 0x0000000083d00000, 0x0000000083d00000| Complete 
|   6|0x0000000083e00000, 0x0000000083f00000, 0x0000000083f00000|100%|HS|  |TAMS 0x0000000083e00000, 0x0000000083e00000| Complete 
|   7|0x0000000083f00000, 0x0000000084000000, 0x0000000084000000|100%|HC|  |TAMS 0x0000000083f00000, 0x0000000083f00000| Complete 
|   8|0x0000000084000000, 0x0000000084100000, 0x0000000084100000|100%|HC|  |TAMS 0x0000000084000000, 0x0000000084000000| Complete 
|   9|0x0000000084100000, 0x0000000084100000, 0x0000000084200000|  0%| F|  |TAMS 0x0000000084100000, 0x0000000084100000| Untracked 
|  10|0x0000000084200000, 0x0000000084200000, 0x0000000084300000|  0%| F|  |TAMS 0x0000000084200000, 0x0000000084200000| Untracked 
|  11|0x0000000084300000, 0x0000000084300000, 0x0000000084400000|  0%| F|  |TAMS 0x0000000084300000, 0x0000000084300000| Untracked 
|  12|0x0000000084400000, 0x0000000084400000, 0x0000000084500000|  0%| F|  |TAMS 0x0000000084400000, 0x0000000084400000| Untracked 
|  13|0x0000000084500000, 0x0000000084500000, 0x0000000084600000|  0%| F|  |TAMS 0x0000000084500000, 0x0000000084500000| Untracked 
|  14|0x0000000084600000, 0x0000000084600000, 0x0000000084700000|  0%| F|  |TAMS 0x0000000084600000, 0x0000000084600000| Untracked 
|  15|0x0000000084700000, 0x0000000084700000, 0x0000000084800000|  0%| F|  |TAMS 0x0000000084700000, 0x0000000084700000| Untracked 
|  16|0x0000000084800000, 0x0000000084800000, 0x0000000084900000|  0%| F|  |TAMS 0x0000000084800000, 0x0000000084800000| Untracked 
|  17|0x0000000084900000, 0x0000000084900000, 0x0000000084a00000|  0%| F|  |TAMS 0x0000000084900000, 0x0000000084900000| Untracked 
|  18|0x0000000084a00000, 0x0000000084a00000, 0x0000000084b00000|  0%| F|  |TAMS 0x0000000084a00000, 0x0000000084a00000| Untracked 
|  19|0x0000000084b00000, 0x0000000084b00000, 0x0000000084c00000|  0%| F|  |TAMS 0x0000000084b00000, 0x0000000084b00000| Untracked 
|  20|0x0000000084c00000, 0x0000000084c00000, 0x0000000084d00000|  0%| F|  |TAMS 0x0000000084c00000, 0x0000000084c00000| Untracked 
|  21|0x0000000084d00000, 0x0000000084d00000, 0x0000000084e00000|  0%| F|  |TAMS 0x0000000084d00000, 0x0000000084d00000| Untracked 
|  22|0x0000000084e00000, 0x0000000084e00000, 0x0000000084f00000|  0%| F|  |TAMS 0x0000000084e00000, 0x0000000084e00000| Untracked 
|  23|0x0000000084f00000, 0x0000000084f00000, 0x0000000085000000|  0%| F|  |TAMS 0x0000000084f00000, 0x0000000084f00000| Untracked 
|  24|0x0000000085000000, 0x0000000085000000, 0x0000000085100000|  0%| F|  |TAMS 0x0000000085000000, 0x0000000085000000| Untracked 
|  25|0x0000000085100000, 0x0000000085100000, 0x0000000085200000|  0%| F|  |TAMS 0x0000000085100000, 0x0000000085100000| Untracked 
|  26|0x0000000085200000, 0x0000000085200000, 0x0000000085300000|  0%| F|  |TAMS 0x0000000085200000, 0x0000000085200000| Untracked 
|  27|0x0000000085300000, 0x0000000085300000, 0x0000000085400000|  0%| F|  |TAMS 0x0000000085300000, 0x0000000085300000| Untracked 
|  28|0x0000000085400000, 0x0000000085400000, 0x0000000085500000|  0%| F|  |TAMS 0x0000000085400000, 0x0000000085400000| Untracked 
|  29|0x0000000085500000, 0x0000000085500000, 0x0000000085600000|  0%| F|  |TAMS 0x0000000085500000, 0x0000000085500000| Untracked 
|  30|0x0000000085600000, 0x0000000085600000, 0x0000000085700000|  0%| F|  |TAMS 0x0000000085600000, 0x0000000085600000| Untracked 
|  31|0x0000000085700000, 0x0000000085700000, 0x0000000085800000|  0%| F|  |TAMS 0x0000000085700000, 0x0000000085700000| Untracked 
|  32|0x0000000085800000, 0x0000000085800000, 0x0000000085900000|  0%| F|  |TAMS 0x0000000085800000, 0x0000000085800000| Untracked 
|  33|0x0000000085900000, 0x0000000085900000, 0x0000000085a00000|  0%| F|  |TAMS 0x0000000085900000, 0x0000000085900000| Untracked 
|  34|0x0000000085a00000, 0x0000000085a00000, 0x0000000085b00000|  0%| F|  |TAMS 0x0000000085a00000, 0x0000000085a00000| Untracked 
|  35|0x0000000085b00000, 0x0000000085b00000, 0x0000000085c00000|  0%| F|  |TAMS 0x0000000085b00000, 0x0000000085b00000| Untracked 
|  36|0x0000000085c00000, 0x0000000085c00000, 0x0000000085d00000|  0%| F|  |TAMS 0x0000000085c00000, 0x0000000085c00000| Untracked 
|  37|0x0000000085d00000, 0x0000000085d00000, 0x0000000085e00000|  0%| F|  |TAMS 0x0000000085d00000, 0x0000000085d00000| Untracked 
|  38|0x0000000085e00000, 0x0000000085e00000, 0x0000000085f00000|  0%| F|  |TAMS 0x0000000085e00000, 0x0000000085e00000| Untracked 
|  39|0x0000000085f00000, 0x0000000085f00000, 0x0000000086000000|  0%| F|  |TAMS 0x0000000085f00000, 0x0000000085f00000| Untracked 
|  40|0x0000000086000000, 0x0000000086000000, 0x0000000086100000|  0%| F|  |TAMS 0x0000000086000000, 0x0000000086000000| Untracked 
|  41|0x0000000086100000, 0x0000000086100000, 0x0000000086200000|  0%| F|  |TAMS 0x0000000086100000, 0x0000000086100000| Untracked 
|  42|0x0000000086200000, 0x0000000086200000, 0x0000000086300000|  0%| F|  |TAMS 0x0000000086200000, 0x0000000086200000| Untracked 
|  43|0x0000000086300000, 0x0000000086300000, 0x0000000086400000|  0%| F|  |TAMS 0x0000000086300000, 0x0000000086300000| Untracked 
|  44|0x0000000086400000, 0x0000000086400000, 0x0000000086500000|  0%| F|  |TAMS 0x0000000086400000, 0x0000000086400000| Untracked 
|  45|0x0000000086500000, 0x0000000086500000, 0x0000000086600000|  0%| F|  |TAMS 0x0000000086500000, 0x0000000086500000| Untracked 
|  46|0x0000000086600000, 0x0000000086600000, 0x0000000086700000|  0%| F|  |TAMS 0x0000000086600000, 0x0000000086600000| Untracked 
|  47|0x0000000086700000, 0x0000000086700000, 0x0000000086800000|  0%| F|  |TAMS 0x0000000086700000, 0x0000000086700000| Untracked 
|  48|0x0000000086800000, 0x0000000086800000, 0x0000000086900000|  0%| F|  |TAMS 0x0000000086800000, 0x0000000086800000| Untracked 
|  49|0x0000000086900000, 0x0000000086900000, 0x0000000086a00000|  0%| F|  |TAMS 0x0000000086900000, 0x0000000086900000| Untracked 
|  50|0x0000000086a00000, 0x0000000086a00000, 0x0000000086b00000|  0%| F|  |TAMS 0x0000000086a00000, 0x0000000086a00000| Untracked 
|  51|0x0000000086b00000, 0x0000000086b00000, 0x0000000086c00000|  0%| F|  |TAMS 0x0000000086b00000, 0x0000000086b00000| Untracked 
|  52|0x0000000086c00000, 0x0000000086c00000, 0x0000000086d00000|  0%| F|  |TAMS 0x0000000086c00000, 0x0000000086c00000| Untracked 
|  53|0x0000000086d00000, 0x0000000086d00000, 0x0000000086e00000|  0%| F|  |TAMS 0x0000000086d00000, 0x0000000086d00000| Untracked 
|  54|0x0000000086e00000, 0x0000000086e00000, 0x0000000086f00000|  0%| F|  |TAMS 0x0000000086e00000, 0x0000000086e00000| Untracked 
|  55|0x0000000086f00000, 0x0000000086f00000, 0x0000000087000000|  0%| F|  |TAMS 0x0000000086f00000, 0x0000000086f00000| Untracked 
|  56|0x0000000087000000, 0x0000000087000000, 0x0000000087100000|  0%| F|  |TAMS 0x0000000087000000, 0x0000000087000000| Untracked 
|  57|0x0000000087100000, 0x0000000087100000, 0x0000000087200000|  0%| F|  |TAMS 0x0000000087100000, 0x0000000087100000| Untracked 
|  58|0x0000000087200000, 0x0000000087200000, 0x0000000087300000|  0%| F|  |TAMS 0x0000000087200000, 0x0000000087200000| Untracked 
|  59|0x0000000087300000, 0x0000000087300000, 0x0000000087400000|  0%| F|  |TAMS 0x0000000087300000, 0x0000000087300000| Untracked 
|  60|0x0000000087400000, 0x0000000087400000, 0x0000000087500000|  0%| F|  |TAMS 0x0000000087400000, 0x0000000087400000| Untracked 
|  61|0x0000000087500000, 0x0000000087500000, 0x0000000087600000|  0%| F|  |TAMS 0x0000000087500000, 0x0000000087500000| Untracked 
|  62|0x0000000087600000, 0x0000000087600000, 0x0000000087700000|  0%| F|  |TAMS 0x0000000087600000, 0x0000000087600000| Untracked 
|  63|0x0000000087700000, 0x0000000087700000, 0x0000000087800000|  0%| F|  |TAMS 0x0000000087700000, 0x0000000087700000| Untracked 
|  64|0x0000000087800000, 0x0000000087800000, 0x0000000087900000|  0%| F|  |TAMS 0x0000000087800000, 0x0000000087800000| Untracked 
|  65|0x0000000087900000, 0x0000000087900000, 0x0000000087a00000|  0%| F|  |TAMS 0x0000000087900000, 0x0000000087900000| Untracked 
|  66|0x0000000087a00000, 0x0000000087a00000, 0x0000000087b00000|  0%| F|  |TAMS 0x0000000087a00000, 0x0000000087a00000| Untracked 
|  67|0x0000000087b00000, 0x0000000087b00000, 0x0000000087c00000|  0%| F|  |TAMS 0x0000000087b00000, 0x0000000087b00000| Untracked 
|  68|0x0000000087c00000, 0x0000000087c00000, 0x0000000087d00000|  0%| F|  |TAMS 0x0000000087c00000, 0x0000000087c00000| Untracked 
|  69|0x0000000087d00000, 0x0000000087d00000, 0x0000000087e00000|  0%| F|  |TAMS 0x0000000087d00000, 0x0000000087d00000| Untracked 
|  70|0x0000000087e00000, 0x0000000087e00000, 0x0000000087f00000|  0%| F|  |TAMS 0x0000000087e00000, 0x0000000087e00000| Untracked 
|  71|0x0000000087f00000, 0x0000000087f00000, 0x0000000088000000|  0%| F|  |TAMS 0x0000000087f00000, 0x0000000087f00000| Untracked 
|  72|0x0000000088000000, 0x0000000088000000, 0x0000000088100000|  0%| F|  |TAMS 0x0000000088000000, 0x0000000088000000| Untracked 
|  73|0x0000000088100000, 0x0000000088100000, 0x0000000088200000|  0%| F|  |TAMS 0x0000000088100000, 0x0000000088100000| Untracked 
|  74|0x0000000088200000, 0x0000000088200000, 0x0000000088300000|  0%| F|  |TAMS 0x0000000088200000, 0x0000000088200000| Untracked 
|  75|0x0000000088300000, 0x0000000088300000, 0x0000000088400000|  0%| F|  |TAMS 0x0000000088300000, 0x0000000088300000| Untracked 
|  76|0x0000000088400000, 0x0000000088400000, 0x0000000088500000|  0%| F|  |TAMS 0x0000000088400000, 0x0000000088400000| Untracked 
|  77|0x0000000088500000, 0x0000000088500000, 0x0000000088600000|  0%| F|  |TAMS 0x0000000088500000, 0x0000000088500000| Untracked 
|  78|0x0000000088600000, 0x0000000088600000, 0x0000000088700000|  0%| F|  |TAMS 0x0000000088600000, 0x0000000088600000| Untracked 
|  79|0x0000000088700000, 0x0000000088700000, 0x0000000088800000|  0%| F|  |TAMS 0x0000000088700000, 0x0000000088700000| Untracked 
|  80|0x0000000088800000, 0x0000000088837040, 0x0000000088900000| 21%| S|CS|TAMS 0x0000000088800000, 0x0000000088800000| Complete 
|  81|0x0000000088900000, 0x0000000088a00000, 0x0000000088a00000|100%| S|CS|TAMS 0x0000000088900000, 0x0000000088900000| Complete 
|  82|0x0000000088a00000, 0x0000000088b00000, 0x0000000088b00000|100%| S|CS|TAMS 0x0000000088a00000, 0x0000000088a00000| Complete 
|  83|0x0000000088b00000, 0x0000000088c00000, 0x0000000088c00000|100%| S|CS|TAMS 0x0000000088b00000, 0x0000000088b00000| Complete 
|  84|0x0000000088c00000, 0x0000000088d00000, 0x0000000088d00000|100%| S|CS|TAMS 0x0000000088c00000, 0x0000000088c00000| Complete 
|  85|0x0000000088d00000, 0x0000000088e00000, 0x0000000088e00000|100%| S|CS|TAMS 0x0000000088d00000, 0x0000000088d00000| Complete 
|  86|0x0000000088e00000, 0x0000000088f00000, 0x0000000088f00000|100%| S|CS|TAMS 0x0000000088e00000, 0x0000000088e00000| Complete 
|  87|0x0000000088f00000, 0x0000000088f00000, 0x0000000089000000|  0%| F|  |TAMS 0x0000000088f00000, 0x0000000088f00000| Untracked 
|  88|0x0000000089000000, 0x0000000089000000, 0x0000000089100000|  0%| F|  |TAMS 0x0000000089000000, 0x0000000089000000| Untracked 
|  89|0x0000000089100000, 0x0000000089100000, 0x0000000089200000|  0%| F|  |TAMS 0x0000000089100000, 0x0000000089100000| Untracked 
|  90|0x0000000089200000, 0x0000000089200000, 0x0000000089300000|  0%| F|  |TAMS 0x0000000089200000, 0x0000000089200000| Untracked 
|  91|0x0000000089300000, 0x0000000089300000, 0x0000000089400000|  0%| F|  |TAMS 0x0000000089300000, 0x0000000089300000| Untracked 
|  92|0x0000000089400000, 0x0000000089400000, 0x0000000089500000|  0%| F|  |TAMS 0x0000000089400000, 0x0000000089400000| Untracked 
|  93|0x0000000089500000, 0x0000000089500000, 0x0000000089600000|  0%| F|  |TAMS 0x0000000089500000, 0x0000000089500000| Untracked 
|  94|0x0000000089600000, 0x0000000089600000, 0x0000000089700000|  0%| F|  |TAMS 0x0000000089600000, 0x0000000089600000| Untracked 
|  95|0x0000000089700000, 0x0000000089780800, 0x0000000089800000| 50%| E|  |TAMS 0x0000000089700000, 0x0000000089700000| Complete 
|  96|0x0000000089800000, 0x0000000089900000, 0x0000000089900000|100%| E|CS|TAMS 0x0000000089800000, 0x0000000089800000| Complete 
|  97|0x0000000089900000, 0x0000000089a00000, 0x0000000089a00000|100%| E|CS|TAMS 0x0000000089900000, 0x0000000089900000| Complete 
|  98|0x0000000089a00000, 0x0000000089b00000, 0x0000000089b00000|100%| E|CS|TAMS 0x0000000089a00000, 0x0000000089a00000| Complete 
|  99|0x0000000089b00000, 0x0000000089c00000, 0x0000000089c00000|100%| E|CS|TAMS 0x0000000089b00000, 0x0000000089b00000| Complete 
| 100|0x0000000089c00000, 0x0000000089d00000, 0x0000000089d00000|100%| E|CS|TAMS 0x0000000089c00000, 0x0000000089c00000| Complete 
| 101|0x0000000089d00000, 0x0000000089e00000, 0x0000000089e00000|100%| E|CS|TAMS 0x0000000089d00000, 0x0000000089d00000| Complete 
| 102|0x0000000089e00000, 0x0000000089f00000, 0x0000000089f00000|100%| E|CS|TAMS 0x0000000089e00000, 0x0000000089e00000| Complete 
| 103|0x0000000089f00000, 0x000000008a000000, 0x000000008a000000|100%| E|CS|TAMS 0x0000000089f00000, 0x0000000089f00000| Complete 
| 104|0x000000008a000000, 0x000000008a100000, 0x000000008a100000|100%| E|CS|TAMS 0x000000008a000000, 0x000000008a000000| Complete 
| 105|0x000000008a100000, 0x000000008a200000, 0x000000008a200000|100%| E|CS|TAMS 0x000000008a100000, 0x000000008a100000| Complete 
| 106|0x000000008a200000, 0x000000008a300000, 0x000000008a300000|100%| E|CS|TAMS 0x000000008a200000, 0x000000008a200000| Complete 
| 107|0x000000008a300000, 0x000000008a400000, 0x000000008a400000|100%| E|CS|TAMS 0x000000008a300000, 0x000000008a300000| Complete 
| 108|0x000000008a400000, 0x000000008a500000, 0x000000008a500000|100%| E|CS|TAMS 0x000000008a400000, 0x000000008a400000| Complete 
| 109|0x000000008a500000, 0x000000008a600000, 0x000000008a600000|100%| E|CS|TAMS 0x000000008a500000, 0x000000008a500000| Complete 
| 110|0x000000008a600000, 0x000000008a700000, 0x000000008a700000|100%| E|CS|TAMS 0x000000008a600000, 0x000000008a600000| Complete 
| 111|0x000000008a700000, 0x000000008a800000, 0x000000008a800000|100%| E|CS|TAMS 0x000000008a700000, 0x000000008a700000| Complete 
| 112|0x000000008a800000, 0x000000008a900000, 0x000000008a900000|100%| E|CS|TAMS 0x000000008a800000, 0x000000008a800000| Complete 
| 113|0x000000008a900000, 0x000000008aa00000, 0x000000008aa00000|100%| E|CS|TAMS 0x000000008a900000, 0x000000008a900000| Complete 
| 114|0x000000008aa00000, 0x000000008ab00000, 0x000000008ab00000|100%| E|CS|TAMS 0x000000008aa00000, 0x000000008aa00000| Complete 
| 115|0x000000008ab00000, 0x000000008ac00000, 0x000000008ac00000|100%| E|CS|TAMS 0x000000008ab00000, 0x000000008ab00000| Complete 
| 116|0x000000008ac00000, 0x000000008ad00000, 0x000000008ad00000|100%| E|CS|TAMS 0x000000008ac00000, 0x000000008ac00000| Complete 
| 117|0x000000008ad00000, 0x000000008ae00000, 0x000000008ae00000|100%| E|CS|TAMS 0x000000008ad00000, 0x000000008ad00000| Complete 
| 118|0x000000008ae00000, 0x000000008af00000, 0x000000008af00000|100%| E|CS|TAMS 0x000000008ae00000, 0x000000008ae00000| Complete 
| 119|0x000000008af00000, 0x000000008b000000, 0x000000008b000000|100%| E|CS|TAMS 0x000000008af00000, 0x000000008af00000| Complete 
| 120|0x000000008b000000, 0x000000008b100000, 0x000000008b100000|100%| E|CS|TAMS 0x000000008b000000, 0x000000008b000000| Complete 
| 121|0x000000008b100000, 0x000000008b200000, 0x000000008b200000|100%| E|CS|TAMS 0x000000008b100000, 0x000000008b100000| Complete 
| 122|0x000000008b200000, 0x000000008b300000, 0x000000008b300000|100%| E|CS|TAMS 0x000000008b200000, 0x000000008b200000| Complete 
| 123|0x000000008b300000, 0x000000008b400000, 0x000000008b400000|100%| E|CS|TAMS 0x000000008b300000, 0x000000008b300000| Complete 
| 124|0x000000008b400000, 0x000000008b500000, 0x000000008b500000|100%| E|CS|TAMS 0x000000008b400000, 0x000000008b400000| Complete 
| 125|0x000000008b500000, 0x000000008b600000, 0x000000008b600000|100%| E|CS|TAMS 0x000000008b500000, 0x000000008b500000| Complete 

Card table byte_map: [0x0000010ee4340000,0x0000010ee4730000] _byte_map_base: 0x0000010ee3f24000

Marking Bits (Prev, Next): (CMBitMap*) 0x0000010ed0a09a30, (CMBitMap*) 0x0000010ed0a099f8
 Prev Bits: [0x0000010ee6a40000, 0x0000010ee8960000)
 Next Bits: [0x0000010ee4b20000, 0x0000010ee6a40000)

Polling page: 0x0000010ecf050000

Metaspace:

Usage:
  Non-class:     25.52 MB capacity,    25.24 MB ( 99%) used,   243.84 KB ( <1%) free+waste,    43.69 KB ( <1%) overhead. 
      Class:      3.51 MB capacity,     3.35 MB ( 95%) used,   146.58 KB (  4%) free+waste,    20.00 KB ( <1%) overhead. 
       Both:     29.03 MB capacity,    28.59 MB ( 98%) used,   390.41 KB (  1%) free+waste,    63.69 KB ( <1%) overhead. 

Virtual space:
  Non-class space:       26.00 MB reserved,      25.75 MB (>99%) committed 
      Class space:        1.00 GB reserved,       3.63 MB ( <1%) committed 
             Both:        1.03 GB reserved,      29.38 MB (  3%) committed 

Chunk freelists:
   Non-Class:  46.00 KB
       Class:  18.00 KB
        Both:  64.00 KB

MaxMetaspaceSize: 17179869184.00 GB
CompressedClassSpaceSize: 1.00 GB
Initial GC threshold: 20.80 MB
Current GC threshold: 34.79 MB
CDS: off

CodeHeap 'non-profiled nmethods': size=120000Kb used=679Kb max_used=679Kb free=119320Kb
 bounds [0x0000010edbfc0000, 0x0000010edc230000, 0x0000010ee34f0000]
CodeHeap 'profiled nmethods': size=120000Kb used=3905Kb max_used=3905Kb free=116094Kb
 bounds [0x0000010ed4a90000, 0x0000010ed4e70000, 0x0000010edbfc0000]
CodeHeap 'non-nmethods': size=5760Kb used=1223Kb max_used=1237Kb free=4536Kb
 bounds [0x0000010ed44f0000, 0x0000010ed4760000, 0x0000010ed4a90000]
 total_blobs=2541 nmethods=2039 adapters=414
 compilation: enabled
              stopped_count=0, restarted_count=0
 full_count=0

Compilation events (20 events):
Event: 2.530 Thread 0x0000010eebde2800 1990       3       org.jetbrains.kotlin.com.intellij.openapi.vfs.impl.jar.CoreJarHandler::getOrCreateFile (106 bytes)
Event: 2.530 Thread 0x0000010eed767000 1953  s    4       java.io.ByteArrayOutputStream::write (32 bytes)
Event: 2.530 Thread 0x0000010eebde2800 nmethod 1990 0x0000010ed4e43490 code [0x0000010ed4e436c0, 0x0000010ed4e43dc8]
Event: 2.530 Thread 0x0000010eebde2800 1998       3       java.util.zip.ZipFile$Source::getEntryPos (206 bytes)
Event: 2.532 Thread 0x0000010eebde2800 nmethod 1998 0x0000010ed4e44010 code [0x0000010ed4e44280, 0x0000010ed4e44f18]
Event: 2.532 Thread 0x0000010eebde2800 1991       3       gnu.trove.TObjectHash::equals (22 bytes)
Event: 2.533 Thread 0x0000010eebde2800 nmethod 1991 0x0000010ed4e45590 code [0x0000010ed4e45760, 0x0000010ed4e459c8]
Event: 2.533 Thread 0x0000010eebde2800 1992       3       gnu.trove.TObjectHash::computeHashCode (13 bytes)
Event: 2.533 Thread 0x0000010eebde2800 nmethod 1992 0x0000010ed4e45a90 code [0x0000010ed4e45c60, 0x0000010ed4e45e88]
Event: 2.533 Thread 0x0000010eebde2800 1987       1       org.jetbrains.kotlin.com.intellij.util.SmartList::size (5 bytes)
Event: 2.534 Thread 0x0000010eebde2800 nmethod 1987 0x0000010edc065610 code [0x0000010edc0657c0, 0x0000010edc065878]
Event: 2.534 Thread 0x0000010eebde2800 1988       1       org.jetbrains.kotlin.com.intellij.openapi.vfs.impl.jar.CoreJarVirtualFile::getParent (5 bytes)
Event: 2.534 Thread 0x0000010eebde2800 nmethod 1988 0x0000010edc065910 code [0x0000010edc065ac0, 0x0000010edc065b78]
Event: 2.534 Thread 0x0000010eebde2800 1994       3       org.jetbrains.kotlin.com.intellij.util.containers.FactoryMap::notNull (12 bytes)
Event: 2.534 Thread 0x0000010eebde2800 nmethod 1994 0x0000010ed4e45f90 code [0x0000010ed4e46140, 0x0000010ed4e462d8]
Event: 2.534 Thread 0x0000010eebde2800 1999       3       org.jetbrains.kotlin.com.intellij.util.containers.FactoryMap::nullize (13 bytes)
Event: 2.534 Thread 0x0000010eebde2800 nmethod 1999 0x0000010ed4e46390 code [0x0000010ed4e46540, 0x0000010ed4e466d8]
Event: 2.534 Thread 0x0000010eebde2800 2000       3       org.jetbrains.kotlin.com.intellij.util.containers.FactoryMap::FAKE_NULL (4 bytes)
Event: 2.534 Thread 0x0000010eebde2800 nmethod 2000 0x0000010ed4e46790 code [0x0000010ed4e46940, 0x0000010ed4e46a38]
Event: 2.534 Thread 0x0000010eebde2800 1982       3       org.jetbrains.kotlin.com.intellij.openapi.vfs.impl.ZipHandlerBase::getOrCreate (289 bytes)

GC Heap History (4 events):
Event: 0.497 GC heap before
{Heap before GC invocations=0 (full 0):
 garbage-first heap   total 129024K, used 27648K [0x0000000083800000, 0x0000000100000000)
  region size 1024K, 24 young (24576K), 0 survivors (0K)
 Metaspace       used 12307K, capacity 12405K, committed 12544K, reserved 1060864K
  class space    used 1140K, capacity 1174K, committed 1280K, reserved 1048576K
}
Event: 0.500 GC heap after
{Heap after GC invocations=1 (full 0):
 garbage-first heap   total 129024K, used 5638K [0x0000000083800000, 0x0000000100000000)
  region size 1024K, 3 young (3072K), 3 survivors (3072K)
 Metaspace       used 12307K, capacity 12405K, committed 12544K, reserved 1060864K
  class space    used 1140K, capacity 1174K, committed 1280K, reserved 1048576K
}
Event: 1.666 GC heap before
{Heap before GC invocations=1 (full 0):
 garbage-first heap   total 129024K, used 41478K [0x0000000083800000, 0x0000000100000000)
  region size 1024K, 39 young (39936K), 3 survivors (3072K)
 Metaspace       used 20996K, capacity 21166K, committed 21248K, reserved 1069056K
  class space    used 2209K, capacity 2286K, committed 2304K, reserved 1048576K
}
Event: 1.680 GC heap after
{Heap after GC invocations=2 (full 0):
 garbage-first heap   total 129024K, used 9436K [0x0000000083800000, 0x0000000100000000)
  region size 1024K, 7 young (7168K), 7 survivors (7168K)
 Metaspace       used 20996K, capacity 21166K, committed 21248K, reserved 1069056K
  class space    used 2209K, capacity 2286K, committed 2304K, reserved 1048576K
}

Deoptimization events (20 events):
Event: 2.505 Thread 0x0000010ed09cb000 Uncommon trap: trap_request=0xffffffde fr.pc=0x0000010edc04ba04 relative=0x0000000000000064
Event: 2.505 Thread 0x0000010ed09cb000 Uncommon trap: reason=class_check action=maybe_recompile pc=0x0000010edc04ba04 method=java.util.LinkedHashMap.afterNodeInsertion(Z)V @ 15 c2
Event: 2.505 Thread 0x0000010ed09cb000 DEOPT PACKING pc=0x0000010edc04ba04 sp=0x0000000d3e2fe0d0
Event: 2.505 Thread 0x0000010ed09cb000 DEOPT UNPACKING pc=0x0000010ed453a1af sp=0x0000000d3e2fe048 mode 2
Event: 2.505 Thread 0x0000010ed09cb000 Uncommon trap: trap_request=0xffffffde fr.pc=0x0000010edc04ba04 relative=0x0000000000000064
Event: 2.505 Thread 0x0000010ed09cb000 Uncommon trap: reason=class_check action=maybe_recompile pc=0x0000010edc04ba04 method=java.util.LinkedHashMap.afterNodeInsertion(Z)V @ 15 c2
Event: 2.505 Thread 0x0000010ed09cb000 DEOPT PACKING pc=0x0000010edc04ba04 sp=0x0000000d3e2fe0d0
Event: 2.505 Thread 0x0000010ed09cb000 DEOPT UNPACKING pc=0x0000010ed453a1af sp=0x0000000d3e2fe048 mode 2
Event: 2.515 Thread 0x0000010ed09cb000 Uncommon trap: trap_request=0xffffff4d fr.pc=0x0000010edbfdbc6c relative=0x000000000000098c
Event: 2.515 Thread 0x0000010ed09cb000 Uncommon trap: reason=unstable_if action=reinterpret pc=0x0000010edbfdbc6c method=java.util.zip.ZipFile$Source.getEntryPos([BZ)I @ 156 c2
Event: 2.515 Thread 0x0000010ed09cb000 DEOPT PACKING pc=0x0000010edbfdbc6c sp=0x0000000d3e2fe370
Event: 2.515 Thread 0x0000010ed09cb000 DEOPT UNPACKING pc=0x0000010ed453a1af sp=0x0000000d3e2fe310 mode 2
Event: 2.533 Thread 0x0000010ed09cb000 Uncommon trap: trap_request=0xffffffde fr.pc=0x0000010edc04ba04 relative=0x0000000000000064
Event: 2.533 Thread 0x0000010ed09cb000 Uncommon trap: reason=class_check action=maybe_recompile pc=0x0000010edc04ba04 method=java.util.LinkedHashMap.afterNodeInsertion(Z)V @ 15 c2
Event: 2.533 Thread 0x0000010ed09cb000 DEOPT PACKING pc=0x0000010edc04ba04 sp=0x0000000d3e2fe0d0
Event: 2.533 Thread 0x0000010ed09cb000 DEOPT UNPACKING pc=0x0000010ed453a1af sp=0x0000000d3e2fe048 mode 2
Event: 2.533 Thread 0x0000010ed09cb000 Uncommon trap: trap_request=0xffffffde fr.pc=0x0000010edc04ba04 relative=0x0000000000000064
Event: 2.533 Thread 0x0000010ed09cb000 Uncommon trap: reason=class_check action=maybe_recompile pc=0x0000010edc04ba04 method=java.util.LinkedHashMap.afterNodeInsertion(Z)V @ 15 c2
Event: 2.533 Thread 0x0000010ed09cb000 DEOPT PACKING pc=0x0000010edc04ba04 sp=0x0000000d3e2fe0d0
Event: 2.533 Thread 0x0000010ed09cb000 DEOPT UNPACKING pc=0x0000010ed453a1af sp=0x0000000d3e2fe048 mode 2

Classes redefined (0 events):
No events

Internal exceptions (18 events):
Event: 1.296 Thread 0x0000010ed09cb000 Exception <a 'java/lang/NoSuchMethodError'{0x000000008a02e0f0}: 'int java.lang.invoke.DirectMethodHandle$Holder.invokeSpecialIFC(java.lang.Object, java.lang.Object, int)'> (0x000000008a02e0f0) thrown at [./src/hotspot/share/interpreter/linkResolver.cpp, line 773]
Event: 1.528 Thread 0x0000010ed09cb000 Exception <a 'java/lang/NoSuchMethodError'{0x0000000089576998}: 'java.lang.Object java.lang.invoke.DirectMethodHandle$Holder.invokeStaticInit(java.lang.Object, int)'> (0x0000000089576998) thrown at [./src/hotspot/share/interpreter/linkResolver.cpp, line 773]
Event: 1.562 Thread 0x0000010ed09cb000 Exception <a 'java/lang/NoSuchMethodError'{0x000000008930eca8}: 'long java.lang.invoke.DirectMethodHandle$Holder.invokeStatic(java.lang.Object)'> (0x000000008930eca8) thrown at [./src/hotspot/share/interpreter/linkResolver.cpp, line 773]
Event: 1.562 Thread 0x0000010ed09cb000 Exception <a 'java/lang/NoSuchMethodError'{0x0000000089311b00}: 'long java.lang.invoke.DirectMethodHandle$Holder.invokeStaticInit(java.lang.Object)'> (0x0000000089311b00) thrown at [./src/hotspot/share/interpreter/linkResolver.cpp, line 773]
Event: 1.631 Thread 0x0000010ed09cb000 Exception <a 'java/lang/NoSuchMethodError'{0x000000008907f038}: 'int java.lang.invoke.DirectMethodHandle$Holder.invokeStaticInit(java.lang.Object, java.lang.Object, java.lang.Object)'> (0x000000008907f038) thrown at [./src/hotspot/share/interpreter/linkResolver.cpp, line 773]
Event: 1.639 Thread 0x0000010ed09cb000 Exception <a 'java/lang/NoSuchMethodError'{0x00000000890add28}: 'int java.lang.invoke.DirectMethodHandle$Holder.invokeStaticInit(java.lang.Object, java.lang.Object)'> (0x00000000890add28) thrown at [./src/hotspot/share/interpreter/linkResolver.cpp, line 773]
Event: 1.928 Thread 0x0000010ed09cb000 Exception <a 'java/lang/NoSuchMethodError'{0x000000008ac086a8}: 'java.lang.Object java.lang.invoke.DirectMethodHandle$Holder.invokeStatic(java.lang.Object, java.lang.Object, java.lang.Object, java.lang.Object, java.lang.Object, java.lang.Object, java.lang.Object, java.lang.Object, java.lang.Object, java.lang.Object, java.lang.Object, java.lang.Object, java.lang.Object, java.lang.Object, java.lang.Object)'> (0x000000008ac086a8) thrown at [./src/hotspot/share/interpreter/linkResolver.cpp, line 773]
Event: 1.930 Thread 0x0000010ed09cb000 Exception <a 'java/lang/NoSuchMethodError'{0x000000008ac16a48}: 'java.lang.Object java.lang.invoke.DirectMethodHandle$Holder.invokeStatic(java.lang.Object, java.lang.Object, java.lang.Object, java.lang.Object, java.lang.Object, java.lang.Object, java.lang.Object, java.lang.Object, java.lang.Object, java.lang.Object, java.lang.Object, java.lang.Object, java.lang.Object, java.lang.Object, java.lang.Object, java.lang.Object)'> (0x000000008ac16a48) thrown at [./src/hotspot/share/interpreter/linkResolver.cpp, l
Event: 1.932 Thread 0x0000010ed09cb000 Exception <a 'java/lang/NoSuchMethodError'{0x000000008ac24960}: 'java.lang.Object java.lang.invoke.DirectMethodHandle$Holder.invokeSpecial(java.lang.Object, java.lang.Object, int, int, java.lang.Object, java.lang.Object, java.lang.Object)'> (0x000000008ac24960) thrown at [./src/hotspot/share/interpreter/linkResolver.cpp, line 773]
Event: 1.932 Thread 0x0000010ed09cb000 Exception <a 'java/lang/NoSuchMethodError'{0x000000008ac28198}: 'java.lang.Object java.lang.invoke.DelegatingMethodHandle$Holder.reinvoke_L(java.lang.Object, int, int, java.lang.Object, java.lang.Object, java.lang.Object)'> (0x000000008ac28198) thrown at [./src/hotspot/share/interpreter/linkResolver.cpp, line 773]
Event: 1.933 Thread 0x0000010ed09cb000 Exception <a 'java/lang/NoSuchMethodError'{0x000000008ac2c520}: 'java.lang.Object java.lang.invoke.DirectMethodHandle$Holder.invokeStatic(java.lang.Object, java.lang.Object, java.lang.Object, java.lang.Object, int)'> (0x000000008ac2c520) thrown at [./src/hotspot/share/interpreter/linkResolver.cpp, line 773]
Event: 1.993 Thread 0x0000010ed09cb000 Implicit null exception at 0x0000010edc04cd2c to 0x0000010edc04ceda
Event: 2.041 Thread 0x0000010ed09cb000 Exception <a 'java/lang/NoSuchMethodError'{0x000000008a7ab018}: 'void java.lang.invoke.DirectMethodHandle$Holder.invokeStatic(java.lang.Object, java.lang.Object, java.lang.Object, java.lang.Object)'> (0x000000008a7ab018) thrown at [./src/hotspot/share/interpreter/linkResolver.cpp, line 773]
Event: 2.083 Thread 0x0000010ed09cb000 Exception <a 'java/lang/NoSuchMethodError'{0x000000008a6fb870}: 'void java.lang.invoke.DirectMethodHandle$Holder.invokeSpecial(java.lang.Object, java.lang.Object)'> (0x000000008a6fb870) thrown at [./src/hotspot/share/interpreter/linkResolver.cpp, line 773]
Event: 2.144 Thread 0x0000010ed09cb000 Exception <a 'java/lang/NoSuchMethodError'{0x000000008a3a07d0}: 'void java.lang.invoke.DirectMethodHandle$Holder.invokeStaticInit(java.lang.Object, java.lang.Object)'> (0x000000008a3a07d0) thrown at [./src/hotspot/share/interpreter/linkResolver.cpp, line 773]
Event: 2.157 Thread 0x0000010ed09cb000 Exception <a 'java/lang/NoSuchMethodError'{0x000000008a3defc8}: 'void java.lang.invoke.DirectMethodHandle$Holder.invokeInterface(java.lang.Object, java.lang.Object)'> (0x000000008a3defc8) thrown at [./src/hotspot/share/interpreter/linkResolver.cpp, line 773]
Event: 2.251 Thread 0x0000010ed09cb000 Exception <a 'java/lang/NoSuchMethodError'{0x0000000089ffcb40}: 'void java.lang.invoke.DirectMethodHandle$Holder.invokeVirtual(java.lang.Object, java.lang.Object)'> (0x0000000089ffcb40) thrown at [./src/hotspot/share/interpreter/linkResolver.cpp, line 773]
Event: 2.270 Thread 0x0000010ed09cb000 Exception <a 'java/lang/NoSuchMethodError'{0x0000000089e73fb8}: 'int java.lang.invoke.DirectMethodHandle$Holder.invokeVirtual(java.lang.Object, java.lang.Object)'> (0x0000000089e73fb8) thrown at [./src/hotspot/share/interpreter/linkResolver.cpp, line 773]

Events (20 events):
Event: 2.524 loading class org/jetbrains/kotlin/com/intellij/util/Function done
Event: 2.524 loading class org/jetbrains/kotlin/com/intellij/util/containers/FactoryMap
Event: 2.524 loading class org/jetbrains/kotlin/com/intellij/util/containers/FactoryMap done
Event: 2.526 loading class org/jetbrains/kotlin/com/intellij/util/containers/FactoryMap$1
Event: 2.526 loading class org/jetbrains/kotlin/com/intellij/util/containers/FactoryMap$1 done
Event: 2.526 loading class org/jetbrains/kotlin/com/intellij/openapi/util/io/BufferExposingByteArrayInputStream
Event: 2.526 loading class org/jetbrains/kotlin/com/intellij/openapi/util/io/BufferExposingByteArrayInputStream done
Event: 2.527 loading class org/jetbrains/kotlin/com/intellij/util/io/UnsyncByteArrayInputStream
Event: 2.527 loading class org/jetbrains/kotlin/com/intellij/util/io/UnsyncByteArrayInputStream done
Event: 2.529 loading class gnu/trove/THashMap$EntryView
Event: 2.529 loading class gnu/trove/THashMap$EntryView done
Event: 2.530 Thread 0x0000010eed767000 Thread added: 0x0000010eed767000
Event: 2.530 loading class org/jetbrains/kotlin/com/intellij/util/Function
Event: 2.530 loading class org/jetbrains/kotlin/com/intellij/util/Function done
Event: 2.530 loading class gnu/trove/THashMap$EntryView$EntryIterator
Event: 2.530 loading class gnu/trove/THashMap$EntryView$EntryIterator done
Event: 2.531 loading class gnu/trove/THashMap$Entry
Event: 2.531 loading class gnu/trove/THashMap$Entry done
Event: 2.531 loading class java/util/AbstractMap$SimpleEntry
Event: 2.531 loading class java/util/AbstractMap$SimpleEntry done


Dynamic libraries:
0x00007ff6e02b0000 - 0x00007ff6e02ba000 	C:\Program Files\Android\Android Studio\jre\bin\java.exe
0x00007ffb94e70000 - 0x00007ffb95068000 	C:\WINDOWS\SYSTEM32\ntdll.dll
0x00007ffb93230000 - 0x00007ffb932ed000 	C:\WINDOWS\System32\KERNEL32.DLL
0x00007ffb92670000 - 0x00007ffb92942000 	C:\WINDOWS\System32\KERNELBASE.dll
0x00007ffb92a60000 - 0x00007ffb92b60000 	C:\WINDOWS\System32\ucrtbase.dll
0x00007ffb65290000 - 0x00007ffb652a9000 	C:\Program Files\Android\Android Studio\jre\bin\jli.dll
0x00007ffb64b90000 - 0x00007ffb64ba7000 	C:\Program Files\Android\Android Studio\jre\bin\VCRUNTIME140.dll
0x00007ffb94bc0000 - 0x00007ffb94d5d000 	C:\WINDOWS\System32\USER32.dll
0x00007ffb92610000 - 0x00007ffb92632000 	C:\WINDOWS\System32\win32u.dll
0x00007ffb79f50000 - 0x00007ffb7a1ea000 	C:\WINDOWS\WinSxS\amd64_microsoft.windows.common-controls_6595b64144ccf1df_6.0.19041.1110_none_60b5254171f9507e\COMCTL32.dll
0x00007ffb94620000 - 0x00007ffb9464b000 	C:\WINDOWS\System32\GDI32.dll
0x00007ffb932f0000 - 0x00007ffb9338e000 	C:\WINDOWS\System32\msvcrt.dll
0x00007ffb92d70000 - 0x00007ffb92e7f000 	C:\WINDOWS\System32\gdi32full.dll
0x00007ffb929c0000 - 0x00007ffb92a5d000 	C:\WINDOWS\System32\msvcp_win.dll
0x00007ffb94910000 - 0x00007ffb94940000 	C:\WINDOWS\System32\IMM32.DLL
0x00007ffb48cd0000 - 0x00007ffb48d6d000 	C:\Program Files\Android\Android Studio\jre\bin\msvcp140.dll
0x00007ffb39fc0000 - 0x00007ffb3aac2000 	C:\Program Files\Android\Android Studio\jre\bin\server\jvm.dll
0x00007ffb93a30000 - 0x00007ffb93ade000 	C:\WINDOWS\System32\ADVAPI32.dll
0x00007ffb946b0000 - 0x00007ffb9474c000 	C:\WINDOWS\System32\sechost.dll
0x00007ffb94750000 - 0x00007ffb94875000 	C:\WINDOWS\System32\RPCRT4.dll
0x00007ffb935a0000 - 0x00007ffb935a8000 	C:\WINDOWS\System32\PSAPI.DLL
0x00007ffb7fe80000 - 0x00007ffb7fea7000 	C:\WINDOWS\SYSTEM32\WINMM.dll
0x00007ffb8dc00000 - 0x00007ffb8dc09000 	C:\WINDOWS\SYSTEM32\WSOCK32.dll
0x00007ffb86690000 - 0x00007ffb8669a000 	C:\WINDOWS\SYSTEM32\VERSION.dll
0x00007ffb93ae0000 - 0x00007ffb93b4b000 	C:\WINDOWS\System32\WS2_32.dll
0x00007ffb90d90000 - 0x00007ffb90da2000 	C:\WINDOWS\SYSTEM32\kernel.appcore.dll
0x00007ffb88340000 - 0x00007ffb88351000 	C:\Program Files\Android\Android Studio\jre\bin\verify.dll
0x00007ffb90110000 - 0x00007ffb902f4000 	C:\WINDOWS\SYSTEM32\DBGHELP.DLL
0x00007ffb7eed0000 - 0x00007ffb7eefc000 	C:\WINDOWS\SYSTEM32\dbgcore.DLL
0x00007ffb92580000 - 0x00007ffb92602000 	C:\WINDOWS\System32\bcryptPrimitives.dll
0x00007ffb88200000 - 0x00007ffb88229000 	C:\Program Files\Android\Android Studio\jre\bin\java.dll
0x00007ffb8dbc0000 - 0x00007ffb8dbcb000 	C:\Program Files\Android\Android Studio\jre\bin\jimage.dll
0x00007ffb881d0000 - 0x00007ffb881e8000 	C:\Program Files\Android\Android Studio\jre\bin\zip.dll
0x00007ffb93bb0000 - 0x00007ffb942f3000 	C:\WINDOWS\System32\SHELL32.dll
0x00007ffb905e0000 - 0x00007ffb90d71000 	C:\WINDOWS\SYSTEM32\windows.storage.dll
0x00007ffb92ed0000 - 0x00007ffb93224000 	C:\WINDOWS\System32\combase.dll
0x00007ffb91f70000 - 0x00007ffb91fa0000 	C:\WINDOWS\SYSTEM32\Wldp.dll
0x00007ffb94510000 - 0x00007ffb945bd000 	C:\WINDOWS\System32\SHCORE.dll
0x00007ffb945c0000 - 0x00007ffb94615000 	C:\WINDOWS\System32\shlwapi.dll
0x00007ffb924c0000 - 0x00007ffb924df000 	C:\WINDOWS\SYSTEM32\profapi.dll
0x00007ffb88190000 - 0x00007ffb881aa000 	C:\Program Files\Android\Android Studio\jre\bin\net.dll
0x00007ffb8cce0000 - 0x00007ffb8cded000 	C:\WINDOWS\SYSTEM32\WINHTTP.dll
0x00007ffb91cd0000 - 0x00007ffb91d3a000 	C:\WINDOWS\system32\mswsock.dll
0x00007ffb87dc0000 - 0x00007ffb87dd4000 	C:\Program Files\Android\Android Studio\jre\bin\nio.dll

dbghelp: loaded successfully - version: 4.0.5 - missing functions: none
symbol engine: initialized successfully - sym options: 0x614 - pdb path: .;C:\Program Files\Android\Android Studio\jre\bin;C:\WINDOWS\SYSTEM32;C:\WINDOWS\WinSxS\amd64_microsoft.windows.common-controls_6595b64144ccf1df_6.0.19041.1110_none_60b5254171f9507e;C:\Program Files\Android\Android Studio\jre\bin\server

VM Arguments:
java_command: org.jetbrains.kotlin.cli.jvm.K2JVMCompiler @C:\Users\MINH PHAT\Desktop\LTMobile\AppQuanLiDiem\app\build\20221105_10852992325154686981.compiler.options
java_class_path (initial): C:\Users\MINH PHAT\.gradle\caches\modules-2\files-2.1\org.jetbrains.kotlin\kotlin-compiler-embeddable\1.5.21\40ddbcae9ff100473f95370c2d589ba3fc48eed5\kotlin-compiler-embeddable-1.5.21.jar;C:\Users\MINH PHAT\.gradle\caches\modules-2\files-2.1\org.jetbrains.kotlin\kotlin-reflect\1.5.21\802f1f39735ae1eb2b75714a40fa19bb2e687e96\kotlin-reflect-1.5.21.jar;C:\Users\MINH PHAT\.gradle\caches\modules-2\files-2.1\org.jetbrains.kotlin\kotlin-stdlib\1.5.21\2f537cad7e9eeb9da73738c8812e1e4cf9b62e4e\kotlin-stdlib-1.5.21.jar;C:\Users\MINH PHAT\.gradle\caches\modules-2\files-2.1\org.jetbrains.kotlin\kotlin-script-runtime\1.5.21\96d49e89873fde985750af354b6eabb60cfa999b\kotlin-script-runtime-1.5.21.jar;C:\Users\MINH PHAT\.gradle\caches\modules-2\files-2.1\org.jetbrains.kotlin\kotlin-daemon-embeddable\1.5.21\17255809e66a940dfdf6289bccbdfb5a09f3145\kotlin-daemon-embeddable-1.5.21.jar;C:\Users\MINH PHAT\.gradle\caches\modules-2\files-2.1\org.jetbrains.intellij.deps\trove4j\1.0.20181211\216c2e14b070f334479d800987affe4054cd563f\trove4j-1.0.20181211.jar;C:\Users\MINH PHAT\.gradle\caches\modules-2\files-2.1\org.jetbrains\annotations\13.0\919f0dfe192fb4e063e7dacadee7f8bb9a2672a9\annotations-13.0.jar;C:\Users\MINH PHAT\.gradle\caches\modules-2\files-2.1\org.jetbrains.kotlin\kotlin-stdlib-common\1.5.21\cc8bf3586fd2ebcf234058b9440bb406e62dfacb\kotlin-stdlib-common-1.5.21.jar
Launcher Type: SUN_STANDARD

[Global flags]
     intx CICompilerCount                          = 4                                         {product} {ergonomic}
     uint ConcGCThreads                            = 2                                         {product} {ergonomic}
     uint G1ConcRefinementThreads                  = 8                                         {product} {ergonomic}
   size_t G1HeapRegionSize                         = 1048576                                   {product} {ergonomic}
    uintx GCDrainStackTargetSize                   = 64                                        {product} {ergonomic}
   size_t InitialHeapSize                          = 132120576                                 {product} {ergonomic}
   size_t MarkStackSize                            = 4194304                                   {product} {ergonomic}
   size_t MaxHeapSize                              = 2088763392                                {product} {ergonomic}
   size_t MaxNewSize                               = 1253048320                                {product} {ergonomic}
   size_t MinHeapDeltaBytes                        = 1048576                                   {product} {ergonomic}
    uintx NonNMethodCodeHeapSize                   = 5836300                                {pd product} {ergonomic}
    uintx NonProfiledCodeHeapSize                  = 122910970                              {pd product} {ergonomic}
    uintx ProfiledCodeHeapSize                     = 122910970                              {pd product} {ergonomic}
    uintx ReservedCodeCacheSize                    = 251658240                              {pd product} {ergonomic}
     bool SegmentedCodeCache                       = true                                      {product} {ergonomic}
     bool UseCompressedClassPointers               = true                                 {lp64_product} {ergonomic}
     bool UseCompressedOops                        = true                                 {lp64_product} {ergonomic}
     bool UseG1GC                                  = true                                      {product} {ergonomic}
     bool UseLargePagesIndividualAllocation        = false                                  {pd product} {ergonomic}

Logging:
Log output configuration:
 #0: stdout all=warning uptime,level,tags
 #1: stderr all=off uptime,level,tags

Environment Variables:
JAVA_HOME=C:\Program Files\Java\jdk-18.0.2.1
PATH=C:\Program Files\Common Files\Oracle\Java\javapath;C:\WINDOWS\system32;C:\WINDOWS;C:\WINDOWS\System32\Wbem;C:\WINDOWS\System32\WindowsPowerShell\v1.0\;C:\WINDOWS\System32\OpenSSH\;C:\Program Files\Git\cmd;C:\xampp\php;C:\composer;C:\Program Files\Microsoft SQL Server\Client SDK\ODBC\170\Tools\Binn\;C:\Program Files (x86)\Microsoft SQL Server\150\Tools\Binn\;C:\Program Files\Microsoft SQL Server\150\Tools\Binn\;C:\Program Files\Microsoft SQL Server\150\DTS\Binn\;C:\Program Files\Azure Data Studio\bin;C:\Program Files (x86)\Microsoft SQL Server\150\DTS\Binn\;D:\nodejs\;C:\Program Files\Microsoft SQL Server\130\Tools\Binn\;C:\Users\MINH PHAT\AppData\Local\Microsoft\WindowsApps;C:\Users\MINH PHAT\AppData\Roaming\Composer\vendor\bin;C:\Users\MINH PHAT\AppData\Local\Programs\Microsoft VS Code\bin;C:\Program Files\Azure Data Studio\bin;C:\Program Files\Azure Data Studio\bin;C:\Program Files\Azure Data Studio\bin;C:\Users\MINH PHAT\AppData\Roaming\npm
USERNAME=MINH PHAT
OS=Windows_NT
PROCESSOR_IDENTIFIER=Intel64 Family 6 Model 142 Stepping 12, GenuineIntel



---------------  S Y S T E M  ---------------

OS: Windows 10 , 64 bit Build 19041 (10.0.19041.1889)
OS uptime: 7 days 22:50 hours
Hyper-V role detected

CPU:total 8 (initial active 8) (4 cores per cpu, 2 threads per core) family 6 model 142 stepping 12 microcode 0xb8, cmov, cx8, fxsr, mmx, sse, sse2, sse3, ssse3, sse4.1, sse4.2, popcnt, avx, avx2, aes, clmul, erms, 3dnowpref, lzcnt, ht, tsc, tscinvbit, bmi1, bmi2, adx, fma

Memory: 4k page, system-wide physical 7967M (468M free)
TotalPageFile size 16159M (AvailPageFile size 5M)
current process WorkingSet (physical memory assigned to process): 158M, peak: 161M
current process commit charge ("private bytes"): 268M, peak: 271M

vm_info: OpenJDK 64-Bit Server VM (11.0.13+0-b1751.21-8125866) for windows-amd64 JRE (11.0.13+0-b1751.21-8125866), built on Feb  2 2022 03:00:22 by "builder" with MS VC++ 14.0 (VS2015)

END.
